[[1;34mINFO[m] Scanning for projects...
[[1;33mWARNING[m] 
[[1;33mWARNING[m] Some problems were encountered while building the effective model for org.asynchttpclient:async-http-client-bom:pom:2.12.3
[[1;33mWARNING[m] 'build.plugins.plugin.(groupId:artifactId)' must be unique but found duplicate declaration of plugin org.apache.maven.plugins:maven-surefire-plugin @ org.asynchttpclient:async-http-client-project:2.12.3, /media/ISSTA_USER/extradrive1/toga-eval-issta-2023/oct172022/toga-eval-issta-2023/evosuite-artifacts/async-http-client/pom.xml, line 242, column 15
[[1;33mWARNING[m] 
[[1;33mWARNING[m] Some problems were encountered while building the effective model for org.asynchttpclient:async-http-client-project:pom:2.12.3
[[1;33mWARNING[m] 'build.plugins.plugin.(groupId:artifactId)' must be unique but found duplicate declaration of plugin org.apache.maven.plugins:maven-surefire-plugin @ line 242, column 15
[[1;33mWARNING[m] 
[[1;33mWARNING[m] It is highly recommended to fix these problems because they threaten the stability of your build.
[[1;33mWARNING[m] 
[[1;33mWARNING[m] For this reason, future Maven versions might no longer support building such malformed projects.
[[1;33mWARNING[m] 
[[1;34mINFO[m] [1m------------------------------------------------------------------------[m
[[1;34mINFO[m] [1mReactor Build Order:[m
[[1;34mINFO[m] 
[[1;34mINFO[m] Asynchronous Http Client Project                                   [pom]
[[1;34mINFO[m] Asynchronous Http Client Bill of Materials (BOM)                   [pom]
[[1;34mINFO[m] Asynchronous Http Client Netty Utils                               [jar]
[[1;34mINFO[m] Asynchronous Http Client                                           [jar]
[[1;34mINFO[m] Asynchronous Http Client Extras Parent                             [pom]
[[1;34mINFO[m] Asynchronous Http Client Guava Extras                              [jar]
[[1;34mINFO[m] Asynchronous Http Client JDeferred Extras                          [jar]
[[1;34mINFO[m] Asynchronous Http Client Registry Extras                           [jar]
[[1;34mINFO[m] Asynchronous Http Client RxJava Extras                             [jar]
[[1;34mINFO[m] Asynchronous Http Client RxJava2 Extras                            [jar]
[[1;34mINFO[m] Asynchronous Http Simple Client                                    [jar]
[[1;34mINFO[m] Asynchronous Http Client Retrofit2 Extras                          [jar]
[[1;34mINFO[m] Asynchronous Http Client Typesafe Config Extras                    [jar]
[[1;34mINFO[m] Asynchronous Http Client Example                                   [jar]
[[1;34mINFO[m] 
[[1;34mINFO[m] [1m-----------< [0;36morg.asynchttpclient:async-http-client-project[0;1m >------------[m
[[1;34mINFO[m] [1mBuilding Asynchronous Http Client Project 2.12.3                  [1/14][m
[[1;34mINFO[m] [1m--------------------------------[ pom ]---------------------------------[m
[[1;34mINFO[m] 
[[1;34mINFO[m] [1m--- [0;32mmaven-clean-plugin:2.5:clean[m [1m(default-clean)[m @ [36masync-http-client-project[0;1m ---[m
[[1;34mINFO[m] 
[[1;34mINFO[m] [1m--- [0;32mmaven-enforcer-plugin:1.4.1:enforce[m [1m(enforce-versions)[m @ [36masync-http-client-project[0;1m ---[m
[[1;34mINFO[m] 
[[1;34mINFO[m] [1m--- [0;32mevosuite-maven-plugin:1.0.6:prepare[m [1m(default)[m @ [36masync-http-client-project[0;1m ---[m
[[1;34mINFO[m] Preparing EvoSuite tests for execution
[[1;34mINFO[m] Analyzing test folder: /media/ISSTA_USER/extradrive1/toga-eval-issta-2023/oct172022/toga-eval-issta-2023/evosuite-artifacts/async-http-client/target/test-classes
[[1;33mWARNING[m] Target folder for compiled tests does not exist: /media/ISSTA_USER/extradrive1/toga-eval-issta-2023/oct172022/toga-eval-issta-2023/evosuite-artifacts/async-http-client/target/test-classes
[[1;34mINFO[m] 
[[1;34mINFO[m] [1m-------------< [0;36morg.asynchttpclient:async-http-client-bom[0;1m >--------------[m
[[1;34mINFO[m] [1mBuilding Asynchronous Http Client Bill of Materials (BOM) 2.12.3  [2/14][m
[[1;34mINFO[m] [1m--------------------------------[ pom ]---------------------------------[m
[[1;34mINFO[m] 
[[1;34mINFO[m] [1m--- [0;32mmaven-clean-plugin:2.5:clean[m [1m(default-clean)[m @ [36masync-http-client-bom[0;1m ---[m
[[1;34mINFO[m] 
[[1;34mINFO[m] [1m--- [0;32mmaven-enforcer-plugin:1.4.1:enforce[m [1m(enforce-versions)[m @ [36masync-http-client-bom[0;1m ---[m
[[1;34mINFO[m] 
[[1;34mINFO[m] [1m--- [0;32mflatten-maven-plugin:1.1.0:flatten[m [1m(flatten)[m @ [36masync-http-client-bom[0;1m ---[m
[[1;34mINFO[m] Generating flattened POM of project org.asynchttpclient:async-http-client-bom:pom:2.12.3...
[[1;34mINFO[m] 
[[1;34mINFO[m] [1m--- [0;32mevosuite-maven-plugin:1.0.6:prepare[m [1m(default)[m @ [36masync-http-client-bom[0;1m ---[m
[[1;34mINFO[m] Preparing EvoSuite tests for execution
[[1;34mINFO[m] Analyzing test folder: /media/ISSTA_USER/extradrive1/toga-eval-issta-2023/oct172022/toga-eval-issta-2023/evosuite-artifacts/async-http-client/bom/target/test-classes
[[1;33mWARNING[m] Target folder for compiled tests does not exist: /media/ISSTA_USER/extradrive1/toga-eval-issta-2023/oct172022/toga-eval-issta-2023/evosuite-artifacts/async-http-client/bom/target/test-classes
[[1;34mINFO[m] 
[[1;34mINFO[m] [1m---------< [0;36morg.asynchttpclient:async-http-client-netty-utils[0;1m >----------[m
[[1;34mINFO[m] [1mBuilding Asynchronous Http Client Netty Utils 2.12.3              [3/14][m
[[1;34mINFO[m] [1m--------------------------------[ jar ]---------------------------------[m
[[1;34mINFO[m] 
[[1;34mINFO[m] [1m--- [0;32mmaven-clean-plugin:2.5:clean[m [1m(default-clean)[m @ [36masync-http-client-netty-utils[0;1m ---[m
[[1;34mINFO[m] Deleting /media/ISSTA_USER/extradrive1/toga-eval-issta-2023/oct172022/toga-eval-issta-2023/evosuite-artifacts/async-http-client/netty-utils/target
[[1;34mINFO[m] 
[[1;34mINFO[m] [1m--- [0;32mmaven-enforcer-plugin:1.4.1:enforce[m [1m(enforce-versions)[m @ [36masync-http-client-netty-utils[0;1m ---[m
[[1;34mINFO[m] 
[[1;34mINFO[m] [1m--- [0;32mmaven-resources-plugin:3.0.2:resources[m [1m(default-resources)[m @ [36masync-http-client-netty-utils[0;1m ---[m
[[1;34mINFO[m] Using 'UTF-8' encoding to copy filtered resources.
[[1;34mINFO[m] skip non existing resourceDirectory /media/ISSTA_USER/extradrive1/toga-eval-issta-2023/oct172022/toga-eval-issta-2023/evosuite-artifacts/async-http-client/netty-utils/src/main/resources
[[1;34mINFO[m] 
[[1;34mINFO[m] [1m--- [0;32mmaven-compiler-plugin:3.6.1:compile[m [1m(default-compile)[m @ [36masync-http-client-netty-utils[0;1m ---[m
[[1;34mINFO[m] Changes detected - recompiling the module!
[[1;34mINFO[m] Compiling 2 source files to /media/ISSTA_USER/extradrive1/toga-eval-issta-2023/oct172022/toga-eval-issta-2023/evosuite-artifacts/async-http-client/netty-utils/target/classes
[[1;34mINFO[m] 
[[1;34mINFO[m] [1m--- [0;32mmaven-resources-plugin:3.0.2:testResources[m [1m(default-testResources)[m @ [36masync-http-client-netty-utils[0;1m ---[m
[[1;34mINFO[m] Using 'UTF-8' encoding to copy filtered resources.
[[1;34mINFO[m] skip non existing resourceDirectory /media/ISSTA_USER/extradrive1/toga-eval-issta-2023/oct172022/toga-eval-issta-2023/evosuite-artifacts/async-http-client/netty-utils/src/test/resources
[[1;34mINFO[m] 
[[1;34mINFO[m] [1m--- [0;32mmaven-compiler-plugin:3.6.1:testCompile[m [1m(default-testCompile)[m @ [36masync-http-client-netty-utils[0;1m ---[m
[[1;34mINFO[m] Nothing to compile - all classes are up to date
[[1;34mINFO[m] 
[[1;34mINFO[m] [1m--- [0;32mevosuite-maven-plugin:1.0.6:prepare[m [1m(default)[m @ [36masync-http-client-netty-utils[0;1m ---[m
[[1;34mINFO[m] Preparing EvoSuite tests for execution
[[1;34mINFO[m] Analyzing test folder: /media/ISSTA_USER/extradrive1/toga-eval-issta-2023/oct172022/toga-eval-issta-2023/evosuite-artifacts/async-http-client/netty-utils/target/test-classes
[[1;33mWARNING[m] Target folder for compiled tests does not exist: /media/ISSTA_USER/extradrive1/toga-eval-issta-2023/oct172022/toga-eval-issta-2023/evosuite-artifacts/async-http-client/netty-utils/target/test-classes
[[1;34mINFO[m] 
[[1;34mINFO[m] [1m--- [0;32mmaven-surefire-plugin:2.17:test[m [1m(default-test)[m @ [36masync-http-client-netty-utils[0;1m ---[m
[[1;34mINFO[m] No tests to run.
[[1;34mINFO[m] 
[[1;34mINFO[m] [1m---------------< [0;36morg.asynchttpclient:async-http-client[0;1m >----------------[m
[[1;34mINFO[m] [1mBuilding Asynchronous Http Client 2.12.3                          [4/14][m
[[1;34mINFO[m] [1m--------------------------------[ jar ]---------------------------------[m
[[1;34mINFO[m] 
[[1;34mINFO[m] [1m--- [0;32mmaven-clean-plugin:2.5:clean[m [1m(default-clean)[m @ [36masync-http-client[0;1m ---[m
[[1;34mINFO[m] Deleting /media/ISSTA_USER/extradrive1/toga-eval-issta-2023/oct172022/toga-eval-issta-2023/evosuite-artifacts/async-http-client/client/target
[[1;34mINFO[m] 
[[1;34mINFO[m] [1m--- [0;32mmaven-enforcer-plugin:1.4.1:enforce[m [1m(enforce-versions)[m @ [36masync-http-client[0;1m ---[m
[[1;34mINFO[m] 
[[1;34mINFO[m] [1m--- [0;32mmaven-resources-plugin:3.0.2:resources[m [1m(default-resources)[m @ [36masync-http-client[0;1m ---[m
[[1;34mINFO[m] Using 'UTF-8' encoding to copy filtered resources.
[[1;34mINFO[m] Copying 3 resources
[[1;34mINFO[m] 
[[1;34mINFO[m] [1m--- [0;32mmaven-compiler-plugin:3.6.1:compile[m [1m(default-compile)[m @ [36masync-http-client[0;1m ---[m
[[1;34mINFO[m] Changes detected - recompiling the module!
[[1;34mINFO[m] Compiling 192 source files to /media/ISSTA_USER/extradrive1/toga-eval-issta-2023/oct172022/toga-eval-issta-2023/evosuite-artifacts/async-http-client/client/target/classes
[[1;34mINFO[m] /media/ISSTA_USER/extradrive1/toga-eval-issta-2023/oct172022/toga-eval-issta-2023/evosuite-artifacts/async-http-client/client/src/main/java/org/asynchttpclient/netty/request/body/BodyFileRegion.java: /media/ISSTA_USER/extradrive1/toga-eval-issta-2023/oct172022/toga-eval-issta-2023/evosuite-artifacts/async-http-client/client/src/main/java/org/asynchttpclient/netty/request/body/BodyFileRegion.java uses or overrides a deprecated API.
[[1;34mINFO[m] /media/ISSTA_USER/extradrive1/toga-eval-issta-2023/oct172022/toga-eval-issta-2023/evosuite-artifacts/async-http-client/client/src/main/java/org/asynchttpclient/netty/request/body/BodyFileRegion.java: Recompile with -Xlint:deprecation for details.
[[1;34mINFO[m] 
[[1;34mINFO[m] [1m--- [0;32mmaven-resources-plugin:3.0.2:testResources[m [1m(default-testResources)[m @ [36masync-http-client[0;1m ---[m
[[1;34mINFO[m] Using 'UTF-8' encoding to copy filtered resources.
[[1;34mINFO[m] Copying 14 resources
[[1;34mINFO[m] 
[[1;34mINFO[m] [1m--- [0;32mmaven-compiler-plugin:3.6.1:testCompile[m [1m(default-testCompile)[m @ [36masync-http-client[0;1m ---[m
[[1;34mINFO[m] Changes detected - recompiling the module!
[[1;34mINFO[m] Compiling 212 source files to /media/ISSTA_USER/extradrive1/toga-eval-issta-2023/oct172022/toga-eval-issta-2023/evosuite-artifacts/async-http-client/client/target/test-classes
[[1;34mINFO[m] /media/ISSTA_USER/extradrive1/toga-eval-issta-2023/oct172022/toga-eval-issta-2023/evosuite-artifacts/async-http-client/client/src/test/java/org/asynchttpclient/RequestBuilder_ESTest.java: Some input files use or override a deprecated API.
[[1;34mINFO[m] /media/ISSTA_USER/extradrive1/toga-eval-issta-2023/oct172022/toga-eval-issta-2023/evosuite-artifacts/async-http-client/client/src/test/java/org/asynchttpclient/RequestBuilder_ESTest.java: Recompile with -Xlint:deprecation for details.
[[1;34mINFO[m] /media/ISSTA_USER/extradrive1/toga-eval-issta-2023/oct172022/toga-eval-issta-2023/evosuite-artifacts/async-http-client/client/src/test/java/org/asynchttpclient/netty/handler/intercept/Continue100Interceptor_ESTest.java: Some input files use unchecked or unsafe operations.
[[1;34mINFO[m] /media/ISSTA_USER/extradrive1/toga-eval-issta-2023/oct172022/toga-eval-issta-2023/evosuite-artifacts/async-http-client/client/src/test/java/org/asynchttpclient/netty/handler/intercept/Continue100Interceptor_ESTest.java: Recompile with -Xlint:unchecked for details.
[[1;34mINFO[m] 
[[1;34mINFO[m] [1m--- [0;32mevosuite-maven-plugin:1.0.6:prepare[m [1m(default)[m @ [36masync-http-client[0;1m ---[m
[[1;34mINFO[m] Preparing EvoSuite tests for execution
[[1;34mINFO[m] Analyzing test folder: /media/ISSTA_USER/extradrive1/toga-eval-issta-2023/oct172022/toga-eval-issta-2023/evosuite-artifacts/async-http-client/client/target/test-classes
[[1;34mINFO[m] Found 106 EvoSuite scaffolding files
[[1;34mINFO[m] 
[[1;34mINFO[m] [1m--- [0;32mmaven-surefire-plugin:2.17:test[m [1m(default-test)[m @ [36masync-http-client[0;1m ---[m
[[1;34mINFO[m] Surefire report directory: /media/ISSTA_USER/extradrive1/toga-eval-issta-2023/oct172022/toga-eval-issta-2023/evosuite-artifacts/async-http-client/client/target/surefire-reports

-------------------------------------------------------
 T E S T S
-------------------------------------------------------
OpenJDK 64-Bit Server VM warning: You have loaded library /tmp/libnetty_transport_native_epoll_x86_649053019296153856434.so which might have disabled stack guard. The VM will try to fix the stack guard now.
It's highly recommended that you fix the library with 'execstack -c <libfile>', or link it with '-z noexecstack'.
Running org.asynchttpclient.uri.UriParser_ESTest
Tests run: 26, Failures: 1, Errors: 0, Skipped: 0, Time elapsed: 0.652 sec <<< FAILURE! - in org.asynchttpclient.uri.UriParser_ESTest
test6(org.asynchttpclient.uri.UriParser_ESTest)  Time elapsed: 0.004 sec  <<< FAILURE!
java.lang.AssertionError: expected:<0> but was:<80>
	at org.junit.Assert.fail(Assert.java:88)
	at org.junit.Assert.failNotEquals(Assert.java:834)
	at org.junit.Assert.assertEquals(Assert.java:645)
	at org.junit.Assert.assertEquals(Assert.java:631)
	at org.asynchttpclient.uri.UriParser_ESTest.test6(UriParser_ESTest.java:87)

Running org.asynchttpclient.uri.Uri_ESTest
Tests run: 671, Failures: 112, Errors: 2, Skipped: 0, Time elapsed: 0.324 sec <<< FAILURE! - in org.asynchttpclient.uri.Uri_ESTest
test611(org.asynchttpclient.uri.Uri_ESTest)  Time elapsed: 0.001 sec  <<< FAILURE!
java.lang.AssertionError: expected:<1> but was:<443>
	at org.junit.Assert.fail(Assert.java:88)
	at org.junit.Assert.failNotEquals(Assert.java:834)
	at org.junit.Assert.assertEquals(Assert.java:645)
	at org.junit.Assert.assertEquals(Assert.java:631)
	at org.asynchttpclient.uri.Uri_ESTest.test611(Uri_ESTest.java:4023)

test622(org.asynchttpclient.uri.Uri_ESTest)  Time elapsed: 0 sec  <<< FAILURE!
java.lang.AssertionError: null
	at org.junit.Assert.fail(Assert.java:86)
	at org.junit.Assert.assertTrue(Assert.java:41)
	at org.junit.Assert.assertTrue(Assert.java:52)
	at org.asynchttpclient.uri.Uri_ESTest.test622(Uri_ESTest.java:4089)

test624(org.asynchttpclient.uri.Uri_ESTest)  Time elapsed: 0.002 sec  <<< FAILURE!
java.lang.AssertionError: null
	at org.junit.Assert.fail(Assert.java:86)
	at org.junit.Assert.assertTrue(Assert.java:41)
	at org.junit.Assert.assertTrue(Assert.java:52)
	at org.asynchttpclient.uri.Uri_ESTest.test624(Uri_ESTest.java:4101)

test621(org.asynchttpclient.uri.Uri_ESTest)  Time elapsed: 0.001 sec  <<< FAILURE!
java.lang.AssertionError: null
	at org.junit.Assert.fail(Assert.java:86)
	at org.junit.Assert.assertTrue(Assert.java:41)
	at org.junit.Assert.assertTrue(Assert.java:52)
	at org.asynchttpclient.uri.Uri_ESTest.test621(Uri_ESTest.java:4083)

test626(org.asynchttpclient.uri.Uri_ESTest)  Time elapsed: 0.001 sec  <<< FAILURE!
java.lang.AssertionError: null
	at org.junit.Assert.fail(Assert.java:86)
	at org.junit.Assert.assertTrue(Assert.java:41)
	at org.junit.Assert.assertTrue(Assert.java:52)
	at org.asynchttpclient.uri.Uri_ESTest.test626(Uri_ESTest.java:4113)

test512(org.asynchttpclient.uri.Uri_ESTest)  Time elapsed: 0.001 sec  <<< FAILURE!
java.lang.AssertionError: expected:<0> but was:<-2084441645>
	at org.junit.Assert.fail(Assert.java:88)
	at org.junit.Assert.failNotEquals(Assert.java:834)
	at org.junit.Assert.assertEquals(Assert.java:645)
	at org.junit.Assert.assertEquals(Assert.java:631)
	at org.asynchttpclient.uri.Uri_ESTest.test512(Uri_ESTest.java:3381)

test635(org.asynchttpclient.uri.Uri_ESTest)  Time elapsed: 0.001 sec  <<< FAILURE!
java.lang.AssertionError: expected:<0> but was:<80>
	at org.junit.Assert.fail(Assert.java:88)
	at org.junit.Assert.failNotEquals(Assert.java:834)
	at org.junit.Assert.assertEquals(Assert.java:645)
	at org.junit.Assert.assertEquals(Assert.java:631)
	at org.asynchttpclient.uri.Uri_ESTest.test635(Uri_ESTest.java:4182)

test511(org.asynchttpclient.uri.Uri_ESTest)  Time elapsed: 0 sec  <<< FAILURE!
java.lang.AssertionError: null
	at org.junit.Assert.fail(Assert.java:86)
	at org.junit.Assert.assertTrue(Assert.java:41)
	at org.junit.Assert.assertTrue(Assert.java:52)
	at org.asynchttpclient.uri.Uri_ESTest.test511(Uri_ESTest.java:3375)

test637(org.asynchttpclient.uri.Uri_ESTest)  Time elapsed: 0.001 sec  <<< FAILURE!
java.lang.AssertionError: null
	at org.junit.Assert.fail(Assert.java:86)
	at org.junit.Assert.assertTrue(Assert.java:41)
	at org.junit.Assert.assertTrue(Assert.java:52)
	at org.asynchttpclient.uri.Uri_ESTest.test637(Uri_ESTest.java:4196)

test402(org.asynchttpclient.uri.Uri_ESTest)  Time elapsed: 0.001 sec  <<< FAILURE!
java.lang.AssertionError: expected:<0> but was:<-1073741822>
	at org.junit.Assert.fail(Assert.java:88)
	at org.junit.Assert.failNotEquals(Assert.java:834)
	at org.junit.Assert.assertEquals(Assert.java:645)
	at org.junit.Assert.assertEquals(Assert.java:631)
	at org.asynchttpclient.uri.Uri_ESTest.test402(Uri_ESTest.java:2592)

test402(org.asynchttpclient.uri.Uri_ESTest)  Time elapsed: 0.003 sec  <<< ERROR!
java.lang.NullPointerException: null
	at org.evosuite.runtime.sandbox.PermissionStatistics.permissionAllowed(PermissionStatistics.java:144)
	at org.evosuite.runtime.sandbox.MSecurityManager.checkPermission(MSecurityManager.java:455)
	at java.util.Locale.setDefault(Locale.java:974)
	at java.util.Locale.setDefault(Locale.java:934)
	at org.evosuite.runtime.mock.java.util.MockLocale.reset(MockLocale.java:33)
	at org.evosuite.runtime.Runtime.resetRuntime(Runtime.java:85)
	at org.evosuite.runtime.classhandling.ClassResetter.reset(ClassResetter.java:149)
	at org.evosuite.runtime.classhandling.ClassStateSupport.resetClasses(ClassStateSupport.java:135)
	at org.asynchttpclient.uri.Uri_ESTest_scaffolding.resetClasses(Uri_ESTest_scaffolding.java:99)
	at org.asynchttpclient.uri.Uri_ESTest_scaffolding.doneWithTestCase(Uri_ESTest_scaffolding.java:66)
	at sun.reflect.GeneratedMethodAccessor27.invoke(Unknown Source)
	at sun.reflect.DelegatingMethodAccessorImpl.invoke(DelegatingMethodAccessorImpl.java:43)
	at java.lang.reflect.Method.invoke(Method.java:498)
	at org.junit.runners.model.FrameworkMethod$1.runReflectiveCall(FrameworkMethod.java:50)
	at org.junit.internal.runners.model.ReflectiveCallable.run(ReflectiveCallable.java:12)
	at org.junit.runners.model.FrameworkMethod.invokeExplosively(FrameworkMethod.java:47)
	at org.junit.internal.runners.statements.RunAfters.evaluate(RunAfters.java:33)
	at org.evosuite.runtime.vnet.NonFunctionalRequirementRule$1.evaluate(NonFunctionalRequirementRule.java:41)
	at org.junit.rules.RunRules.evaluate(RunRules.java:20)
	at org.junit.runners.ParentRunner.runLeaf(ParentRunner.java:325)
	at org.junit.runners.BlockJUnit4ClassRunner.runChild(BlockJUnit4ClassRunner.java:78)
	at org.junit.runners.BlockJUnit4ClassRunner.runChild(BlockJUnit4ClassRunner.java:57)
	at org.junit.runners.ParentRunner$3.run(ParentRunner.java:290)
	at org.junit.runners.ParentRunner$1.schedule(ParentRunner.java:71)
	at org.junit.runners.ParentRunner.runChildren(ParentRunner.java:288)
	at org.junit.runners.ParentRunner.access$000(ParentRunner.java:58)
	at org.junit.runners.ParentRunner$2.evaluate(ParentRunner.java:268)
	at org.junit.internal.runners.statements.RunBefores.evaluate(RunBefores.java:26)
	at org.junit.internal.runners.statements.RunAfters.evaluate(RunAfters.java:27)
	at org.junit.runners.ParentRunner.run(ParentRunner.java:363)
	at org.apache.maven.surefire.junit4.JUnit4Provider.execute(JUnit4Provider.java:264)
	at org.apache.maven.surefire.junit4.JUnit4Provider.executeTestSet(JUnit4Provider.java:153)
	at org.apache.maven.surefire.junit4.JUnit4Provider.invoke(JUnit4Provider.java:124)
	at org.apache.maven.surefire.booter.ForkedBooter.invokeProviderInSameClassLoader(ForkedBooter.java:200)
	at org.apache.maven.surefire.booter.ForkedBooter.runSuitesInProcess(ForkedBooter.java:153)
	at org.apache.maven.surefire.booter.ForkedBooter.main(ForkedBooter.java:103)

test523(org.asynchttpclient.uri.Uri_ESTest)  Time elapsed: 0.001 sec  <<< ERROR!
java.lang.IllegalStateException: Trying to set up the sandbox while executing a test case
	at org.evosuite.runtime.sandbox.MSecurityManager.goingToExecuteTestCase(MSecurityManager.java:348)
	at org.evosuite.runtime.sandbox.Sandbox.goingToExecuteSUTCode(Sandbox.java:130)
	at org.asynchttpclient.uri.Uri_ESTest_scaffolding.initTestCase(Uri_ESTest_scaffolding.java:54)
	at sun.reflect.GeneratedMethodAccessor26.invoke(Unknown Source)
	at sun.reflect.DelegatingMethodAccessorImpl.invoke(DelegatingMethodAccessorImpl.java:43)
	at java.lang.reflect.Method.invoke(Method.java:498)
	at org.junit.runners.model.FrameworkMethod$1.runReflectiveCall(FrameworkMethod.java:50)
	at org.junit.internal.runners.model.ReflectiveCallable.run(ReflectiveCallable.java:12)
	at org.junit.runners.model.FrameworkMethod.invokeExplosively(FrameworkMethod.java:47)
	at org.junit.internal.runners.statements.RunBefores.evaluate(RunBefores.java:24)
	at org.junit.internal.runners.statements.RunAfters.evaluate(RunAfters.java:27)
	at org.evosuite.runtime.vnet.NonFunctionalRequirementRule$1.evaluate(NonFunctionalRequirementRule.java:41)
	at org.junit.rules.RunRules.evaluate(RunRules.java:20)
	at org.junit.runners.ParentRunner.runLeaf(ParentRunner.java:325)
	at org.junit.runners.BlockJUnit4ClassRunner.runChild(BlockJUnit4ClassRunner.java:78)
	at org.junit.runners.BlockJUnit4ClassRunner.runChild(BlockJUnit4ClassRunner.java:57)
	at org.junit.runners.ParentRunner$3.run(ParentRunner.java:290)
	at org.junit.runners.ParentRunner$1.schedule(ParentRunner.java:71)
	at org.junit.runners.ParentRunner.runChildren(ParentRunner.java:288)
	at org.junit.runners.ParentRunner.access$000(ParentRunner.java:58)
	at org.junit.runners.ParentRunner$2.evaluate(ParentRunner.java:268)
	at org.junit.internal.runners.statements.RunBefores.evaluate(RunBefores.java:26)
	at org.junit.internal.runners.statements.RunAfters.evaluate(RunAfters.java:27)
	at org.junit.runners.ParentRunner.run(ParentRunner.java:363)
	at org.apache.maven.surefire.junit4.JUnit4Provider.execute(JUnit4Provider.java:264)
	at org.apache.maven.surefire.junit4.JUnit4Provider.executeTestSet(JUnit4Provider.java:153)
	at org.apache.maven.surefire.junit4.JUnit4Provider.invoke(JUnit4Provider.java:124)
	at org.apache.maven.surefire.booter.ForkedBooter.invokeProviderInSameClassLoader(ForkedBooter.java:200)
	at org.apache.maven.surefire.booter.ForkedBooter.runSuitesInProcess(ForkedBooter.java:153)
	at org.apache.maven.surefire.booter.ForkedBooter.main(ForkedBooter.java:103)

test525(org.asynchttpclient.uri.Uri_ESTest)  Time elapsed: 0.001 sec  <<< FAILURE!
java.lang.AssertionError: expected:<0> but was:<80>
	at org.junit.Assert.fail(Assert.java:88)
	at org.junit.Assert.failNotEquals(Assert.java:834)
	at org.junit.Assert.assertEquals(Assert.java:645)
	at org.junit.Assert.assertEquals(Assert.java:631)
	at org.asynchttpclient.uri.Uri_ESTest.test525(Uri_ESTest.java:3465)

test520(org.asynchttpclient.uri.Uri_ESTest)  Time elapsed: 0.001 sec  <<< FAILURE!
java.lang.AssertionError: expected:<0> but was:<-1073741822>
	at org.junit.Assert.fail(Assert.java:88)
	at org.junit.Assert.failNotEquals(Assert.java:834)
	at org.junit.Assert.assertEquals(Assert.java:645)
	at org.junit.Assert.assertEquals(Assert.java:631)
	at org.asynchttpclient.uri.Uri_ESTest.test520(Uri_ESTest.java:3429)

test521(org.asynchttpclient.uri.Uri_ESTest)  Time elapsed: 0.001 sec  <<< FAILURE!
java.lang.AssertionError: null
	at org.junit.Assert.fail(Assert.java:86)
	at org.junit.Assert.assertTrue(Assert.java:41)
	at org.junit.Assert.assertTrue(Assert.java:52)
	at org.asynchttpclient.uri.Uri_ESTest.test521(Uri_ESTest.java:3435)

test650(org.asynchttpclient.uri.Uri_ESTest)  Time elapsed: 0.001 sec  <<< FAILURE!
java.lang.AssertionError: null
	at org.junit.Assert.fail(Assert.java:86)
	at org.junit.Assert.assertTrue(Assert.java:41)
	at org.junit.Assert.assertTrue(Assert.java:52)
	at org.asynchttpclient.uri.Uri_ESTest.test650(Uri_ESTest.java:4282)

test656(org.asynchttpclient.uri.Uri_ESTest)  Time elapsed: 0.001 sec  <<< FAILURE!
java.lang.AssertionError: expected:<0> but was:<443>
	at org.junit.Assert.fail(Assert.java:88)
	at org.junit.Assert.failNotEquals(Assert.java:834)
	at org.junit.Assert.assertEquals(Assert.java:645)
	at org.junit.Assert.assertEquals(Assert.java:631)
	at org.asynchttpclient.uri.Uri_ESTest.test656(Uri_ESTest.java:4318)

test536(org.asynchttpclient.uri.Uri_ESTest)  Time elapsed: 0 sec  <<< FAILURE!
java.lang.AssertionError: expected:<0> but was:<1334>
	at org.junit.Assert.fail(Assert.java:88)
	at org.junit.Assert.failNotEquals(Assert.java:834)
	at org.junit.Assert.assertEquals(Assert.java:645)
	at org.junit.Assert.assertEquals(Assert.java:631)
	at org.asynchttpclient.uri.Uri_ESTest.test536(Uri_ESTest.java:3547)

test658(org.asynchttpclient.uri.Uri_ESTest)  Time elapsed: 0.001 sec  <<< FAILURE!
java.lang.AssertionError: expected:<0> but was:<13>
	at org.junit.Assert.fail(Assert.java:88)
	at org.junit.Assert.failNotEquals(Assert.java:834)
	at org.junit.Assert.assertEquals(Assert.java:645)
	at org.junit.Assert.assertEquals(Assert.java:631)
	at org.asynchttpclient.uri.Uri_ESTest.test658(Uri_ESTest.java:4330)

test411(org.asynchttpclient.uri.Uri_ESTest)  Time elapsed: 0.001 sec  <<< FAILURE!
java.lang.AssertionError: expected:<0> but was:<263>
	at org.junit.Assert.fail(Assert.java:88)
	at org.junit.Assert.failNotEquals(Assert.java:834)
	at org.junit.Assert.assertEquals(Assert.java:645)
	at org.junit.Assert.assertEquals(Assert.java:631)
	at org.asynchttpclient.uri.Uri_ESTest.test411(Uri_ESTest.java:2664)

test532(org.asynchttpclient.uri.Uri_ESTest)  Time elapsed: 0.001 sec  <<< FAILURE!
java.lang.AssertionError: expected:<0> but was:<-1073741822>
	at org.junit.Assert.fail(Assert.java:88)
	at org.junit.Assert.failNotEquals(Assert.java:834)
	at org.junit.Assert.assertEquals(Assert.java:645)
	at org.junit.Assert.assertEquals(Assert.java:631)
	at org.asynchttpclient.uri.Uri_ESTest.test532(Uri_ESTest.java:3521)

test533(org.asynchttpclient.uri.Uri_ESTest)  Time elapsed: 0.001 sec  <<< FAILURE!
java.lang.AssertionError: expected:<0> but was:<443>
	at org.junit.Assert.fail(Assert.java:88)
	at org.junit.Assert.failNotEquals(Assert.java:834)
	at org.junit.Assert.assertEquals(Assert.java:645)
	at org.junit.Assert.assertEquals(Assert.java:631)
	at org.asynchttpclient.uri.Uri_ESTest.test533(Uri_ESTest.java:3529)

test84(org.asynchttpclient.uri.Uri_ESTest)  Time elapsed: 0 sec  <<< FAILURE!
java.lang.AssertionError: expected:<1> but was:<0>
	at org.junit.Assert.fail(Assert.java:88)
	at org.junit.Assert.failNotEquals(Assert.java:834)
	at org.junit.Assert.assertEquals(Assert.java:645)
	at org.junit.Assert.assertEquals(Assert.java:631)
	at org.asynchttpclient.uri.Uri_ESTest.test84(Uri_ESTest.java:544)

test539(org.asynchttpclient.uri.Uri_ESTest)  Time elapsed: 0.001 sec  <<< FAILURE!
java.lang.AssertionError: null
	at org.junit.Assert.fail(Assert.java:86)
	at org.junit.Assert.assertTrue(Assert.java:41)
	at org.junit.Assert.assertTrue(Assert.java:52)
	at org.asynchttpclient.uri.Uri_ESTest.test539(Uri_ESTest.java:3565)

test303(org.asynchttpclient.uri.Uri_ESTest)  Time elapsed: 0.001 sec  <<< FAILURE!
java.lang.AssertionError: null
	at org.junit.Assert.fail(Assert.java:86)
	at org.junit.Assert.assertTrue(Assert.java:41)
	at org.junit.Assert.assertTrue(Assert.java:52)
	at org.asynchttpclient.uri.Uri_ESTest.test303(Uri_ESTest.java:1942)

test305(org.asynchttpclient.uri.Uri_ESTest)  Time elapsed: 0 sec  <<< FAILURE!
java.lang.AssertionError: expected:<0> but was:<-4>
	at org.junit.Assert.fail(Assert.java:88)
	at org.junit.Assert.failNotEquals(Assert.java:834)
	at org.junit.Assert.assertEquals(Assert.java:645)
	at org.junit.Assert.assertEquals(Assert.java:631)
	at org.asynchttpclient.uri.Uri_ESTest.test305(Uri_ESTest.java:1954)

test664(org.asynchttpclient.uri.Uri_ESTest)  Time elapsed: 0.001 sec  <<< FAILURE!
java.lang.AssertionError: expected:<1> but was:<80>
	at org.junit.Assert.fail(Assert.java:88)
	at org.junit.Assert.failNotEquals(Assert.java:834)
	at org.junit.Assert.assertEquals(Assert.java:645)
	at org.junit.Assert.assertEquals(Assert.java:631)
	at org.asynchttpclient.uri.Uri_ESTest.test664(Uri_ESTest.java:4373)

test94(org.asynchttpclient.uri.Uri_ESTest)  Time elapsed: 0.001 sec  <<< FAILURE!
java.lang.AssertionError: expected:<0> but was:<80>
	at org.junit.Assert.fail(Assert.java:88)
	at org.junit.Assert.failNotEquals(Assert.java:834)
	at org.junit.Assert.assertEquals(Assert.java:645)
	at org.junit.Assert.assertEquals(Assert.java:631)
	at org.asynchttpclient.uri.Uri_ESTest.test94(Uri_ESTest.java:604)

test95(org.asynchttpclient.uri.Uri_ESTest)  Time elapsed: 0.001 sec  <<< FAILURE!
java.lang.AssertionError: expected:<0> but was:<91>
	at org.junit.Assert.fail(Assert.java:88)
	at org.junit.Assert.failNotEquals(Assert.java:834)
	at org.junit.Assert.assertEquals(Assert.java:645)
	at org.junit.Assert.assertEquals(Assert.java:631)
	at org.asynchttpclient.uri.Uri_ESTest.test95(Uri_ESTest.java:610)

test429(org.asynchttpclient.uri.Uri_ESTest)  Time elapsed: 0 sec  <<< FAILURE!
java.lang.AssertionError: null
	at org.junit.Assert.fail(Assert.java:86)
	at org.junit.Assert.assertTrue(Assert.java:41)
	at org.junit.Assert.assertTrue(Assert.java:52)
	at org.asynchttpclient.uri.Uri_ESTest.test429(Uri_ESTest.java:2806)

test97(org.asynchttpclient.uri.Uri_ESTest)  Time elapsed: 0 sec  <<< FAILURE!
java.lang.AssertionError: null
	at org.junit.Assert.fail(Assert.java:86)
	at org.junit.Assert.assertTrue(Assert.java:41)
	at org.junit.Assert.assertNotNull(Assert.java:712)
	at org.junit.Assert.assertNotNull(Assert.java:722)
	at org.asynchttpclient.uri.Uri_ESTest.test97(Uri_ESTest.java:624)

test438(org.asynchttpclient.uri.Uri_ESTest)  Time elapsed: 0 sec  <<< FAILURE!
java.lang.AssertionError: null
	at org.junit.Assert.fail(Assert.java:86)
	at org.junit.Assert.assertTrue(Assert.java:41)
	at org.junit.Assert.assertFalse(Assert.java:64)
	at org.junit.Assert.assertFalse(Assert.java:74)
	at org.asynchttpclient.uri.Uri_ESTest.test438(Uri_ESTest.java:2869)

test318(org.asynchttpclient.uri.Uri_ESTest)  Time elapsed: 0.001 sec  <<< FAILURE!
java.lang.AssertionError: null
	at org.junit.Assert.fail(Assert.java:86)
	at org.junit.Assert.assertTrue(Assert.java:41)
	at org.junit.Assert.assertNotNull(Assert.java:712)
	at org.junit.Assert.assertNotNull(Assert.java:722)
	at org.asynchttpclient.uri.Uri_ESTest.test318(Uri_ESTest.java:2032)

test562(org.asynchttpclient.uri.Uri_ESTest)  Time elapsed: 0.001 sec  <<< FAILURE!
java.lang.AssertionError: null
	at org.junit.Assert.fail(Assert.java:86)
	at org.junit.Assert.assertTrue(Assert.java:41)
	at org.junit.Assert.assertTrue(Assert.java:52)
	at org.asynchttpclient.uri.Uri_ESTest.test562(Uri_ESTest.java:3709)

test204(org.asynchttpclient.uri.Uri_ESTest)  Time elapsed: 0.001 sec  <<< FAILURE!
java.lang.AssertionError: expected:<0> but was:<11>
	at org.junit.Assert.fail(Assert.java:88)
	at org.junit.Assert.failNotEquals(Assert.java:834)
	at org.junit.Assert.assertEquals(Assert.java:645)
	at org.junit.Assert.assertEquals(Assert.java:631)
	at org.asynchttpclient.uri.Uri_ESTest.test204(Uri_ESTest.java:1253)

test569(org.asynchttpclient.uri.Uri_ESTest)  Time elapsed: 0.001 sec  <<< FAILURE!
java.lang.AssertionError: null
	at org.junit.Assert.fail(Assert.java:86)
	at org.junit.Assert.assertTrue(Assert.java:41)
	at org.junit.Assert.assertTrue(Assert.java:52)
	at org.asynchttpclient.uri.Uri_ESTest.test569(Uri_ESTest.java:3758)

test200(org.asynchttpclient.uri.Uri_ESTest)  Time elapsed: 0.001 sec  <<< FAILURE!
java.lang.AssertionError: null
	at org.junit.Assert.fail(Assert.java:86)
	at org.junit.Assert.assertTrue(Assert.java:41)
	at org.junit.Assert.assertTrue(Assert.java:52)
	at org.asynchttpclient.uri.Uri_ESTest.test200(Uri_ESTest.java:1233)

test442(org.asynchttpclient.uri.Uri_ESTest)  Time elapsed: 0 sec  <<< FAILURE!
java.lang.AssertionError: expected:<0> but was:<1951>
	at org.junit.Assert.fail(Assert.java:88)
	at org.junit.Assert.failNotEquals(Assert.java:834)
	at org.junit.Assert.assertEquals(Assert.java:645)
	at org.junit.Assert.assertEquals(Assert.java:631)
	at org.asynchttpclient.uri.Uri_ESTest.test442(Uri_ESTest.java:2897)

test323(org.asynchttpclient.uri.Uri_ESTest)  Time elapsed: 0 sec  <<< FAILURE!
java.lang.AssertionError: expected:<1> but was:<80>
	at org.junit.Assert.fail(Assert.java:88)
	at org.junit.Assert.failNotEquals(Assert.java:834)
	at org.junit.Assert.assertEquals(Assert.java:645)
	at org.junit.Assert.assertEquals(Assert.java:631)
	at org.asynchttpclient.uri.Uri_ESTest.test323(Uri_ESTest.java:2062)

test330(org.asynchttpclient.uri.Uri_ESTest)  Time elapsed: 0.001 sec  <<< FAILURE!
java.lang.AssertionError: expected:<0> but was:<80>
	at org.junit.Assert.fail(Assert.java:88)
	at org.junit.Assert.failNotEquals(Assert.java:834)
	at org.junit.Assert.assertEquals(Assert.java:645)
	at org.junit.Assert.assertEquals(Assert.java:631)
	at org.asynchttpclient.uri.Uri_ESTest.test330(Uri_ESTest.java:2104)

test452(org.asynchttpclient.uri.Uri_ESTest)  Time elapsed: 0 sec  <<< FAILURE!
java.lang.AssertionError: expected:<0> but was:<-1073741822>
	at org.junit.Assert.fail(Assert.java:88)
	at org.junit.Assert.failNotEquals(Assert.java:834)
	at org.junit.Assert.assertEquals(Assert.java:645)
	at org.junit.Assert.assertEquals(Assert.java:631)
	at org.asynchttpclient.uri.Uri_ESTest.test452(Uri_ESTest.java:2977)

test40(org.asynchttpclient.uri.Uri_ESTest)  Time elapsed: 0 sec  <<< FAILURE!
java.lang.AssertionError: null
	at org.junit.Assert.fail(Assert.java:86)
	at org.junit.Assert.assertTrue(Assert.java:41)
	at org.junit.Assert.assertFalse(Assert.java:64)
	at org.junit.Assert.assertFalse(Assert.java:74)
	at org.asynchttpclient.uri.Uri_ESTest.test40(Uri_ESTest.java:275)

test47(org.asynchttpclient.uri.Uri_ESTest)  Time elapsed: 0.001 sec  <<< FAILURE!
java.lang.AssertionError: expected:<0> but was:<80>
	at org.junit.Assert.fail(Assert.java:88)
	at org.junit.Assert.failNotEquals(Assert.java:834)
	at org.junit.Assert.assertEquals(Assert.java:645)
	at org.junit.Assert.assertEquals(Assert.java:631)
	at org.asynchttpclient.uri.Uri_ESTest.test47(Uri_ESTest.java:320)

test43(org.asynchttpclient.uri.Uri_ESTest)  Time elapsed: 0 sec  <<< FAILURE!
java.lang.AssertionError: null
	at org.junit.Assert.fail(Assert.java:86)
	at org.junit.Assert.assertTrue(Assert.java:41)
	at org.junit.Assert.assertTrue(Assert.java:52)
	at org.asynchttpclient.uri.Uri_ESTest.test43(Uri_ESTest.java:293)

test42(org.asynchttpclient.uri.Uri_ESTest)  Time elapsed: 0.001 sec  <<< FAILURE!
java.lang.AssertionError: expected:<1> but was:<80>
	at org.junit.Assert.fail(Assert.java:88)
	at org.junit.Assert.failNotEquals(Assert.java:834)
	at org.junit.Assert.assertEquals(Assert.java:645)
	at org.junit.Assert.assertEquals(Assert.java:631)
	at org.asynchttpclient.uri.Uri_ESTest.test42(Uri_ESTest.java:287)

test53(org.asynchttpclient.uri.Uri_ESTest)  Time elapsed: 0 sec  <<< FAILURE!
java.lang.AssertionError: expected:<0> but was:<80>
	at org.junit.Assert.fail(Assert.java:88)
	at org.junit.Assert.failNotEquals(Assert.java:834)
	at org.junit.Assert.assertEquals(Assert.java:645)
	at org.junit.Assert.assertEquals(Assert.java:631)
	at org.asynchttpclient.uri.Uri_ESTest.test53(Uri_ESTest.java:358)

test56(org.asynchttpclient.uri.Uri_ESTest)  Time elapsed: 0.001 sec  <<< FAILURE!
java.lang.AssertionError: null
	at org.junit.Assert.fail(Assert.java:86)
	at org.junit.Assert.assertTrue(Assert.java:41)
	at org.junit.Assert.assertTrue(Assert.java:52)
	at org.asynchttpclient.uri.Uri_ESTest.test56(Uri_ESTest.java:376)

test68(org.asynchttpclient.uri.Uri_ESTest)  Time elapsed: 0 sec  <<< FAILURE!
java.lang.AssertionError: expected:<1> but was:<-2084441635>
	at org.junit.Assert.fail(Assert.java:88)
	at org.junit.Assert.failNotEquals(Assert.java:834)
	at org.junit.Assert.assertEquals(Assert.java:645)
	at org.junit.Assert.assertEquals(Assert.java:631)
	at org.asynchttpclient.uri.Uri_ESTest.test68(Uri_ESTest.java:448)

test64(org.asynchttpclient.uri.Uri_ESTest)  Time elapsed: 0 sec  <<< FAILURE!
java.lang.AssertionError: null
	at org.junit.Assert.fail(Assert.java:86)
	at org.junit.Assert.assertTrue(Assert.java:41)
	at org.junit.Assert.assertTrue(Assert.java:52)
	at org.asynchttpclient.uri.Uri_ESTest.test64(Uri_ESTest.java:424)

test79(org.asynchttpclient.uri.Uri_ESTest)  Time elapsed: 0 sec  <<< FAILURE!
java.lang.AssertionError: expected:<0> but was:<80>
	at org.junit.Assert.fail(Assert.java:88)
	at org.junit.Assert.failNotEquals(Assert.java:834)
	at org.junit.Assert.assertEquals(Assert.java:645)
	at org.junit.Assert.assertEquals(Assert.java:631)
	at org.asynchttpclient.uri.Uri_ESTest.test79(Uri_ESTest.java:514)

test13(org.asynchttpclient.uri.Uri_ESTest)  Time elapsed: 0.001 sec  <<< FAILURE!
java.lang.AssertionError: null
	at org.junit.Assert.fail(Assert.java:86)
	at org.junit.Assert.assertTrue(Assert.java:41)
	at org.junit.Assert.assertTrue(Assert.java:52)
	at org.asynchttpclient.uri.Uri_ESTest.test13(Uri_ESTest.java:113)

test18(org.asynchttpclient.uri.Uri_ESTest)  Time elapsed: 0.001 sec  <<< FAILURE!
java.lang.AssertionError: expected:<0> but was:<443>
	at org.junit.Assert.fail(Assert.java:88)
	at org.junit.Assert.failNotEquals(Assert.java:834)
	at org.junit.Assert.assertEquals(Assert.java:645)
	at org.junit.Assert.assertEquals(Assert.java:631)
	at org.asynchttpclient.uri.Uri_ESTest.test18(Uri_ESTest.java:143)

test24(org.asynchttpclient.uri.Uri_ESTest)  Time elapsed: 0.001 sec  <<< FAILURE!
java.lang.AssertionError: null
	at org.junit.Assert.fail(Assert.java:86)
	at org.junit.Assert.assertTrue(Assert.java:41)
	at org.junit.Assert.assertTrue(Assert.java:52)
	at org.asynchttpclient.uri.Uri_ESTest.test24(Uri_ESTest.java:179)

test604(org.asynchttpclient.uri.Uri_ESTest)  Time elapsed: 0.001 sec  <<< FAILURE!
java.lang.AssertionError: expected:<1> but was:<80>
	at org.junit.Assert.fail(Assert.java:88)
	at org.junit.Assert.failNotEquals(Assert.java:834)
	at org.junit.Assert.assertEquals(Assert.java:645)
	at org.junit.Assert.assertEquals(Assert.java:631)
	at org.asynchttpclient.uri.Uri_ESTest.test604(Uri_ESTest.java:3981)

test36(org.asynchttpclient.uri.Uri_ESTest)  Time elapsed: 0 sec  <<< FAILURE!
java.lang.AssertionError: expected:<0> but was:<512>
	at org.junit.Assert.fail(Assert.java:88)
	at org.junit.Assert.failNotEquals(Assert.java:834)
	at org.junit.Assert.assertEquals(Assert.java:645)
	at org.junit.Assert.assertEquals(Assert.java:631)
	at org.asynchttpclient.uri.Uri_ESTest.test36(Uri_ESTest.java:251)

test38(org.asynchttpclient.uri.Uri_ESTest)  Time elapsed: 0 sec  <<< FAILURE!
java.lang.AssertionError: expected:<0> but was:<512>
	at org.junit.Assert.fail(Assert.java:88)
	at org.junit.Assert.failNotEquals(Assert.java:834)
	at org.junit.Assert.assertEquals(Assert.java:645)
	at org.junit.Assert.assertEquals(Assert.java:631)
	at org.asynchttpclient.uri.Uri_ESTest.test38(Uri_ESTest.java:263)

test34(org.asynchttpclient.uri.Uri_ESTest)  Time elapsed: 0.001 sec  <<< FAILURE!
java.lang.AssertionError: null
	at org.junit.Assert.fail(Assert.java:86)
	at org.junit.Assert.assertTrue(Assert.java:41)
	at org.junit.Assert.assertTrue(Assert.java:52)
	at org.asynchttpclient.uri.Uri_ESTest.test34(Uri_ESTest.java:239)

test187(org.asynchttpclient.uri.Uri_ESTest)  Time elapsed: 0.001 sec  <<< FAILURE!
java.lang.AssertionError: null
	at org.junit.Assert.fail(Assert.java:86)
	at org.junit.Assert.assertTrue(Assert.java:41)
	at org.junit.Assert.assertFalse(Assert.java:64)
	at org.junit.Assert.assertFalse(Assert.java:74)
	at org.asynchttpclient.uri.Uri_ESTest.test187(Uri_ESTest.java:1168)

test182(org.asynchttpclient.uri.Uri_ESTest)  Time elapsed: 0 sec  <<< FAILURE!
java.lang.AssertionError: expected:<0> but was:<512>
	at org.junit.Assert.fail(Assert.java:88)
	at org.junit.Assert.failNotEquals(Assert.java:834)
	at org.junit.Assert.assertEquals(Assert.java:645)
	at org.junit.Assert.assertEquals(Assert.java:631)
	at org.asynchttpclient.uri.Uri_ESTest.test182(Uri_ESTest.java:1141)

test183(org.asynchttpclient.uri.Uri_ESTest)  Time elapsed: 0 sec  <<< FAILURE!
java.lang.AssertionError: null
	at org.junit.Assert.fail(Assert.java:86)
	at org.junit.Assert.assertTrue(Assert.java:41)
	at org.junit.Assert.assertFalse(Assert.java:64)
	at org.junit.Assert.assertFalse(Assert.java:74)
	at org.asynchttpclient.uri.Uri_ESTest.test183(Uri_ESTest.java:1147)

test578(org.asynchttpclient.uri.Uri_ESTest)  Time elapsed: 0.001 sec  <<< FAILURE!
java.lang.AssertionError: null
	at org.junit.Assert.fail(Assert.java:86)
	at org.junit.Assert.assertTrue(Assert.java:41)
	at org.junit.Assert.assertTrue(Assert.java:52)
	at org.asynchttpclient.uri.Uri_ESTest.test578(Uri_ESTest.java:3821)

test339(org.asynchttpclient.uri.Uri_ESTest)  Time elapsed: 0.001 sec  <<< FAILURE!
java.lang.AssertionError: expected:<0> but was:<787>
	at org.junit.Assert.fail(Assert.java:88)
	at org.junit.Assert.failNotEquals(Assert.java:834)
	at org.junit.Assert.assertEquals(Assert.java:645)
	at org.junit.Assert.assertEquals(Assert.java:631)
	at org.asynchttpclient.uri.Uri_ESTest.test339(Uri_ESTest.java:2158)

test574(org.asynchttpclient.uri.Uri_ESTest)  Time elapsed: 0 sec  <<< FAILURE!
java.lang.AssertionError: null
	at org.junit.Assert.fail(Assert.java:86)
	at org.junit.Assert.assertTrue(Assert.java:41)
	at org.junit.Assert.assertTrue(Assert.java:52)
	at org.asynchttpclient.uri.Uri_ESTest.test574(Uri_ESTest.java:3793)

test575(org.asynchttpclient.uri.Uri_ESTest)  Time elapsed: 0 sec  <<< FAILURE!
java.lang.AssertionError: null
	at org.junit.Assert.fail(Assert.java:86)
	at org.junit.Assert.assertTrue(Assert.java:41)
	at org.junit.Assert.assertFalse(Assert.java:64)
	at org.junit.Assert.assertFalse(Assert.java:74)
	at org.asynchttpclient.uri.Uri_ESTest.test575(Uri_ESTest.java:3800)

test334(org.asynchttpclient.uri.Uri_ESTest)  Time elapsed: 0.001 sec  <<< FAILURE!
java.lang.AssertionError: null
	at org.junit.Assert.fail(Assert.java:86)
	at org.junit.Assert.assertTrue(Assert.java:41)
	at org.junit.Assert.assertNotNull(Assert.java:712)
	at org.junit.Assert.assertNotNull(Assert.java:722)
	at org.asynchttpclient.uri.Uri_ESTest.test334(Uri_ESTest.java:2128)

test219(org.asynchttpclient.uri.Uri_ESTest)  Time elapsed: 0 sec  <<< FAILURE!
java.lang.AssertionError: expected:<1> but was:<80>
	at org.junit.Assert.fail(Assert.java:88)
	at org.junit.Assert.failNotEquals(Assert.java:834)
	at org.junit.Assert.assertEquals(Assert.java:645)
	at org.junit.Assert.assertEquals(Assert.java:631)
	at org.asynchttpclient.uri.Uri_ESTest.test219(Uri_ESTest.java:1418)

test461(org.asynchttpclient.uri.Uri_ESTest)  Time elapsed: 0.001 sec  <<< FAILURE!
java.lang.AssertionError: expected:<0> but was:<-2236>
	at org.junit.Assert.fail(Assert.java:88)
	at org.junit.Assert.failNotEquals(Assert.java:834)
	at org.junit.Assert.assertEquals(Assert.java:645)
	at org.junit.Assert.assertEquals(Assert.java:631)
	at org.asynchttpclient.uri.Uri_ESTest.test461(Uri_ESTest.java:3042)

test105(org.asynchttpclient.uri.Uri_ESTest)  Time elapsed: 0.001 sec  <<< FAILURE!
java.lang.AssertionError: null
	at org.junit.Assert.fail(Assert.java:86)
	at org.junit.Assert.assertTrue(Assert.java:41)
	at org.junit.Assert.assertTrue(Assert.java:52)
	at org.asynchttpclient.uri.Uri_ESTest.test105(Uri_ESTest.java:679)

test101(org.asynchttpclient.uri.Uri_ESTest)  Time elapsed: 0.001 sec  <<< FAILURE!
java.lang.AssertionError: null
	at org.junit.Assert.fail(Assert.java:86)
	at org.junit.Assert.assertTrue(Assert.java:41)
	at org.junit.Assert.assertTrue(Assert.java:52)
	at org.asynchttpclient.uri.Uri_ESTest.test101(Uri_ESTest.java:652)

test343(org.asynchttpclient.uri.Uri_ESTest)  Time elapsed: 0.001 sec  <<< FAILURE!
java.lang.AssertionError: null
	at org.junit.Assert.fail(Assert.java:86)
	at org.junit.Assert.assertTrue(Assert.java:41)
	at org.junit.Assert.assertFalse(Assert.java:64)
	at org.junit.Assert.assertFalse(Assert.java:74)
	at org.asynchttpclient.uri.Uri_ESTest.test343(Uri_ESTest.java:2186)

test102(org.asynchttpclient.uri.Uri_ESTest)  Time elapsed: 0.001 sec  <<< FAILURE!
java.lang.AssertionError: expected:<0> but was:<64>
	at org.junit.Assert.fail(Assert.java:88)
	at org.junit.Assert.failNotEquals(Assert.java:834)
	at org.junit.Assert.assertEquals(Assert.java:645)
	at org.junit.Assert.assertEquals(Assert.java:631)
	at org.asynchttpclient.uri.Uri_ESTest.test102(Uri_ESTest.java:659)

test223(org.asynchttpclient.uri.Uri_ESTest)  Time elapsed: 0 sec  <<< FAILURE!
java.lang.AssertionError: null
	at org.junit.Assert.fail(Assert.java:86)
	at org.junit.Assert.assertTrue(Assert.java:41)
	at org.junit.Assert.assertTrue(Assert.java:52)
	at org.asynchttpclient.uri.Uri_ESTest.test223(Uri_ESTest.java:1442)

test344(org.asynchttpclient.uri.Uri_ESTest)  Time elapsed: 0.001 sec  <<< FAILURE!
java.lang.AssertionError: expected:<1> but was:<80>
	at org.junit.Assert.fail(Assert.java:88)
	at org.junit.Assert.failNotEquals(Assert.java:834)
	at org.junit.Assert.assertEquals(Assert.java:645)
	at org.junit.Assert.assertEquals(Assert.java:631)
	at org.asynchttpclient.uri.Uri_ESTest.test344(Uri_ESTest.java:2193)

test586(org.asynchttpclient.uri.Uri_ESTest)  Time elapsed: 0 sec  <<< FAILURE!
java.lang.AssertionError: expected:<0> but was:<80>
	at org.junit.Assert.fail(Assert.java:88)
	at org.junit.Assert.failNotEquals(Assert.java:834)
	at org.junit.Assert.assertEquals(Assert.java:645)
	at org.junit.Assert.assertEquals(Assert.java:631)
	at org.asynchttpclient.uri.Uri_ESTest.test586(Uri_ESTest.java:3873)

test587(org.asynchttpclient.uri.Uri_ESTest)  Time elapsed: 0 sec  <<< FAILURE!
java.lang.AssertionError: null
	at org.junit.Assert.fail(Assert.java:86)
	at org.junit.Assert.assertTrue(Assert.java:41)
	at org.junit.Assert.assertTrue(Assert.java:52)
	at org.asynchttpclient.uri.Uri_ESTest.test587(Uri_ESTest.java:3879)

test104(org.asynchttpclient.uri.Uri_ESTest)  Time elapsed: 0 sec  <<< FAILURE!
java.lang.AssertionError: expected:<0> but was:<64>
	at org.junit.Assert.fail(Assert.java:88)
	at org.junit.Assert.failNotEquals(Assert.java:834)
	at org.junit.Assert.assertEquals(Assert.java:645)
	at org.junit.Assert.assertEquals(Assert.java:631)
	at org.asynchttpclient.uri.Uri_ESTest.test104(Uri_ESTest.java:673)

test592(org.asynchttpclient.uri.Uri_ESTest)  Time elapsed: 0 sec  <<< FAILURE!
java.lang.AssertionError: null
	at org.junit.Assert.fail(Assert.java:86)
	at org.junit.Assert.assertTrue(Assert.java:41)
	at org.junit.Assert.assertTrue(Assert.java:52)
	at org.asynchttpclient.uri.Uri_ESTest.test592(Uri_ESTest.java:3909)

test351(org.asynchttpclient.uri.Uri_ESTest)  Time elapsed: 0 sec  <<< FAILURE!
java.lang.AssertionError: expected:<0> but was:<1951>
	at org.junit.Assert.fail(Assert.java:88)
	at org.junit.Assert.failNotEquals(Assert.java:834)
	at org.junit.Assert.assertEquals(Assert.java:645)
	at org.junit.Assert.assertEquals(Assert.java:631)
	at org.asynchttpclient.uri.Uri_ESTest.test351(Uri_ESTest.java:2239)

test472(org.asynchttpclient.uri.Uri_ESTest)  Time elapsed: 0 sec  <<< FAILURE!
java.lang.AssertionError: expected:<0> but was:<80>
	at org.junit.Assert.fail(Assert.java:88)
	at org.junit.Assert.failNotEquals(Assert.java:834)
	at org.junit.Assert.assertEquals(Assert.java:645)
	at org.junit.Assert.assertEquals(Assert.java:631)
	at org.asynchttpclient.uri.Uri_ESTest.test472(Uri_ESTest.java:3119)

test595(org.asynchttpclient.uri.Uri_ESTest)  Time elapsed: 0 sec  <<< FAILURE!
java.lang.AssertionError: expected:<0> but was:<80>
	at org.junit.Assert.fail(Assert.java:88)
	at org.junit.Assert.failNotEquals(Assert.java:834)
	at org.junit.Assert.assertEquals(Assert.java:645)
	at org.junit.Assert.assertEquals(Assert.java:631)
	at org.asynchttpclient.uri.Uri_ESTest.test595(Uri_ESTest.java:3927)

test237(org.asynchttpclient.uri.Uri_ESTest)  Time elapsed: 0 sec  <<< FAILURE!
java.lang.AssertionError: expected:<1> but was:<-4>
	at org.junit.Assert.fail(Assert.java:88)
	at org.junit.Assert.failNotEquals(Assert.java:834)
	at org.junit.Assert.assertEquals(Assert.java:645)
	at org.junit.Assert.assertEquals(Assert.java:631)
	at org.asynchttpclient.uri.Uri_ESTest.test237(Uri_ESTest.java:1532)

test238(org.asynchttpclient.uri.Uri_ESTest)  Time elapsed: 0.001 sec  <<< FAILURE!
java.lang.AssertionError: expected:<0> but was:<443>
	at org.junit.Assert.fail(Assert.java:88)
	at org.junit.Assert.failNotEquals(Assert.java:834)
	at org.junit.Assert.assertEquals(Assert.java:645)
	at org.junit.Assert.assertEquals(Assert.java:631)
	at org.asynchttpclient.uri.Uri_ESTest.test238(Uri_ESTest.java:1538)

test112(org.asynchttpclient.uri.Uri_ESTest)  Time elapsed: 0.001 sec  <<< FAILURE!
java.lang.AssertionError: expected:<0> but was:<-1448>
	at org.junit.Assert.fail(Assert.java:88)
	at org.junit.Assert.failNotEquals(Assert.java:834)
	at org.junit.Assert.assertEquals(Assert.java:645)
	at org.junit.Assert.assertEquals(Assert.java:631)
	at org.asynchttpclient.uri.Uri_ESTest.test112(Uri_ESTest.java:721)

test6(org.asynchttpclient.uri.Uri_ESTest)  Time elapsed: 0.001 sec  <<< FAILURE!
java.lang.AssertionError: null
	at org.junit.Assert.fail(Assert.java:86)
	at org.junit.Assert.assertTrue(Assert.java:41)
	at org.junit.Assert.assertTrue(Assert.java:52)
	at org.asynchttpclient.uri.Uri_ESTest.test6(Uri_ESTest.java:68)

test113(org.asynchttpclient.uri.Uri_ESTest)  Time elapsed: 0 sec  <<< FAILURE!
java.lang.AssertionError: null
	at org.junit.Assert.fail(Assert.java:86)
	at org.junit.Assert.assertTrue(Assert.java:41)
	at org.junit.Assert.assertTrue(Assert.java:52)
	at org.asynchttpclient.uri.Uri_ESTest.test113(Uri_ESTest.java:727)

test7(org.asynchttpclient.uri.Uri_ESTest)  Time elapsed: 0 sec  <<< FAILURE!
java.lang.AssertionError: expected:<0> but was:<1626>
	at org.junit.Assert.fail(Assert.java:88)
	at org.junit.Assert.failNotEquals(Assert.java:834)
	at org.junit.Assert.assertEquals(Assert.java:645)
	at org.junit.Assert.assertEquals(Assert.java:631)
	at org.asynchttpclient.uri.Uri_ESTest.test7(Uri_ESTest.java:75)

test235(org.asynchttpclient.uri.Uri_ESTest)  Time elapsed: 0 sec  <<< FAILURE!
java.lang.AssertionError: expected:<1> but was:<91>
	at org.junit.Assert.fail(Assert.java:88)
	at org.junit.Assert.failNotEquals(Assert.java:834)
	at org.junit.Assert.assertEquals(Assert.java:645)
	at org.junit.Assert.assertEquals(Assert.java:631)
	at org.asynchttpclient.uri.Uri_ESTest.test235(Uri_ESTest.java:1520)

test115(org.asynchttpclient.uri.Uri_ESTest)  Time elapsed: 0 sec  <<< FAILURE!
java.lang.AssertionError: null
	at org.junit.Assert.fail(Assert.java:86)
	at org.junit.Assert.assertTrue(Assert.java:41)
	at org.junit.Assert.assertTrue(Assert.java:52)
	at org.asynchttpclient.uri.Uri_ESTest.test115(Uri_ESTest.java:739)

test9(org.asynchttpclient.uri.Uri_ESTest)  Time elapsed: 0.001 sec  <<< FAILURE!
java.lang.AssertionError: null
	at org.junit.Assert.fail(Assert.java:86)
	at org.junit.Assert.assertTrue(Assert.java:41)
	at org.junit.Assert.assertTrue(Assert.java:52)
	at org.asynchttpclient.uri.Uri_ESTest.test9(Uri_ESTest.java:89)

test121(org.asynchttpclient.uri.Uri_ESTest)  Time elapsed: 0 sec  <<< FAILURE!
java.lang.AssertionError: expected:<1> but was:<80>
	at org.junit.Assert.fail(Assert.java:88)
	at org.junit.Assert.failNotEquals(Assert.java:834)
	at org.junit.Assert.assertEquals(Assert.java:645)
	at org.junit.Assert.assertEquals(Assert.java:631)
	at org.asynchttpclient.uri.Uri_ESTest.test121(Uri_ESTest.java:775)

test484(org.asynchttpclient.uri.Uri_ESTest)  Time elapsed: 0 sec  <<< FAILURE!
java.lang.AssertionError: null
	at org.junit.Assert.fail(Assert.java:86)
	at org.junit.Assert.assertTrue(Assert.java:41)
	at org.junit.Assert.assertFalse(Assert.java:64)
	at org.junit.Assert.assertFalse(Assert.java:74)
	at org.asynchttpclient.uri.Uri_ESTest.test484(Uri_ESTest.java:3203)

test122(org.asynchttpclient.uri.Uri_ESTest)  Time elapsed: 0.001 sec  <<< FAILURE!
java.lang.AssertionError: expected:<0> but was:<24>
	at org.junit.Assert.fail(Assert.java:88)
	at org.junit.Assert.failNotEquals(Assert.java:834)
	at org.junit.Assert.assertEquals(Assert.java:645)
	at org.junit.Assert.assertEquals(Assert.java:631)
	at org.asynchttpclient.uri.Uri_ESTest.test122(Uri_ESTest.java:781)

test480(org.asynchttpclient.uri.Uri_ESTest)  Time elapsed: 0 sec  <<< FAILURE!
java.lang.AssertionError: expected:<0> but was:<80>
	at org.junit.Assert.fail(Assert.java:88)
	at org.junit.Assert.failNotEquals(Assert.java:834)
	at org.junit.Assert.assertEquals(Assert.java:645)
	at org.junit.Assert.assertEquals(Assert.java:631)
	at org.asynchttpclient.uri.Uri_ESTest.test480(Uri_ESTest.java:3175)

test129(org.asynchttpclient.uri.Uri_ESTest)  Time elapsed: 0 sec  <<< FAILURE!
java.lang.AssertionError: expected:<1> but was:<80>
	at org.junit.Assert.fail(Assert.java:88)
	at org.junit.Assert.failNotEquals(Assert.java:834)
	at org.junit.Assert.assertEquals(Assert.java:645)
	at org.junit.Assert.assertEquals(Assert.java:631)
	at org.asynchttpclient.uri.Uri_ESTest.test129(Uri_ESTest.java:823)

test367(org.asynchttpclient.uri.Uri_ESTest)  Time elapsed: 0 sec  <<< FAILURE!
java.lang.AssertionError: expected:<0> but was:<80>
	at org.junit.Assert.fail(Assert.java:88)
	at org.junit.Assert.failNotEquals(Assert.java:834)
	at org.junit.Assert.assertEquals(Assert.java:645)
	at org.junit.Assert.assertEquals(Assert.java:631)
	at org.asynchttpclient.uri.Uri_ESTest.test367(Uri_ESTest.java:2337)

test126(org.asynchttpclient.uri.Uri_ESTest)  Time elapsed: 0.001 sec  <<< FAILURE!
java.lang.AssertionError: null
	at org.junit.Assert.fail(Assert.java:86)
	at org.junit.Assert.assertTrue(Assert.java:41)
	at org.junit.Assert.assertTrue(Assert.java:52)
	at org.asynchttpclient.uri.Uri_ESTest.test126(Uri_ESTest.java:805)

test133(org.asynchttpclient.uri.Uri_ESTest)  Time elapsed: 0.001 sec  <<< FAILURE!
java.lang.AssertionError: expected:<1> but was:<80>
	at org.junit.Assert.fail(Assert.java:88)
	at org.junit.Assert.failNotEquals(Assert.java:834)
	at org.junit.Assert.assertEquals(Assert.java:645)
	at org.junit.Assert.assertEquals(Assert.java:631)
	at org.asynchttpclient.uri.Uri_ESTest.test133(Uri_ESTest.java:847)

test376(org.asynchttpclient.uri.Uri_ESTest)  Time elapsed: 0.001 sec  <<< FAILURE!
java.lang.AssertionError: expected:<0> but was:<-2761>
	at org.junit.Assert.fail(Assert.java:88)
	at org.junit.Assert.failNotEquals(Assert.java:834)
	at org.junit.Assert.assertEquals(Assert.java:645)
	at org.junit.Assert.assertEquals(Assert.java:631)
	at org.asynchttpclient.uri.Uri_ESTest.test376(Uri_ESTest.java:2400)

test137(org.asynchttpclient.uri.Uri_ESTest)  Time elapsed: 0 sec  <<< FAILURE!
java.lang.AssertionError: expected:<0> but was:<1598>
	at org.junit.Assert.fail(Assert.java:88)
	at org.junit.Assert.failNotEquals(Assert.java:834)
	at org.junit.Assert.assertEquals(Assert.java:645)
	at org.junit.Assert.assertEquals(Assert.java:631)
	at org.asynchttpclient.uri.Uri_ESTest.test137(Uri_ESTest.java:871)

test262(org.asynchttpclient.uri.Uri_ESTest)  Time elapsed: 0 sec  <<< FAILURE!
java.lang.AssertionError: null
	at org.junit.Assert.fail(Assert.java:86)
	at org.junit.Assert.assertTrue(Assert.java:41)
	at org.junit.Assert.assertTrue(Assert.java:52)
	at org.asynchttpclient.uri.Uri_ESTest.test262(Uri_ESTest.java:1682)

test144(org.asynchttpclient.uri.Uri_ESTest)  Time elapsed: 0.001 sec  <<< FAILURE!
java.lang.AssertionError: expected:<0> but was:<80>
	at org.junit.Assert.fail(Assert.java:88)
	at org.junit.Assert.failNotEquals(Assert.java:834)
	at org.junit.Assert.assertEquals(Assert.java:645)
	at org.junit.Assert.assertEquals(Assert.java:631)
	at org.asynchttpclient.uri.Uri_ESTest.test144(Uri_ESTest.java:913)

test260(org.asynchttpclient.uri.Uri_ESTest)  Time elapsed: 0.001 sec  <<< FAILURE!
java.lang.AssertionError: null
	at org.junit.Assert.fail(Assert.java:86)
	at org.junit.Assert.assertTrue(Assert.java:41)
	at org.junit.Assert.assertTrue(Assert.java:52)
	at org.asynchttpclient.uri.Uri_ESTest.test260(Uri_ESTest.java:1670)

test147(org.asynchttpclient.uri.Uri_ESTest)  Time elapsed: 0 sec  <<< FAILURE!
java.lang.AssertionError: expected:<1> but was:<1626>
	at org.junit.Assert.fail(Assert.java:88)
	at org.junit.Assert.failNotEquals(Assert.java:834)
	at org.junit.Assert.assertEquals(Assert.java:645)
	at org.junit.Assert.assertEquals(Assert.java:631)
	at org.asynchttpclient.uri.Uri_ESTest.test147(Uri_ESTest.java:931)

test389(org.asynchttpclient.uri.Uri_ESTest)  Time elapsed: 0 sec  <<< FAILURE!
java.lang.AssertionError: expected:<0> but was:<-2761>
	at org.junit.Assert.fail(Assert.java:88)
	at org.junit.Assert.failNotEquals(Assert.java:834)
	at org.junit.Assert.assertEquals(Assert.java:645)
	at org.junit.Assert.assertEquals(Assert.java:631)
	at org.asynchttpclient.uri.Uri_ESTest.test389(Uri_ESTest.java:2491)

test395(org.asynchttpclient.uri.Uri_ESTest)  Time elapsed: 0 sec  <<< FAILURE!
java.lang.AssertionError: expected:<0> but was:<80>
	at org.junit.Assert.fail(Assert.java:88)
	at org.junit.Assert.failNotEquals(Assert.java:834)
	at org.junit.Assert.assertEquals(Assert.java:645)
	at org.junit.Assert.assertEquals(Assert.java:631)
	at org.asynchttpclient.uri.Uri_ESTest.test395(Uri_ESTest.java:2536)

test391(org.asynchttpclient.uri.Uri_ESTest)  Time elapsed: 0.001 sec  <<< FAILURE!
java.lang.AssertionError: expected:<0> but was:<80>
	at org.junit.Assert.fail(Assert.java:88)
	at org.junit.Assert.failNotEquals(Assert.java:834)
	at org.junit.Assert.assertEquals(Assert.java:645)
	at org.junit.Assert.assertEquals(Assert.java:631)
	at org.asynchttpclient.uri.Uri_ESTest.test391(Uri_ESTest.java:2505)

test158(org.asynchttpclient.uri.Uri_ESTest)  Time elapsed: 0.001 sec  <<< FAILURE!
java.lang.AssertionError: null
	at org.junit.Assert.fail(Assert.java:86)
	at org.junit.Assert.assertTrue(Assert.java:41)
	at org.junit.Assert.assertFalse(Assert.java:64)
	at org.junit.Assert.assertFalse(Assert.java:74)
	at org.asynchttpclient.uri.Uri_ESTest.test158(Uri_ESTest.java:997)

test165(org.asynchttpclient.uri.Uri_ESTest)  Time elapsed: 0 sec  <<< FAILURE!
java.lang.AssertionError: expected:<0> but was:<512>
	at org.junit.Assert.fail(Assert.java:88)
	at org.junit.Assert.failNotEquals(Assert.java:834)
	at org.junit.Assert.assertEquals(Assert.java:645)
	at org.junit.Assert.assertEquals(Assert.java:631)
	at org.asynchttpclient.uri.Uri_ESTest.test165(Uri_ESTest.java:1039)

test282(org.asynchttpclient.uri.Uri_ESTest)  Time elapsed: 0.001 sec  <<< FAILURE!
java.lang.AssertionError: expected:<1> but was:<0>
	at org.junit.Assert.fail(Assert.java:88)
	at org.junit.Assert.failNotEquals(Assert.java:834)
	at org.junit.Assert.assertEquals(Assert.java:645)
	at org.junit.Assert.assertEquals(Assert.java:631)
	at org.asynchttpclient.uri.Uri_ESTest.test282(Uri_ESTest.java:1816)

test169(org.asynchttpclient.uri.Uri_ESTest)  Time elapsed: 0.001 sec  <<< FAILURE!
java.lang.AssertionError: null
	at org.junit.Assert.fail(Assert.java:86)
	at org.junit.Assert.assertTrue(Assert.java:41)
	at org.junit.Assert.assertTrue(Assert.java:52)
	at org.asynchttpclient.uri.Uri_ESTest.test169(Uri_ESTest.java:1063)

test174(org.asynchttpclient.uri.Uri_ESTest)  Time elapsed: 0 sec  <<< FAILURE!
java.lang.AssertionError: expected:<1> but was:<80>
	at org.junit.Assert.fail(Assert.java:88)
	at org.junit.Assert.failNotEquals(Assert.java:834)
	at org.junit.Assert.assertEquals(Assert.java:645)
	at org.junit.Assert.assertEquals(Assert.java:631)
	at org.asynchttpclient.uri.Uri_ESTest.test174(Uri_ESTest.java:1093)

test297(org.asynchttpclient.uri.Uri_ESTest)  Time elapsed: 0.001 sec  <<< FAILURE!
java.lang.AssertionError: null
	at org.junit.Assert.fail(Assert.java:86)
	at org.junit.Assert.assertTrue(Assert.java:41)
	at org.junit.Assert.assertTrue(Assert.java:52)
	at org.asynchttpclient.uri.Uri_ESTest.test297(Uri_ESTest.java:1906)

test177(org.asynchttpclient.uri.Uri_ESTest)  Time elapsed: 0 sec  <<< FAILURE!
java.lang.AssertionError: expected:<0> but was:<512>
	at org.junit.Assert.fail(Assert.java:88)
	at org.junit.Assert.failNotEquals(Assert.java:834)
	at org.junit.Assert.assertEquals(Assert.java:645)
	at org.junit.Assert.assertEquals(Assert.java:631)
	at org.asynchttpclient.uri.Uri_ESTest.test177(Uri_ESTest.java:1111)

test171(org.asynchttpclient.uri.Uri_ESTest)  Time elapsed: 0 sec  <<< FAILURE!
java.lang.AssertionError: expected:<1> but was:<0>
	at org.junit.Assert.fail(Assert.java:88)
	at org.junit.Assert.failNotEquals(Assert.java:834)
	at org.junit.Assert.assertEquals(Assert.java:645)
	at org.junit.Assert.assertEquals(Assert.java:631)
	at org.asynchttpclient.uri.Uri_ESTest.test171(Uri_ESTest.java:1075)

Running org.asynchttpclient.HostStats_ESTest
Tests run: 36, Failures: 14, Errors: 0, Skipped: 0, Time elapsed: 0.001 sec <<< FAILURE! - in org.asynchttpclient.HostStats_ESTest
test30(org.asynchttpclient.HostStats_ESTest)  Time elapsed: 0.001 sec  <<< FAILURE!
java.lang.AssertionError: expected:<0> but was:<104>
	at org.junit.Assert.fail(Assert.java:88)
	at org.junit.Assert.failNotEquals(Assert.java:834)
	at org.junit.Assert.assertEquals(Assert.java:645)
	at org.junit.Assert.assertEquals(Assert.java:631)
	at org.asynchttpclient.HostStats_ESTest.test30(HostStats_ESTest.java:217)

test13(org.asynchttpclient.HostStats_ESTest)  Time elapsed: 0 sec  <<< FAILURE!
java.lang.AssertionError: expected:<1> but was:<-3556>
	at org.junit.Assert.fail(Assert.java:88)
	at org.junit.Assert.failNotEquals(Assert.java:834)
	at org.junit.Assert.assertEquals(Assert.java:645)
	at org.junit.Assert.assertEquals(Assert.java:631)
	at org.asynchttpclient.HostStats_ESTest.test13(HostStats_ESTest.java:107)

test16(org.asynchttpclient.HostStats_ESTest)  Time elapsed: 0 sec  <<< FAILURE!
java.lang.AssertionError: expected:<0> but was:<-344>
	at org.junit.Assert.fail(Assert.java:88)
	at org.junit.Assert.failNotEquals(Assert.java:834)
	at org.junit.Assert.assertEquals(Assert.java:645)
	at org.junit.Assert.assertEquals(Assert.java:631)
	at org.asynchttpclient.HostStats_ESTest.test16(HostStats_ESTest.java:125)

test15(org.asynchttpclient.HostStats_ESTest)  Time elapsed: 0 sec  <<< FAILURE!
java.lang.AssertionError: expected:<1> but was:<-344>
	at org.junit.Assert.fail(Assert.java:88)
	at org.junit.Assert.failNotEquals(Assert.java:834)
	at org.junit.Assert.assertEquals(Assert.java:645)
	at org.junit.Assert.assertEquals(Assert.java:631)
	at org.asynchttpclient.HostStats_ESTest.test15(HostStats_ESTest.java:119)

test32(org.asynchttpclient.HostStats_ESTest)  Time elapsed: 0 sec  <<< FAILURE!
java.lang.AssertionError: null
	at org.junit.Assert.fail(Assert.java:86)
	at org.junit.Assert.assertTrue(Assert.java:41)
	at org.junit.Assert.assertTrue(Assert.java:52)
	at org.asynchttpclient.HostStats_ESTest.test32(HostStats_ESTest.java:229)

test34(org.asynchttpclient.HostStats_ESTest)  Time elapsed: 0 sec  <<< FAILURE!
java.lang.AssertionError: expected:<0> but was:<104>
	at org.junit.Assert.fail(Assert.java:88)
	at org.junit.Assert.failNotEquals(Assert.java:834)
	at org.junit.Assert.assertEquals(Assert.java:645)
	at org.junit.Assert.assertEquals(Assert.java:631)
	at org.asynchttpclient.HostStats_ESTest.test34(HostStats_ESTest.java:241)

test0(org.asynchttpclient.HostStats_ESTest)  Time elapsed: 0 sec  <<< FAILURE!
java.lang.AssertionError: null
	at org.junit.Assert.fail(Assert.java:86)
	at org.junit.Assert.assertTrue(Assert.java:41)
	at org.junit.Assert.assertTrue(Assert.java:52)
	at org.asynchttpclient.HostStats_ESTest.test0(HostStats_ESTest.java:23)

test6(org.asynchttpclient.HostStats_ESTest)  Time elapsed: 0 sec  <<< FAILURE!
java.lang.AssertionError: null
	at org.junit.Assert.fail(Assert.java:86)
	at org.junit.Assert.assertTrue(Assert.java:41)
	at org.junit.Assert.assertTrue(Assert.java:52)
	at org.asynchttpclient.HostStats_ESTest.test6(HostStats_ESTest.java:65)

test8(org.asynchttpclient.HostStats_ESTest)  Time elapsed: 0 sec  <<< FAILURE!
java.lang.AssertionError: expected:<0> but was:<4562>
	at org.junit.Assert.fail(Assert.java:88)
	at org.junit.Assert.failNotEquals(Assert.java:834)
	at org.junit.Assert.assertEquals(Assert.java:645)
	at org.junit.Assert.assertEquals(Assert.java:631)
	at org.asynchttpclient.HostStats_ESTest.test8(HostStats_ESTest.java:77)

test24(org.asynchttpclient.HostStats_ESTest)  Time elapsed: 0 sec  <<< FAILURE!
java.lang.AssertionError: expected:<0> but was:<58>
	at org.junit.Assert.fail(Assert.java:88)
	at org.junit.Assert.failNotEquals(Assert.java:834)
	at org.junit.Assert.assertEquals(Assert.java:645)
	at org.junit.Assert.assertEquals(Assert.java:631)
	at org.asynchttpclient.HostStats_ESTest.test24(HostStats_ESTest.java:178)

test26(org.asynchttpclient.HostStats_ESTest)  Time elapsed: 0 sec  <<< FAILURE!
java.lang.AssertionError: null
	at org.junit.Assert.fail(Assert.java:86)
	at org.junit.Assert.assertTrue(Assert.java:41)
	at org.junit.Assert.assertTrue(Assert.java:52)
	at org.asynchttpclient.HostStats_ESTest.test26(HostStats_ESTest.java:192)

test22(org.asynchttpclient.HostStats_ESTest)  Time elapsed: 0 sec  <<< FAILURE!
java.lang.AssertionError: null
	at org.junit.Assert.fail(Assert.java:86)
	at org.junit.Assert.assertTrue(Assert.java:41)
	at org.junit.Assert.assertTrue(Assert.java:52)
	at org.asynchttpclient.HostStats_ESTest.test22(HostStats_ESTest.java:164)

test29(org.asynchttpclient.HostStats_ESTest)  Time elapsed: 0 sec  <<< FAILURE!
java.lang.AssertionError: expected:<0> but was:<-1310>
	at org.junit.Assert.fail(Assert.java:88)
	at org.junit.Assert.failNotEquals(Assert.java:834)
	at org.junit.Assert.assertEquals(Assert.java:645)
	at org.junit.Assert.assertEquals(Assert.java:631)
	at org.asynchttpclient.HostStats_ESTest.test29(HostStats_ESTest.java:211)

test28(org.asynchttpclient.HostStats_ESTest)  Time elapsed: 0 sec  <<< FAILURE!
java.lang.AssertionError: null
	at org.junit.Assert.fail(Assert.java:86)
	at org.junit.Assert.assertTrue(Assert.java:41)
	at org.junit.Assert.assertTrue(Assert.java:52)
	at org.asynchttpclient.HostStats_ESTest.test28(HostStats_ESTest.java:205)

Running org.asynchttpclient.RequestBuilder_ESTest
Tests run: 9, Failures: 0, Errors: 0, Skipped: 0, Time elapsed: 1.241 sec - in org.asynchttpclient.RequestBuilder_ESTest
Running org.asynchttpclient.AsyncHttpClientState_ESTest
Tests run: 3, Failures: 0, Errors: 0, Skipped: 0, Time elapsed: 0.006 sec - in org.asynchttpclient.AsyncHttpClientState_ESTest
Running org.asynchttpclient.cookie.ThreadSafeCookieStore_ESTest
Tests run: 33, Failures: 4, Errors: 0, Skipped: 0, Time elapsed: 0.153 sec <<< FAILURE! - in org.asynchttpclient.cookie.ThreadSafeCookieStore_ESTest
test5(org.asynchttpclient.cookie.ThreadSafeCookieStore_ESTest)  Time elapsed: 0.002 sec  <<< FAILURE!
java.lang.AssertionError: expected:<1> but was:<0>
	at org.junit.Assert.fail(Assert.java:88)
	at org.junit.Assert.failNotEquals(Assert.java:834)
	at org.junit.Assert.assertEquals(Assert.java:645)
	at org.junit.Assert.assertEquals(Assert.java:631)
	at org.asynchttpclient.cookie.ThreadSafeCookieStore_ESTest.test5(ThreadSafeCookieStore_ESTest.java:115)

test24(org.asynchttpclient.cookie.ThreadSafeCookieStore_ESTest)  Time elapsed: 0.001 sec  <<< FAILURE!
java.lang.AssertionError: null
	at org.junit.Assert.fail(Assert.java:86)
	at org.junit.Assert.assertTrue(Assert.java:41)
	at org.junit.Assert.assertTrue(Assert.java:52)
	at org.asynchttpclient.cookie.ThreadSafeCookieStore_ESTest.test24(ThreadSafeCookieStore_ESTest.java:294)

test27(org.asynchttpclient.cookie.ThreadSafeCookieStore_ESTest)  Time elapsed: 0.002 sec  <<< FAILURE!
java.lang.AssertionError: null
	at org.junit.Assert.fail(Assert.java:86)
	at org.junit.Assert.assertTrue(Assert.java:41)
	at org.junit.Assert.assertTrue(Assert.java:52)
	at org.asynchttpclient.cookie.ThreadSafeCookieStore_ESTest.test27(ThreadSafeCookieStore_ESTest.java:332)

test18(org.asynchttpclient.cookie.ThreadSafeCookieStore_ESTest)  Time elapsed: 0.001 sec  <<< FAILURE!
java.lang.AssertionError: null
	at org.junit.Assert.fail(Assert.java:86)
	at org.junit.Assert.assertTrue(Assert.java:41)
	at org.junit.Assert.assertTrue(Assert.java:52)
	at org.asynchttpclient.cookie.ThreadSafeCookieStore_ESTest.test18(ThreadSafeCookieStore_ESTest.java:211)

Running org.asynchttpclient.cookie.CookieEvictionTask_ESTest
Tests run: 2, Failures: 0, Errors: 0, Skipped: 0, Time elapsed: 0.043 sec - in org.asynchttpclient.cookie.CookieEvictionTask_ESTest
Running org.asynchttpclient.oauth.OAuthSignatureCalculator_ESTest
Tests run: 1, Failures: 0, Errors: 0, Skipped: 0, Time elapsed: 0.114 sec - in org.asynchttpclient.oauth.OAuthSignatureCalculator_ESTest
Running org.asynchttpclient.oauth.RequestToken_ESTest
Tests run: 9, Failures: 1, Errors: 0, Skipped: 0, Time elapsed: 0.006 sec <<< FAILURE! - in org.asynchttpclient.oauth.RequestToken_ESTest
test0(org.asynchttpclient.oauth.RequestToken_ESTest)  Time elapsed: 0 sec  <<< FAILURE!
java.lang.AssertionError: null
	at org.junit.Assert.fail(Assert.java:86)
	at org.junit.Assert.assertTrue(Assert.java:41)
	at org.junit.Assert.assertNotNull(Assert.java:712)
	at org.junit.Assert.assertNotNull(Assert.java:722)
	at org.asynchttpclient.oauth.RequestToken_ESTest.test0(RequestToken_ESTest.java:22)

Running org.asynchttpclient.oauth.OAuthSignatureCalculatorInstance_ESTest
Tests run: 11, Failures: 0, Errors: 0, Skipped: 0, Time elapsed: 0.073 sec - in org.asynchttpclient.oauth.OAuthSignatureCalculatorInstance_ESTest
Running org.asynchttpclient.oauth.Parameters_ESTest
Tests run: 4, Failures: 0, Errors: 0, Skipped: 0, Time elapsed: 0.008 sec - in org.asynchttpclient.oauth.Parameters_ESTest
Running org.asynchttpclient.oauth.ConsumerKey_ESTest
Tests run: 9, Failures: 1, Errors: 0, Skipped: 0, Time elapsed: 0.008 sec <<< FAILURE! - in org.asynchttpclient.oauth.ConsumerKey_ESTest
test0(org.asynchttpclient.oauth.ConsumerKey_ESTest)  Time elapsed: 0 sec  <<< FAILURE!
java.lang.AssertionError: null
	at org.junit.Assert.fail(Assert.java:86)
	at org.junit.Assert.assertTrue(Assert.java:41)
	at org.junit.Assert.assertNotNull(Assert.java:712)
	at org.junit.Assert.assertNotNull(Assert.java:722)
	at org.asynchttpclient.oauth.ConsumerKey_ESTest.test0(ConsumerKey_ESTest.java:22)

Running org.asynchttpclient.oauth.Parameter_ESTest
Tests run: 15, Failures: 7, Errors: 0, Skipped: 0, Time elapsed: 0.01 sec <<< FAILURE! - in org.asynchttpclient.oauth.Parameter_ESTest
test0(org.asynchttpclient.oauth.Parameter_ESTest)  Time elapsed: 0.001 sec  <<< FAILURE!
java.lang.AssertionError: null
	at org.junit.Assert.fail(Assert.java:86)
	at org.junit.Assert.assertTrue(Assert.java:41)
	at org.junit.Assert.assertTrue(Assert.java:52)
	at org.asynchttpclient.oauth.Parameter_ESTest.test0(Parameter_ESTest.java:24)

test12(org.asynchttpclient.oauth.Parameter_ESTest)  Time elapsed: 0.001 sec  <<< FAILURE!
java.lang.AssertionError: expected:<0> but was:<-48>
	at org.junit.Assert.fail(Assert.java:88)
	at org.junit.Assert.failNotEquals(Assert.java:834)
	at org.junit.Assert.assertEquals(Assert.java:645)
	at org.junit.Assert.assertEquals(Assert.java:631)
	at org.asynchttpclient.oauth.Parameter_ESTest.test12(Parameter_ESTest.java:122)

test11(org.asynchttpclient.oauth.Parameter_ESTest)  Time elapsed: 0.001 sec  <<< FAILURE!
java.lang.AssertionError: null
	at org.junit.Assert.fail(Assert.java:86)
	at org.junit.Assert.assertTrue(Assert.java:41)
	at org.junit.Assert.assertTrue(Assert.java:52)
	at org.asynchttpclient.oauth.Parameter_ESTest.test11(Parameter_ESTest.java:115)

test2(org.asynchttpclient.oauth.Parameter_ESTest)  Time elapsed: 0 sec  <<< FAILURE!
java.lang.AssertionError: expected:<1> but was:<0>
	at org.junit.Assert.fail(Assert.java:88)
	at org.junit.Assert.failNotEquals(Assert.java:834)
	at org.junit.Assert.assertEquals(Assert.java:645)
	at org.junit.Assert.assertEquals(Assert.java:631)
	at org.asynchttpclient.oauth.Parameter_ESTest.test2(Parameter_ESTest.java:37)

test3(org.asynchttpclient.oauth.Parameter_ESTest)  Time elapsed: 0.001 sec  <<< FAILURE!
java.lang.AssertionError: expected:<1> but was:<2>
	at org.junit.Assert.fail(Assert.java:88)
	at org.junit.Assert.failNotEquals(Assert.java:834)
	at org.junit.Assert.assertEquals(Assert.java:645)
	at org.junit.Assert.assertEquals(Assert.java:631)
	at org.asynchttpclient.oauth.Parameter_ESTest.test3(Parameter_ESTest.java:44)

test8(org.asynchttpclient.oauth.Parameter_ESTest)  Time elapsed: 0 sec  <<< FAILURE!
java.lang.AssertionError: null
	at org.junit.Assert.fail(Assert.java:86)
	at org.junit.Assert.assertTrue(Assert.java:41)
	at org.junit.Assert.assertTrue(Assert.java:52)
	at org.asynchttpclient.oauth.Parameter_ESTest.test8(Parameter_ESTest.java:96)

test9(org.asynchttpclient.oauth.Parameter_ESTest)  Time elapsed: 0.001 sec  <<< FAILURE!
java.lang.AssertionError: null
	at org.junit.Assert.fail(Assert.java:86)
	at org.junit.Assert.assertTrue(Assert.java:41)
	at org.junit.Assert.assertTrue(Assert.java:52)
	at org.asynchttpclient.oauth.Parameter_ESTest.test9(Parameter_ESTest.java:102)

Running org.asynchttpclient.AsyncCompletionHandlerBase_ESTest
Tests run: 3, Failures: 1, Errors: 0, Skipped: 0, Time elapsed: 0.438 sec <<< FAILURE! - in org.asynchttpclient.AsyncCompletionHandlerBase_ESTest
test0(org.asynchttpclient.AsyncCompletionHandlerBase_ESTest)  Time elapsed: 0.003 sec  <<< FAILURE!
java.lang.AssertionError: null
	at org.junit.Assert.fail(Assert.java:86)
	at org.junit.Assert.assertTrue(Assert.java:41)
	at org.junit.Assert.assertNotNull(Assert.java:712)
	at org.junit.Assert.assertNotNull(Assert.java:722)
	at org.asynchttpclient.AsyncCompletionHandlerBase_ESTest.test0(AsyncCompletionHandlerBase_ESTest.java:31)

Running org.asynchttpclient.exception.TooManyConnectionsPerHostException_ESTest
Tests run: 1, Failures: 0, Errors: 0, Skipped: 0, Time elapsed: 0 sec - in org.asynchttpclient.exception.TooManyConnectionsPerHostException_ESTest
Running org.asynchttpclient.exception.TooManyConnectionsException_ESTest
Tests run: 1, Failures: 0, Errors: 0, Skipped: 0, Time elapsed: 0 sec - in org.asynchttpclient.exception.TooManyConnectionsException_ESTest
Running org.asynchttpclient.ws.WebSocketListener_ESTest
Tests run: 1, Failures: 0, Errors: 0, Skipped: 0, Time elapsed: 0 sec - in org.asynchttpclient.ws.WebSocketListener_ESTest
Running org.asynchttpclient.ws.WebSocketUtils_ESTest
Tests run: 3, Failures: 0, Errors: 0, Skipped: 0, Time elapsed: 0.001 sec - in org.asynchttpclient.ws.WebSocketUtils_ESTest
Running org.asynchttpclient.ws.WebSocketUpgradeHandler_ESTest
Tests run: 21, Failures: 1, Errors: 0, Skipped: 0, Time elapsed: 0.454 sec <<< FAILURE! - in org.asynchttpclient.ws.WebSocketUpgradeHandler_ESTest
test14(org.asynchttpclient.ws.WebSocketUpgradeHandler_ESTest)  Time elapsed: 0.004 sec  <<< FAILURE!
java.lang.AssertionError: null
	at org.junit.Assert.fail(Assert.java:86)
	at org.junit.Assert.assertTrue(Assert.java:41)
	at org.junit.Assert.assertNotNull(Assert.java:712)
	at org.junit.Assert.assertNotNull(Assert.java:722)
	at org.asynchttpclient.ws.WebSocketUpgradeHandler_ESTest.test14(WebSocketUpgradeHandler_ESTest.java:162)

Running org.asynchttpclient.spnego.SpnegoEngine_ESTest
Tests run: 12, Failures: 0, Errors: 0, Skipped: 0, Time elapsed: 0.001 sec - in org.asynchttpclient.spnego.SpnegoEngine_ESTest
Running org.asynchttpclient.spnego.NamePasswordCallbackHandler_ESTest
Tests run: 5, Failures: 1, Errors: 0, Skipped: 0, Time elapsed: 0.023 sec <<< FAILURE! - in org.asynchttpclient.spnego.NamePasswordCallbackHandler_ESTest
test3(org.asynchttpclient.spnego.NamePasswordCallbackHandler_ESTest)  Time elapsed: 0 sec  <<< FAILURE!
java.lang.AssertionError: null
	at org.junit.Assert.fail(Assert.java:86)
	at org.junit.Assert.assertTrue(Assert.java:41)
	at org.junit.Assert.assertTrue(Assert.java:52)
	at org.asynchttpclient.spnego.NamePasswordCallbackHandler_ESTest.test3(NamePasswordCallbackHandler_ESTest.java:69)

Running org.asynchttpclient.spnego.SpnegoEngineException_ESTest
Tests run: 1, Failures: 0, Errors: 0, Skipped: 0, Time elapsed: 0.003 sec - in org.asynchttpclient.spnego.SpnegoEngineException_ESTest
Running org.asynchttpclient.util.DateUtils_ESTest
Tests run: 3, Failures: 2, Errors: 0, Skipped: 0, Time elapsed: 0.004 sec <<< FAILURE! - in org.asynchttpclient.util.DateUtils_ESTest
test1(org.asynchttpclient.util.DateUtils_ESTest)  Time elapsed: 0.001 sec  <<< FAILURE!
java.lang.AssertionError: expected:<1> but was:<-1>
	at org.junit.Assert.fail(Assert.java:88)
	at org.junit.Assert.failNotEquals(Assert.java:834)
	at org.junit.Assert.assertEquals(Assert.java:645)
	at org.junit.Assert.assertEquals(Assert.java:631)
	at org.asynchttpclient.util.DateUtils_ESTest.test1(DateUtils_ESTest.java:29)

test2(org.asynchttpclient.util.DateUtils_ESTest)  Time elapsed: 0.001 sec  <<< FAILURE!
java.lang.AssertionError: expected:<0> but was:<1392409281320>
	at org.junit.Assert.fail(Assert.java:88)
	at org.junit.Assert.failNotEquals(Assert.java:834)
	at org.junit.Assert.assertEquals(Assert.java:645)
	at org.junit.Assert.assertEquals(Assert.java:631)
	at org.asynchttpclient.util.DateUtils_ESTest.test2(DateUtils_ESTest.java:34)

Running org.asynchttpclient.util.ProxyUtils_ESTest
Tests run: 1, Failures: 0, Errors: 0, Skipped: 0, Time elapsed: 0.018 sec - in org.asynchttpclient.util.ProxyUtils_ESTest
Running org.asynchttpclient.util.HttpUtils_ESTest
Tests run: 328, Failures: 43, Errors: 0, Skipped: 0, Time elapsed: 1.398 sec <<< FAILURE! - in org.asynchttpclient.util.HttpUtils_ESTest
test44(org.asynchttpclient.util.HttpUtils_ESTest)  Time elapsed: 0.003 sec  <<< FAILURE!
java.lang.AssertionError: expected:<0> but was:<318>
	at org.junit.Assert.fail(Assert.java:88)
	at org.junit.Assert.failNotEquals(Assert.java:834)
	at org.junit.Assert.assertEquals(Assert.java:645)
	at org.junit.Assert.assertEquals(Assert.java:631)
	at org.asynchttpclient.util.HttpUtils_ESTest.test44(HttpUtils_ESTest.java:275)

test42(org.asynchttpclient.util.HttpUtils_ESTest)  Time elapsed: 0.002 sec  <<< FAILURE!
java.lang.AssertionError: null
	at org.junit.Assert.fail(Assert.java:86)
	at org.junit.Assert.assertTrue(Assert.java:41)
	at org.junit.Assert.assertTrue(Assert.java:52)
	at org.asynchttpclient.util.HttpUtils_ESTest.test42(HttpUtils_ESTest.java:263)

test51(org.asynchttpclient.util.HttpUtils_ESTest)  Time elapsed: 0.003 sec  <<< FAILURE!
java.lang.AssertionError: expected:<0> but was:<80>
	at org.junit.Assert.fail(Assert.java:88)
	at org.junit.Assert.failNotEquals(Assert.java:834)
	at org.junit.Assert.assertEquals(Assert.java:645)
	at org.junit.Assert.assertEquals(Assert.java:631)
	at org.asynchttpclient.util.HttpUtils_ESTest.test51(HttpUtils_ESTest.java:317)

test69(org.asynchttpclient.util.HttpUtils_ESTest)  Time elapsed: 0.001 sec  <<< FAILURE!
java.lang.AssertionError: null
	at org.junit.Assert.fail(Assert.java:86)
	at org.junit.Assert.assertTrue(Assert.java:41)
	at org.junit.Assert.assertTrue(Assert.java:52)
	at org.asynchttpclient.util.HttpUtils_ESTest.test69(HttpUtils_ESTest.java:413)

test252(org.asynchttpclient.util.HttpUtils_ESTest)  Time elapsed: 0.004 sec  <<< FAILURE!
java.lang.AssertionError: null
	at org.junit.Assert.fail(Assert.java:86)
	at org.junit.Assert.assertTrue(Assert.java:41)
	at org.junit.Assert.assertTrue(Assert.java:52)
	at org.asynchttpclient.util.HttpUtils_ESTest.test252(HttpUtils_ESTest.java:1784)

test130(org.asynchttpclient.util.HttpUtils_ESTest)  Time elapsed: 0.002 sec  <<< FAILURE!
java.lang.AssertionError: expected:<0> but was:<1>
	at org.junit.Assert.fail(Assert.java:88)
	at org.junit.Assert.failNotEquals(Assert.java:834)
	at org.junit.Assert.assertEquals(Assert.java:645)
	at org.junit.Assert.assertEquals(Assert.java:631)
	at org.asynchttpclient.util.HttpUtils_ESTest.test130(HttpUtils_ESTest.java:857)

test251(org.asynchttpclient.util.HttpUtils_ESTest)  Time elapsed: 0.002 sec  <<< FAILURE!
java.lang.AssertionError: expected:<0> but was:<-1>
	at org.junit.Assert.fail(Assert.java:88)
	at org.junit.Assert.failNotEquals(Assert.java:834)
	at org.junit.Assert.assertEquals(Assert.java:645)
	at org.junit.Assert.assertEquals(Assert.java:631)
	at org.asynchttpclient.util.HttpUtils_ESTest.test251(HttpUtils_ESTest.java:1777)

test77(org.asynchttpclient.util.HttpUtils_ESTest)  Time elapsed: 0.002 sec  <<< FAILURE!
java.lang.AssertionError: expected:<0> but was:<-403371614>
	at org.junit.Assert.fail(Assert.java:88)
	at org.junit.Assert.failNotEquals(Assert.java:834)
	at org.junit.Assert.assertEquals(Assert.java:645)
	at org.junit.Assert.assertEquals(Assert.java:631)
	at org.asynchttpclient.util.HttpUtils_ESTest.test77(HttpUtils_ESTest.java:461)

test70(org.asynchttpclient.util.HttpUtils_ESTest)  Time elapsed: 0.002 sec  <<< FAILURE!
java.lang.AssertionError: expected:<0> but was:<-403371614>
	at org.junit.Assert.fail(Assert.java:88)
	at org.junit.Assert.failNotEquals(Assert.java:834)
	at org.junit.Assert.assertEquals(Assert.java:645)
	at org.junit.Assert.assertEquals(Assert.java:631)
	at org.asynchttpclient.util.HttpUtils_ESTest.test70(HttpUtils_ESTest.java:419)

test74(org.asynchttpclient.util.HttpUtils_ESTest)  Time elapsed: 0.002 sec  <<< FAILURE!
java.lang.AssertionError: null
	at org.junit.Assert.fail(Assert.java:86)
	at org.junit.Assert.assertTrue(Assert.java:41)
	at org.junit.Assert.assertTrue(Assert.java:52)
	at org.asynchttpclient.util.HttpUtils_ESTest.test74(HttpUtils_ESTest.java:443)

test71(org.asynchttpclient.util.HttpUtils_ESTest)  Time elapsed: 0.001 sec  <<< FAILURE!
java.lang.AssertionError: expected:<0> but was:<80>
	at org.junit.Assert.fail(Assert.java:88)
	at org.junit.Assert.failNotEquals(Assert.java:834)
	at org.junit.Assert.assertEquals(Assert.java:645)
	at org.junit.Assert.assertEquals(Assert.java:631)
	at org.asynchttpclient.util.HttpUtils_ESTest.test71(HttpUtils_ESTest.java:425)

test129(org.asynchttpclient.util.HttpUtils_ESTest)  Time elapsed: 0.002 sec  <<< FAILURE!
java.lang.AssertionError: null
	at org.junit.Assert.fail(Assert.java:86)
	at org.junit.Assert.assertTrue(Assert.java:41)
	at org.junit.Assert.assertTrue(Assert.java:52)
	at org.asynchttpclient.util.HttpUtils_ESTest.test129(HttpUtils_ESTest.java:847)

test249(org.asynchttpclient.util.HttpUtils_ESTest)  Time elapsed: 0.002 sec  <<< FAILURE!
java.lang.AssertionError: null
	at org.junit.Assert.fail(Assert.java:86)
	at org.junit.Assert.assertTrue(Assert.java:41)
	at org.junit.Assert.assertNotNull(Assert.java:712)
	at org.junit.Assert.assertNotNull(Assert.java:722)
	at org.asynchttpclient.util.HttpUtils_ESTest.test249(HttpUtils_ESTest.java:1763)

test127(org.asynchttpclient.util.HttpUtils_ESTest)  Time elapsed: 0.002 sec  <<< FAILURE!
java.lang.AssertionError: expected:<0> but was:<10>
	at org.junit.Assert.fail(Assert.java:88)
	at org.junit.Assert.failNotEquals(Assert.java:834)
	at org.junit.Assert.assertEquals(Assert.java:645)
	at org.junit.Assert.assertEquals(Assert.java:631)
	at org.asynchttpclient.util.HttpUtils_ESTest.test127(HttpUtils_ESTest.java:827)

test248(org.asynchttpclient.util.HttpUtils_ESTest)  Time elapsed: 0.002 sec  <<< FAILURE!
java.lang.AssertionError: expected:<0> but was:<80>
	at org.junit.Assert.fail(Assert.java:88)
	at org.junit.Assert.failNotEquals(Assert.java:834)
	at org.junit.Assert.assertEquals(Assert.java:645)
	at org.junit.Assert.assertEquals(Assert.java:631)
	at org.asynchttpclient.util.HttpUtils_ESTest.test248(HttpUtils_ESTest.java:1756)

test261(org.asynchttpclient.util.HttpUtils_ESTest)  Time elapsed: 0.002 sec  <<< FAILURE!
java.lang.AssertionError: expected:<0> but was:<-1>
	at org.junit.Assert.fail(Assert.java:88)
	at org.junit.Assert.failNotEquals(Assert.java:834)
	at org.junit.Assert.assertEquals(Assert.java:645)
	at org.junit.Assert.assertEquals(Assert.java:631)
	at org.asynchttpclient.util.HttpUtils_ESTest.test261(HttpUtils_ESTest.java:1847)

test265(org.asynchttpclient.util.HttpUtils_ESTest)  Time elapsed: 0.002 sec  <<< FAILURE!
java.lang.AssertionError: expected:<0> but was:<443>
	at org.junit.Assert.fail(Assert.java:88)
	at org.junit.Assert.failNotEquals(Assert.java:834)
	at org.junit.Assert.assertEquals(Assert.java:645)
	at org.junit.Assert.assertEquals(Assert.java:631)
	at org.asynchttpclient.util.HttpUtils_ESTest.test265(HttpUtils_ESTest.java:1875)

test142(org.asynchttpclient.util.HttpUtils_ESTest)  Time elapsed: 0.002 sec  <<< FAILURE!
java.lang.AssertionError: expected:<0> but was:<5>
	at org.junit.Assert.fail(Assert.java:88)
	at org.junit.Assert.failNotEquals(Assert.java:834)
	at org.junit.Assert.assertEquals(Assert.java:645)
	at org.junit.Assert.assertEquals(Assert.java:631)
	at org.asynchttpclient.util.HttpUtils_ESTest.test142(HttpUtils_ESTest.java:977)

test141(org.asynchttpclient.util.HttpUtils_ESTest)  Time elapsed: 0.002 sec  <<< FAILURE!
java.lang.AssertionError: expected:<1> but was:<5>
	at org.junit.Assert.fail(Assert.java:88)
	at org.junit.Assert.failNotEquals(Assert.java:834)
	at org.junit.Assert.assertEquals(Assert.java:645)
	at org.junit.Assert.assertEquals(Assert.java:631)
	at org.asynchttpclient.util.HttpUtils_ESTest.test141(HttpUtils_ESTest.java:967)

test257(org.asynchttpclient.util.HttpUtils_ESTest)  Time elapsed: 0.002 sec  <<< FAILURE!
java.lang.AssertionError: expected:<0> but was:<80>
	at org.junit.Assert.fail(Assert.java:88)
	at org.junit.Assert.failNotEquals(Assert.java:834)
	at org.junit.Assert.assertEquals(Assert.java:645)
	at org.junit.Assert.assertEquals(Assert.java:631)
	at org.asynchttpclient.util.HttpUtils_ESTest.test257(HttpUtils_ESTest.java:1819)

test139(org.asynchttpclient.util.HttpUtils_ESTest)  Time elapsed: 0.001 sec  <<< FAILURE!
java.lang.AssertionError: null
	at org.junit.Assert.fail(Assert.java:86)
	at org.junit.Assert.assertTrue(Assert.java:41)
	at org.junit.Assert.assertTrue(Assert.java:52)
	at org.asynchttpclient.util.HttpUtils_ESTest.test139(HttpUtils_ESTest.java:947)

test259(org.asynchttpclient.util.HttpUtils_ESTest)  Time elapsed: 0.002 sec  <<< FAILURE!
java.lang.AssertionError: expected:<0> but was:<443>
	at org.junit.Assert.fail(Assert.java:88)
	at org.junit.Assert.failNotEquals(Assert.java:834)
	at org.junit.Assert.assertEquals(Assert.java:645)
	at org.junit.Assert.assertEquals(Assert.java:631)
	at org.asynchttpclient.util.HttpUtils_ESTest.test259(HttpUtils_ESTest.java:1833)

test19(org.asynchttpclient.util.HttpUtils_ESTest)  Time elapsed: 0.001 sec  <<< FAILURE!
java.lang.AssertionError: expected:<0> but was:<815>
	at org.junit.Assert.fail(Assert.java:88)
	at org.junit.Assert.failNotEquals(Assert.java:834)
	at org.junit.Assert.assertEquals(Assert.java:645)
	at org.junit.Assert.assertEquals(Assert.java:631)
	at org.asynchttpclient.util.HttpUtils_ESTest.test19(HttpUtils_ESTest.java:137)

test17(org.asynchttpclient.util.HttpUtils_ESTest)  Time elapsed: 0.002 sec  <<< FAILURE!
java.lang.AssertionError: expected:<0> but was:<815>
	at org.junit.Assert.fail(Assert.java:88)
	at org.junit.Assert.failNotEquals(Assert.java:834)
	at org.junit.Assert.assertEquals(Assert.java:645)
	at org.junit.Assert.assertEquals(Assert.java:631)
	at org.asynchttpclient.util.HttpUtils_ESTest.test17(HttpUtils_ESTest.java:125)

test267(org.asynchttpclient.util.HttpUtils_ESTest)  Time elapsed: 0.003 sec  <<< FAILURE!
java.lang.AssertionError: null
	at org.junit.Assert.fail(Assert.java:86)
	at org.junit.Assert.assertTrue(Assert.java:41)
	at org.junit.Assert.assertNotNull(Assert.java:712)
	at org.junit.Assert.assertNotNull(Assert.java:722)
	at org.asynchttpclient.util.HttpUtils_ESTest.test267(HttpUtils_ESTest.java:1889)

test266(org.asynchttpclient.util.HttpUtils_ESTest)  Time elapsed: 0.002 sec  <<< FAILURE!
java.lang.AssertionError: null
	at org.junit.Assert.fail(Assert.java:86)
	at org.junit.Assert.assertTrue(Assert.java:41)
	at org.junit.Assert.assertFalse(Assert.java:64)
	at org.junit.Assert.assertFalse(Assert.java:74)
	at org.asynchttpclient.util.HttpUtils_ESTest.test266(HttpUtils_ESTest.java:1882)

test286(org.asynchttpclient.util.HttpUtils_ESTest)  Time elapsed: 0.002 sec  <<< FAILURE!
java.lang.AssertionError: null
	at org.junit.Assert.fail(Assert.java:86)
	at org.junit.Assert.assertTrue(Assert.java:41)
	at org.junit.Assert.assertNotNull(Assert.java:712)
	at org.junit.Assert.assertNotNull(Assert.java:722)
	at org.asynchttpclient.util.HttpUtils_ESTest.test286(HttpUtils_ESTest.java:1995)

test23(org.asynchttpclient.util.HttpUtils_ESTest)  Time elapsed: 0.002 sec  <<< FAILURE!
java.lang.AssertionError: null
	at org.junit.Assert.fail(Assert.java:86)
	at org.junit.Assert.assertTrue(Assert.java:41)
	at org.junit.Assert.assertTrue(Assert.java:52)
	at org.asynchttpclient.util.HttpUtils_ESTest.test23(HttpUtils_ESTest.java:161)

test27(org.asynchttpclient.util.HttpUtils_ESTest)  Time elapsed: 0.002 sec  <<< FAILURE!
java.lang.AssertionError: expected:<0> but was:<80>
	at org.junit.Assert.fail(Assert.java:88)
	at org.junit.Assert.failNotEquals(Assert.java:834)
	at org.junit.Assert.assertEquals(Assert.java:645)
	at org.junit.Assert.assertEquals(Assert.java:631)
	at org.asynchttpclient.util.HttpUtils_ESTest.test27(HttpUtils_ESTest.java:185)

test290(org.asynchttpclient.util.HttpUtils_ESTest)  Time elapsed: 0.003 sec  <<< FAILURE!
java.lang.AssertionError: expected:<0> but was:<61>
	at org.junit.Assert.fail(Assert.java:88)
	at org.junit.Assert.failNotEquals(Assert.java:834)
	at org.junit.Assert.assertEquals(Assert.java:645)
	at org.junit.Assert.assertEquals(Assert.java:631)
	at org.asynchttpclient.util.HttpUtils_ESTest.test290(HttpUtils_ESTest.java:2019)

test289(org.asynchttpclient.util.HttpUtils_ESTest)  Time elapsed: 0.002 sec  <<< FAILURE!
java.lang.AssertionError: expected:<0> but was:<61>
	at org.junit.Assert.fail(Assert.java:88)
	at org.junit.Assert.failNotEquals(Assert.java:834)
	at org.junit.Assert.assertEquals(Assert.java:645)
	at org.junit.Assert.assertEquals(Assert.java:631)
	at org.asynchttpclient.util.HttpUtils_ESTest.test289(HttpUtils_ESTest.java:2013)

test288(org.asynchttpclient.util.HttpUtils_ESTest)  Time elapsed: 0.002 sec  <<< FAILURE!
java.lang.AssertionError: expected:<0> but was:<80>
	at org.junit.Assert.fail(Assert.java:88)
	at org.junit.Assert.failNotEquals(Assert.java:834)
	at org.junit.Assert.assertEquals(Assert.java:645)
	at org.junit.Assert.assertEquals(Assert.java:631)
	at org.asynchttpclient.util.HttpUtils_ESTest.test288(HttpUtils_ESTest.java:2007)

test181(org.asynchttpclient.util.HttpUtils_ESTest)  Time elapsed: 0.003 sec  <<< FAILURE!
java.lang.AssertionError: null
	at org.junit.Assert.fail(Assert.java:86)
	at org.junit.Assert.assertTrue(Assert.java:41)
	at org.junit.Assert.assertTrue(Assert.java:52)
	at org.asynchttpclient.util.HttpUtils_ESTest.test181(HttpUtils_ESTest.java:1287)

test195(org.asynchttpclient.util.HttpUtils_ESTest)  Time elapsed: 0.002 sec  <<< FAILURE!
java.lang.AssertionError: expected:<0> but was:<22>
	at org.junit.Assert.fail(Assert.java:88)
	at org.junit.Assert.failNotEquals(Assert.java:834)
	at org.junit.Assert.assertEquals(Assert.java:645)
	at org.junit.Assert.assertEquals(Assert.java:631)
	at org.asynchttpclient.util.HttpUtils_ESTest.test195(HttpUtils_ESTest.java:1427)

test194(org.asynchttpclient.util.HttpUtils_ESTest)  Time elapsed: 0.002 sec  <<< FAILURE!
java.lang.AssertionError: expected:<1> but was:<22>
	at org.junit.Assert.fail(Assert.java:88)
	at org.junit.Assert.failNotEquals(Assert.java:834)
	at org.junit.Assert.assertEquals(Assert.java:645)
	at org.junit.Assert.assertEquals(Assert.java:631)
	at org.asynchttpclient.util.HttpUtils_ESTest.test194(HttpUtils_ESTest.java:1417)

test198(org.asynchttpclient.util.HttpUtils_ESTest)  Time elapsed: 0.003 sec  <<< FAILURE!
java.lang.AssertionError: expected:<0> but was:<22>
	at org.junit.Assert.fail(Assert.java:88)
	at org.junit.Assert.failNotEquals(Assert.java:834)
	at org.junit.Assert.assertEquals(Assert.java:645)
	at org.junit.Assert.assertEquals(Assert.java:631)
	at org.asynchttpclient.util.HttpUtils_ESTest.test198(HttpUtils_ESTest.java:1457)

test189(org.asynchttpclient.util.HttpUtils_ESTest)  Time elapsed: 0.002 sec  <<< FAILURE!
java.lang.AssertionError: null
	at org.junit.Assert.fail(Assert.java:86)
	at org.junit.Assert.assertTrue(Assert.java:41)
	at org.junit.Assert.assertTrue(Assert.java:52)
	at org.asynchttpclient.util.HttpUtils_ESTest.test189(HttpUtils_ESTest.java:1367)

test320(org.asynchttpclient.util.HttpUtils_ESTest)  Time elapsed: 0.001 sec  <<< FAILURE!
java.lang.AssertionError: null
	at org.junit.Assert.fail(Assert.java:86)
	at org.junit.Assert.assertTrue(Assert.java:41)
	at org.junit.Assert.assertTrue(Assert.java:52)
	at org.asynchttpclient.util.HttpUtils_ESTest.test320(HttpUtils_ESTest.java:2187)

test310(org.asynchttpclient.util.HttpUtils_ESTest)  Time elapsed: 0.001 sec  <<< FAILURE!
java.lang.AssertionError: expected:<0> but was:<-1>
	at org.junit.Assert.fail(Assert.java:88)
	at org.junit.Assert.failNotEquals(Assert.java:834)
	at org.junit.Assert.assertEquals(Assert.java:645)
	at org.junit.Assert.assertEquals(Assert.java:631)
	at org.asynchttpclient.util.HttpUtils_ESTest.test310(HttpUtils_ESTest.java:2127)

test315(org.asynchttpclient.util.HttpUtils_ESTest)  Time elapsed: 0.003 sec  <<< FAILURE!
java.lang.AssertionError: expected:<0> but was:<80>
	at org.junit.Assert.fail(Assert.java:88)
	at org.junit.Assert.failNotEquals(Assert.java:834)
	at org.junit.Assert.assertEquals(Assert.java:645)
	at org.junit.Assert.assertEquals(Assert.java:631)
	at org.asynchttpclient.util.HttpUtils_ESTest.test315(HttpUtils_ESTest.java:2157)

test314(org.asynchttpclient.util.HttpUtils_ESTest)  Time elapsed: 0.002 sec  <<< FAILURE!
java.lang.AssertionError: null
	at org.junit.Assert.fail(Assert.java:86)
	at org.junit.Assert.assertTrue(Assert.java:41)
	at org.junit.Assert.assertNotNull(Assert.java:712)
	at org.junit.Assert.assertNotNull(Assert.java:722)
	at org.asynchttpclient.util.HttpUtils_ESTest.test314(HttpUtils_ESTest.java:2151)

test205(org.asynchttpclient.util.HttpUtils_ESTest)  Time elapsed: 0.003 sec  <<< FAILURE!
java.lang.AssertionError: null
	at org.junit.Assert.fail(Assert.java:86)
	at org.junit.Assert.assertTrue(Assert.java:41)
	at org.junit.Assert.assertNotNull(Assert.java:712)
	at org.junit.Assert.assertNotNull(Assert.java:722)
	at org.asynchttpclient.util.HttpUtils_ESTest.test205(HttpUtils_ESTest.java:1505)

test204(org.asynchttpclient.util.HttpUtils_ESTest)  Time elapsed: 0.002 sec  <<< FAILURE!
java.lang.AssertionError: null
	at org.junit.Assert.fail(Assert.java:86)
	at org.junit.Assert.assertTrue(Assert.java:41)
	at org.junit.Assert.assertNotNull(Assert.java:712)
	at org.junit.Assert.assertNotNull(Assert.java:722)
	at org.asynchttpclient.util.HttpUtils_ESTest.test204(HttpUtils_ESTest.java:1500)

Running org.asynchttpclient.util.UriEncoder_ESTest
Tests run: 20, Failures: 0, Errors: 0, Skipped: 0, Time elapsed: 0 sec - in org.asynchttpclient.util.UriEncoder_ESTest
Running org.asynchttpclient.util.AuthenticatorUtils_ESTest
Tests run: 45, Failures: 2, Errors: 0, Skipped: 0, Time elapsed: 0.544 sec <<< FAILURE! - in org.asynchttpclient.util.AuthenticatorUtils_ESTest
test34(org.asynchttpclient.util.AuthenticatorUtils_ESTest)  Time elapsed: 0.002 sec  <<< FAILURE!
java.lang.AssertionError: null
	at org.junit.Assert.fail(Assert.java:86)
	at org.junit.Assert.assertTrue(Assert.java:41)
	at org.junit.Assert.assertNotNull(Assert.java:712)
	at org.junit.Assert.assertNotNull(Assert.java:722)
	at org.asynchttpclient.util.AuthenticatorUtils_ESTest.test34(AuthenticatorUtils_ESTest.java:504)

test19(org.asynchttpclient.util.AuthenticatorUtils_ESTest)  Time elapsed: 0.002 sec  <<< FAILURE!
java.lang.AssertionError: null
	at org.junit.Assert.fail(Assert.java:86)
	at org.junit.Assert.assertTrue(Assert.java:41)
	at org.junit.Assert.assertNotNull(Assert.java:712)
	at org.junit.Assert.assertNotNull(Assert.java:722)
	at org.asynchttpclient.util.AuthenticatorUtils_ESTest.test19(AuthenticatorUtils_ESTest.java:326)

Running org.asynchttpclient.util.Utf8UrlEncoder_ESTest
Tests run: 27, Failures: 0, Errors: 0, Skipped: 0, Time elapsed: 0.066 sec - in org.asynchttpclient.util.Utf8UrlEncoder_ESTest
Running org.asynchttpclient.util.MessageDigestUtils_ESTest
Tests run: 3, Failures: 0, Errors: 0, Skipped: 0, Time elapsed: 0.005 sec - in org.asynchttpclient.util.MessageDigestUtils_ESTest
Running org.asynchttpclient.util.MiscUtils_ESTest
Tests run: 27, Failures: 11, Errors: 0, Skipped: 0, Time elapsed: 0.1 sec <<< FAILURE! - in org.asynchttpclient.util.MiscUtils_ESTest
test20(org.asynchttpclient.util.MiscUtils_ESTest)  Time elapsed: 0.001 sec  <<< FAILURE!
java.lang.AssertionError: null
	at org.junit.Assert.fail(Assert.java:86)
	at org.junit.Assert.assertTrue(Assert.java:41)
	at org.junit.Assert.assertTrue(Assert.java:52)
	at org.asynchttpclient.util.MiscUtils_ESTest.test20(MiscUtils_ESTest.java:168)

test21(org.asynchttpclient.util.MiscUtils_ESTest)  Time elapsed: 0.001 sec  <<< FAILURE!
java.lang.AssertionError: null
	at org.junit.Assert.fail(Assert.java:86)
	at org.junit.Assert.assertTrue(Assert.java:41)
	at org.junit.Assert.assertTrue(Assert.java:52)
	at org.asynchttpclient.util.MiscUtils_ESTest.test21(MiscUtils_ESTest.java:173)

test23(org.asynchttpclient.util.MiscUtils_ESTest)  Time elapsed: 0.001 sec  <<< FAILURE!
java.lang.AssertionError: null
	at org.junit.Assert.fail(Assert.java:86)
	at org.junit.Assert.assertTrue(Assert.java:41)
	at org.junit.Assert.assertTrue(Assert.java:52)
	at org.asynchttpclient.util.MiscUtils_ESTest.test23(MiscUtils_ESTest.java:185)

test24(org.asynchttpclient.util.MiscUtils_ESTest)  Time elapsed: 0 sec  <<< FAILURE!
java.lang.AssertionError: null
	at org.junit.Assert.fail(Assert.java:86)
	at org.junit.Assert.assertTrue(Assert.java:41)
	at org.junit.Assert.assertTrue(Assert.java:52)
	at org.asynchttpclient.util.MiscUtils_ESTest.test24(MiscUtils_ESTest.java:190)

test25(org.asynchttpclient.util.MiscUtils_ESTest)  Time elapsed: 0.001 sec  <<< FAILURE!
java.lang.AssertionError: null
	at org.junit.Assert.fail(Assert.java:86)
	at org.junit.Assert.assertTrue(Assert.java:41)
	at org.junit.Assert.assertTrue(Assert.java:52)
	at org.asynchttpclient.util.MiscUtils_ESTest.test25(MiscUtils_ESTest.java:195)

test7(org.asynchttpclient.util.MiscUtils_ESTest)  Time elapsed: 0.001 sec  <<< FAILURE!
java.lang.AssertionError: null
	at org.junit.Assert.fail(Assert.java:86)
	at org.junit.Assert.assertTrue(Assert.java:41)
	at org.junit.Assert.assertTrue(Assert.java:52)
	at org.asynchttpclient.util.MiscUtils_ESTest.test7(MiscUtils_ESTest.java:91)

test12(org.asynchttpclient.util.MiscUtils_ESTest)  Time elapsed: 0.014 sec  <<< FAILURE!
java.lang.AssertionError: null
	at org.junit.Assert.fail(Assert.java:86)
	at org.junit.Assert.assertTrue(Assert.java:41)
	at org.junit.Assert.assertNotNull(Assert.java:712)
	at org.junit.Assert.assertNotNull(Assert.java:722)
	at org.asynchttpclient.util.MiscUtils_ESTest.test12(MiscUtils_ESTest.java:119)

test14(org.asynchttpclient.util.MiscUtils_ESTest)  Time elapsed: 0.002 sec  <<< FAILURE!
java.lang.AssertionError: null
	at org.junit.Assert.fail(Assert.java:86)
	at org.junit.Assert.assertTrue(Assert.java:41)
	at org.junit.Assert.assertTrue(Assert.java:52)
	at org.asynchttpclient.util.MiscUtils_ESTest.test14(MiscUtils_ESTest.java:132)

test15(org.asynchttpclient.util.MiscUtils_ESTest)  Time elapsed: 0.002 sec  <<< FAILURE!
java.lang.AssertionError: null
	at org.junit.Assert.fail(Assert.java:86)
	at org.junit.Assert.assertTrue(Assert.java:41)
	at org.junit.Assert.assertTrue(Assert.java:52)
	at org.asynchttpclient.util.MiscUtils_ESTest.test15(MiscUtils_ESTest.java:137)

test17(org.asynchttpclient.util.MiscUtils_ESTest)  Time elapsed: 0.002 sec  <<< FAILURE!
java.lang.AssertionError: null
	at org.junit.Assert.fail(Assert.java:86)
	at org.junit.Assert.assertTrue(Assert.java:41)
	at org.junit.Assert.assertTrue(Assert.java:52)
	at org.asynchttpclient.util.MiscUtils_ESTest.test17(MiscUtils_ESTest.java:151)

test18(org.asynchttpclient.util.MiscUtils_ESTest)  Time elapsed: 0.003 sec  <<< FAILURE!
java.lang.AssertionError: null
	at org.junit.Assert.fail(Assert.java:86)
	at org.junit.Assert.assertTrue(Assert.java:41)
	at org.junit.Assert.assertTrue(Assert.java:52)
	at org.asynchttpclient.util.MiscUtils_ESTest.test18(MiscUtils_ESTest.java:156)

Running org.asynchttpclient.util.ThrowableUtil_ESTest
Tests run: 1, Failures: 0, Errors: 0, Skipped: 0, Time elapsed: 0 sec - in org.asynchttpclient.util.ThrowableUtil_ESTest
Running org.asynchttpclient.util.StringUtils_ESTest
Tests run: 14, Failures: 1, Errors: 0, Skipped: 0, Time elapsed: 0 sec <<< FAILURE! - in org.asynchttpclient.util.StringUtils_ESTest
test3(org.asynchttpclient.util.StringUtils_ESTest)  Time elapsed: 0 sec  <<< FAILURE!
java.lang.AssertionError: expected:<1> but was:<0>
	at org.junit.Assert.fail(Assert.java:88)
	at org.junit.Assert.failNotEquals(Assert.java:834)
	at org.junit.Assert.assertEquals(Assert.java:645)
	at org.junit.Assert.assertEquals(Assert.java:631)
	at org.asynchttpclient.util.StringUtils_ESTest.test3(StringUtils_ESTest.java:56)

Running org.asynchttpclient.util.StringBuilderPool_ESTest
Tests run: 1, Failures: 0, Errors: 0, Skipped: 0, Time elapsed: 0 sec - in org.asynchttpclient.util.StringBuilderPool_ESTest
Running org.asynchttpclient.DefaultAsyncHttpClient_ESTest
Tests run: 2, Failures: 0, Errors: 0, Skipped: 0, Time elapsed: 0.508 sec - in org.asynchttpclient.DefaultAsyncHttpClient_ESTest
Running org.asynchttpclient.SslEngineFactory_ESTest
Tests run: 7, Failures: 0, Errors: 0, Skipped: 0, Time elapsed: 0.259 sec - in org.asynchttpclient.SslEngineFactory_ESTest
Running org.asynchttpclient.channel.NoopChannelPool_ESTest
Tests run: 9, Failures: 3, Errors: 0, Skipped: 0, Time elapsed: 0.203 sec <<< FAILURE! - in org.asynchttpclient.channel.NoopChannelPool_ESTest
test3(org.asynchttpclient.channel.NoopChannelPool_ESTest)  Time elapsed: 0.001 sec  <<< FAILURE!
java.lang.AssertionError: null
	at org.junit.Assert.fail(Assert.java:86)
	at org.junit.Assert.assertTrue(Assert.java:41)
	at org.junit.Assert.assertTrue(Assert.java:52)
	at org.asynchttpclient.channel.NoopChannelPool_ESTest.test3(NoopChannelPool_ESTest.java:41)

test4(org.asynchttpclient.channel.NoopChannelPool_ESTest)  Time elapsed: 0.001 sec  <<< FAILURE!
java.lang.AssertionError: null
	at org.junit.Assert.fail(Assert.java:86)
	at org.junit.Assert.assertTrue(Assert.java:41)
	at org.junit.Assert.assertNotNull(Assert.java:712)
	at org.junit.Assert.assertNotNull(Assert.java:722)
	at org.asynchttpclient.channel.NoopChannelPool_ESTest.test4(NoopChannelPool_ESTest.java:48)

test7(org.asynchttpclient.channel.NoopChannelPool_ESTest)  Time elapsed: 0 sec  <<< FAILURE!
java.lang.AssertionError: null
	at org.junit.Assert.fail(Assert.java:86)
	at org.junit.Assert.assertTrue(Assert.java:41)
	at org.junit.Assert.assertTrue(Assert.java:52)
	at org.asynchttpclient.channel.NoopChannelPool_ESTest.test7(NoopChannelPool_ESTest.java:67)

Running org.asynchttpclient.ntlm.NtlmEngineException_ESTest
Tests run: 2, Failures: 0, Errors: 0, Skipped: 0, Time elapsed: 0.003 sec - in org.asynchttpclient.ntlm.NtlmEngineException_ESTest
Running org.asynchttpclient.ntlm.NtlmEngine_ESTest
Tests run: 41, Failures: 2, Errors: 0, Skipped: 0, Time elapsed: 0.055 sec <<< FAILURE! - in org.asynchttpclient.ntlm.NtlmEngine_ESTest
test16(org.asynchttpclient.ntlm.NtlmEngine_ESTest)  Time elapsed: 0 sec  <<< FAILURE!
java.lang.AssertionError: expected:<0> but was:<-1275068433>
	at org.junit.Assert.fail(Assert.java:88)
	at org.junit.Assert.failNotEquals(Assert.java:834)
	at org.junit.Assert.assertEquals(Assert.java:645)
	at org.junit.Assert.assertEquals(Assert.java:631)
	at org.asynchttpclient.ntlm.NtlmEngine_ESTest.test16(NtlmEngine_ESTest.java:167)

test3(org.asynchttpclient.ntlm.NtlmEngine_ESTest)  Time elapsed: 0.001 sec  <<< FAILURE!
java.lang.AssertionError: expected:<0> but was:<2382>
	at org.junit.Assert.fail(Assert.java:88)
	at org.junit.Assert.failNotEquals(Assert.java:834)
	at org.junit.Assert.assertEquals(Assert.java:645)
	at org.junit.Assert.assertEquals(Assert.java:631)
	at org.asynchttpclient.ntlm.NtlmEngine_ESTest.test3(NtlmEngine_ESTest.java:42)

Running org.asynchttpclient.Realm_ESTest
Tests run: 66, Failures: 0, Errors: 0, Skipped: 0, Time elapsed: 0.065 sec - in org.asynchttpclient.Realm_ESTest
Running org.asynchttpclient.Param_ESTest
Tests run: 25, Failures: 9, Errors: 0, Skipped: 0, Time elapsed: 0.095 sec <<< FAILURE! - in org.asynchttpclient.Param_ESTest
test8(org.asynchttpclient.Param_ESTest)  Time elapsed: 0.001 sec  <<< FAILURE!
java.lang.AssertionError: null
	at org.junit.Assert.fail(Assert.java:86)
	at org.junit.Assert.assertTrue(Assert.java:41)
	at org.junit.Assert.assertTrue(Assert.java:52)
	at org.asynchttpclient.Param_ESTest.test8(Param_ESTest.java:99)

test3(org.asynchttpclient.Param_ESTest)  Time elapsed: 0 sec  <<< FAILURE!
java.lang.AssertionError: null
	at org.junit.Assert.fail(Assert.java:86)
	at org.junit.Assert.assertTrue(Assert.java:41)
	at org.junit.Assert.assertNotNull(Assert.java:712)
	at org.junit.Assert.assertNotNull(Assert.java:722)
	at org.asynchttpclient.Param_ESTest.test3(Param_ESTest.java:45)

test23(org.asynchttpclient.Param_ESTest)  Time elapsed: 0.001 sec  <<< FAILURE!
java.lang.AssertionError: null
	at org.junit.Assert.fail(Assert.java:86)
	at org.junit.Assert.assertTrue(Assert.java:41)
	at org.junit.Assert.assertNotNull(Assert.java:712)
	at org.junit.Assert.assertNotNull(Assert.java:722)
	at org.asynchttpclient.Param_ESTest.test23(Param_ESTest.java:200)

test20(org.asynchttpclient.Param_ESTest)  Time elapsed: 0.001 sec  <<< FAILURE!
java.lang.AssertionError: expected:<0> but was:<1>
	at org.junit.Assert.fail(Assert.java:88)
	at org.junit.Assert.failNotEquals(Assert.java:834)
	at org.junit.Assert.assertEquals(Assert.java:645)
	at org.junit.Assert.assertEquals(Assert.java:631)
	at org.asynchttpclient.Param_ESTest.test20(Param_ESTest.java:181)

test18(org.asynchttpclient.Param_ESTest)  Time elapsed: 0.001 sec  <<< FAILURE!
java.lang.AssertionError: null
	at org.junit.Assert.fail(Assert.java:86)
	at org.junit.Assert.assertTrue(Assert.java:41)
	at org.junit.Assert.assertTrue(Assert.java:52)
	at org.asynchttpclient.Param_ESTest.test18(Param_ESTest.java:167)

test12(org.asynchttpclient.Param_ESTest)  Time elapsed: 0 sec  <<< FAILURE!
java.lang.AssertionError: null
	at org.junit.Assert.fail(Assert.java:86)
	at org.junit.Assert.assertTrue(Assert.java:41)
	at org.junit.Assert.assertTrue(Assert.java:52)
	at org.asynchttpclient.Param_ESTest.test12(Param_ESTest.java:127)

test10(org.asynchttpclient.Param_ESTest)  Time elapsed: 0.001 sec  <<< FAILURE!
java.lang.AssertionError: null
	at org.junit.Assert.fail(Assert.java:86)
	at org.junit.Assert.assertTrue(Assert.java:41)
	at org.junit.Assert.assertTrue(Assert.java:52)
	at org.asynchttpclient.Param_ESTest.test10(Param_ESTest.java:113)

test16(org.asynchttpclient.Param_ESTest)  Time elapsed: 0 sec  <<< FAILURE!
java.lang.AssertionError: null
	at org.junit.Assert.fail(Assert.java:86)
	at org.junit.Assert.assertTrue(Assert.java:41)
	at org.junit.Assert.assertTrue(Assert.java:52)
	at org.asynchttpclient.Param_ESTest.test16(Param_ESTest.java:154)

test14(org.asynchttpclient.Param_ESTest)  Time elapsed: 0.001 sec  <<< FAILURE!
java.lang.AssertionError: null
	at org.junit.Assert.fail(Assert.java:86)
	at org.junit.Assert.assertTrue(Assert.java:41)
	at org.junit.Assert.assertTrue(Assert.java:52)
	at org.asynchttpclient.Param_ESTest.test14(Param_ESTest.java:141)

Running org.asynchttpclient.BoundRequestBuilder_ESTest
Tests run: 8, Failures: 1, Errors: 0, Skipped: 0, Time elapsed: 0.221 sec <<< FAILURE! - in org.asynchttpclient.BoundRequestBuilder_ESTest
test5(org.asynchttpclient.BoundRequestBuilder_ESTest)  Time elapsed: 0.028 sec  <<< FAILURE!
java.lang.AssertionError: null
	at org.junit.Assert.fail(Assert.java:86)
	at org.junit.Assert.assertTrue(Assert.java:41)
	at org.junit.Assert.assertNotNull(Assert.java:712)
	at org.junit.Assert.assertNotNull(Assert.java:722)
	at org.asynchttpclient.BoundRequestBuilder_ESTest.test5(BoundRequestBuilder_ESTest.java:99)

Running org.asynchttpclient.handler.BodyDeferringAsyncHandler_ESTest
Tests run: 14, Failures: 1, Errors: 0, Skipped: 0, Time elapsed: 0.311 sec <<< FAILURE! - in org.asynchttpclient.handler.BodyDeferringAsyncHandler_ESTest
test6(org.asynchttpclient.handler.BodyDeferringAsyncHandler_ESTest)  Time elapsed: 0.003 sec  <<< FAILURE!
java.lang.AssertionError: null
	at org.junit.Assert.fail(Assert.java:86)
	at org.junit.Assert.assertTrue(Assert.java:41)
	at org.junit.Assert.assertNotNull(Assert.java:712)
	at org.junit.Assert.assertNotNull(Assert.java:722)
	at org.asynchttpclient.handler.BodyDeferringAsyncHandler_ESTest.test6(BodyDeferringAsyncHandler_ESTest.java:129)

Running org.asynchttpclient.handler.TransferCompletionHandler_ESTest
Tests run: 19, Failures: 1, Errors: 0, Skipped: 0, Time elapsed: 0.811 sec <<< FAILURE! - in org.asynchttpclient.handler.TransferCompletionHandler_ESTest
test1(org.asynchttpclient.handler.TransferCompletionHandler_ESTest)  Time elapsed: 0.004 sec  <<< FAILURE!
java.lang.AssertionError: null
	at org.junit.Assert.fail(Assert.java:86)
	at org.junit.Assert.assertTrue(Assert.java:41)
	at org.junit.Assert.assertNotNull(Assert.java:712)
	at org.junit.Assert.assertNotNull(Assert.java:722)
	at org.asynchttpclient.handler.TransferCompletionHandler_ESTest.test1(TransferCompletionHandler_ESTest.java:53)

Running org.asynchttpclient.handler.MaxRedirectException_ESTest
Tests run: 1, Failures: 0, Errors: 0, Skipped: 0, Time elapsed: 0 sec - in org.asynchttpclient.handler.MaxRedirectException_ESTest
Running org.asynchttpclient.handler.resumable.ResumableAsyncHandler_ESTest
Tests run: 20, Failures: 2, Errors: 0, Skipped: 0, Time elapsed: 3.96 sec <<< FAILURE! - in org.asynchttpclient.handler.resumable.ResumableAsyncHandler_ESTest
test13(org.asynchttpclient.handler.resumable.ResumableAsyncHandler_ESTest)  Time elapsed: 0.003 sec  <<< FAILURE!
java.lang.AssertionError: null
	at org.junit.Assert.fail(Assert.java:86)
	at org.junit.Assert.assertTrue(Assert.java:41)
	at org.junit.Assert.assertNotNull(Assert.java:712)
	at org.junit.Assert.assertNotNull(Assert.java:722)
	at org.asynchttpclient.handler.resumable.ResumableAsyncHandler_ESTest.test13(ResumableAsyncHandler_ESTest.java:176)

test19(org.asynchttpclient.handler.resumable.ResumableAsyncHandler_ESTest)  Time elapsed: 0.003 sec  <<< FAILURE!
java.lang.AssertionError: null
	at org.junit.Assert.fail(Assert.java:86)
	at org.junit.Assert.assertTrue(Assert.java:41)
	at org.junit.Assert.assertNotNull(Assert.java:712)
	at org.junit.Assert.assertNotNull(Assert.java:722)
	at org.asynchttpclient.handler.resumable.ResumableAsyncHandler_ESTest.test19(ResumableAsyncHandler_ESTest.java:245)

Running org.asynchttpclient.handler.resumable.ResumableRandomAccessFileListener_ESTest
Tests run: 3, Failures: 0, Errors: 0, Skipped: 0, Time elapsed: 0.001 sec - in org.asynchttpclient.handler.resumable.ResumableRandomAccessFileListener_ESTest
Running org.asynchttpclient.filter.ReleasePermitOnComplete_ESTest
Tests run: 3, Failures: 0, Errors: 0, Skipped: 0, Time elapsed: 0.338 sec - in org.asynchttpclient.filter.ReleasePermitOnComplete_ESTest
Running org.asynchttpclient.filter.ThrottleRequestFilter_ESTest
Tests run: 3, Failures: 0, Errors: 0, Skipped: 0, Time elapsed: 0.252 sec - in org.asynchttpclient.filter.ThrottleRequestFilter_ESTest
Running org.asynchttpclient.filter.FilterException_ESTest
Tests run: 1, Failures: 0, Errors: 0, Skipped: 0, Time elapsed: 0.002 sec - in org.asynchttpclient.filter.FilterException_ESTest
Running org.asynchttpclient.ClientStats_ESTest
Tests run: 21, Failures: 8, Errors: 0, Skipped: 0, Time elapsed: 0.014 sec <<< FAILURE! - in org.asynchttpclient.ClientStats_ESTest
test16(org.asynchttpclient.ClientStats_ESTest)  Time elapsed: 0 sec  <<< FAILURE!
java.lang.AssertionError: null
	at org.junit.Assert.fail(Assert.java:86)
	at org.junit.Assert.assertTrue(Assert.java:41)
	at org.junit.Assert.assertTrue(Assert.java:52)
	at org.asynchttpclient.ClientStats_ESTest.test16(ClientStats_ESTest.java:194)

test14(org.asynchttpclient.ClientStats_ESTest)  Time elapsed: 0 sec  <<< FAILURE!
java.lang.AssertionError: null
	at org.junit.Assert.fail(Assert.java:86)
	at org.junit.Assert.assertTrue(Assert.java:41)
	at org.junit.Assert.assertTrue(Assert.java:52)
	at org.asynchttpclient.ClientStats_ESTest.test14(ClientStats_ESTest.java:180)

test11(org.asynchttpclient.ClientStats_ESTest)  Time elapsed: 0 sec  <<< FAILURE!
java.lang.AssertionError: expected:<1> but was:<0>
	at org.junit.Assert.fail(Assert.java:88)
	at org.junit.Assert.failNotEquals(Assert.java:834)
	at org.junit.Assert.assertEquals(Assert.java:645)
	at org.junit.Assert.assertEquals(Assert.java:631)
	at org.asynchttpclient.ClientStats_ESTest.test11(ClientStats_ESTest.java:158)

test12(org.asynchttpclient.ClientStats_ESTest)  Time elapsed: 0.001 sec  <<< FAILURE!
java.lang.AssertionError: expected:<1> but was:<0>
	at org.junit.Assert.fail(Assert.java:88)
	at org.junit.Assert.failNotEquals(Assert.java:834)
	at org.junit.Assert.assertEquals(Assert.java:645)
	at org.junit.Assert.assertEquals(Assert.java:631)
	at org.asynchttpclient.ClientStats_ESTest.test12(ClientStats_ESTest.java:165)

test5(org.asynchttpclient.ClientStats_ESTest)  Time elapsed: 0.001 sec  <<< FAILURE!
java.lang.AssertionError: expected:<1> but was:<-1665>
	at org.junit.Assert.fail(Assert.java:88)
	at org.junit.Assert.failNotEquals(Assert.java:834)
	at org.junit.Assert.assertEquals(Assert.java:645)
	at org.junit.Assert.assertEquals(Assert.java:631)
	at org.asynchttpclient.ClientStats_ESTest.test5(ClientStats_ESTest.java:74)

test4(org.asynchttpclient.ClientStats_ESTest)  Time elapsed: 0 sec  <<< FAILURE!
java.lang.AssertionError: expected:<1> but was:<327>
	at org.junit.Assert.fail(Assert.java:88)
	at org.junit.Assert.failNotEquals(Assert.java:834)
	at org.junit.Assert.assertEquals(Assert.java:645)
	at org.junit.Assert.assertEquals(Assert.java:631)
	at org.asynchttpclient.ClientStats_ESTest.test4(ClientStats_ESTest.java:65)

test3(org.asynchttpclient.ClientStats_ESTest)  Time elapsed: 0.001 sec  <<< FAILURE!
java.lang.AssertionError: expected:<1> but was:<-2926>
	at org.junit.Assert.fail(Assert.java:88)
	at org.junit.Assert.failNotEquals(Assert.java:834)
	at org.junit.Assert.assertEquals(Assert.java:645)
	at org.junit.Assert.assertEquals(Assert.java:631)
	at org.asynchttpclient.ClientStats_ESTest.test3(ClientStats_ESTest.java:56)

test2(org.asynchttpclient.ClientStats_ESTest)  Time elapsed: 0.001 sec  <<< FAILURE!
java.lang.AssertionError: expected:<1> but was:<2>
	at org.junit.Assert.fail(Assert.java:88)
	at org.junit.Assert.failNotEquals(Assert.java:834)
	at org.junit.Assert.assertEquals(Assert.java:645)
	at org.junit.Assert.assertEquals(Assert.java:631)
	at org.asynchttpclient.ClientStats_ESTest.test2(ClientStats_ESTest.java:47)

Running org.asynchttpclient.request.body.multipart.InputStreamPart_ESTest
Tests run: 12, Failures: 3, Errors: 0, Skipped: 0, Time elapsed: 0.038 sec <<< FAILURE! - in org.asynchttpclient.request.body.multipart.InputStreamPart_ESTest
test10(org.asynchttpclient.request.body.multipart.InputStreamPart_ESTest)  Time elapsed: 0.003 sec  <<< FAILURE!
java.lang.AssertionError: expected:<0> but was:<-1>
	at org.junit.Assert.fail(Assert.java:88)
	at org.junit.Assert.failNotEquals(Assert.java:834)
	at org.junit.Assert.assertEquals(Assert.java:645)
	at org.junit.Assert.assertEquals(Assert.java:631)
	at org.asynchttpclient.request.body.multipart.InputStreamPart_ESTest.test10(InputStreamPart_ESTest.java:146)

test6(org.asynchttpclient.request.body.multipart.InputStreamPart_ESTest)  Time elapsed: 0.002 sec  <<< FAILURE!
java.lang.AssertionError: expected:<1> but was:<1327>
	at org.junit.Assert.fail(Assert.java:88)
	at org.junit.Assert.failNotEquals(Assert.java:834)
	at org.junit.Assert.assertEquals(Assert.java:645)
	at org.junit.Assert.assertEquals(Assert.java:631)
	at org.asynchttpclient.request.body.multipart.InputStreamPart_ESTest.test6(InputStreamPart_ESTest.java:109)

test8(org.asynchttpclient.request.body.multipart.InputStreamPart_ESTest)  Time elapsed: 0.001 sec  <<< FAILURE!
java.lang.AssertionError: expected:<0> but was:<2429>
	at org.junit.Assert.fail(Assert.java:88)
	at org.junit.Assert.failNotEquals(Assert.java:834)
	at org.junit.Assert.assertEquals(Assert.java:645)
	at org.junit.Assert.assertEquals(Assert.java:631)
	at org.asynchttpclient.request.body.multipart.InputStreamPart_ESTest.test8(InputStreamPart_ESTest.java:126)

Running org.asynchttpclient.request.body.multipart.FilePart_ESTest
Tests run: 23, Failures: 3, Errors: 0, Skipped: 0, Time elapsed: 0.064 sec <<< FAILURE! - in org.asynchttpclient.request.body.multipart.FilePart_ESTest
test3(org.asynchttpclient.request.body.multipart.FilePart_ESTest)  Time elapsed: 0.002 sec  <<< FAILURE!
java.lang.AssertionError: expected:<1> but was:<0>
	at org.junit.Assert.fail(Assert.java:88)
	at org.junit.Assert.failNotEquals(Assert.java:834)
	at org.junit.Assert.assertEquals(Assert.java:645)
	at org.junit.Assert.assertEquals(Assert.java:631)
	at org.asynchttpclient.request.body.multipart.FilePart_ESTest.test3(FilePart_ESTest.java:57)

test2(org.asynchttpclient.request.body.multipart.FilePart_ESTest)  Time elapsed: 0.002 sec  <<< FAILURE!
java.lang.AssertionError: null
	at org.junit.Assert.fail(Assert.java:86)
	at org.junit.Assert.assertTrue(Assert.java:41)
	at org.junit.Assert.assertFalse(Assert.java:64)
	at org.junit.Assert.assertFalse(Assert.java:74)
	at org.asynchttpclient.request.body.multipart.FilePart_ESTest.test2(FilePart_ESTest.java:49)

test1(org.asynchttpclient.request.body.multipart.FilePart_ESTest)  Time elapsed: 0.002 sec  <<< FAILURE!
java.lang.AssertionError: null
	at org.junit.Assert.fail(Assert.java:86)
	at org.junit.Assert.assertTrue(Assert.java:41)
	at org.junit.Assert.assertFalse(Assert.java:64)
	at org.junit.Assert.assertFalse(Assert.java:74)
	at org.asynchttpclient.request.body.multipart.FilePart_ESTest.test1(FilePart_ESTest.java:40)

Running org.asynchttpclient.request.body.multipart.ByteArrayPart_ESTest
Tests run: 12, Failures: 0, Errors: 0, Skipped: 0, Time elapsed: 0.034 sec - in org.asynchttpclient.request.body.multipart.ByteArrayPart_ESTest
Running org.asynchttpclient.request.body.multipart.PartBase_ESTest
Tests run: 40, Failures: 3, Errors: 0, Skipped: 0, Time elapsed: 0.045 sec <<< FAILURE! - in org.asynchttpclient.request.body.multipart.PartBase_ESTest
test26(org.asynchttpclient.request.body.multipart.PartBase_ESTest)  Time elapsed: 0.002 sec  <<< FAILURE!
java.lang.AssertionError: null
	at org.junit.Assert.fail(Assert.java:86)
	at org.junit.Assert.assertTrue(Assert.java:41)
	at org.junit.Assert.assertNotNull(Assert.java:712)
	at org.junit.Assert.assertNotNull(Assert.java:722)
	at org.asynchttpclient.request.body.multipart.PartBase_ESTest.test26(PartBase_ESTest.java:227)

test30(org.asynchttpclient.request.body.multipart.PartBase_ESTest)  Time elapsed: 0.001 sec  <<< FAILURE!
java.lang.AssertionError: null
	at org.junit.Assert.fail(Assert.java:86)
	at org.junit.Assert.assertTrue(Assert.java:41)
	at org.junit.Assert.assertNotNull(Assert.java:712)
	at org.junit.Assert.assertNotNull(Assert.java:722)
	at org.asynchttpclient.request.body.multipart.PartBase_ESTest.test30(PartBase_ESTest.java:254)

test38(org.asynchttpclient.request.body.multipart.PartBase_ESTest)  Time elapsed: 0.001 sec  <<< FAILURE!
java.lang.AssertionError: null
	at org.junit.Assert.fail(Assert.java:86)
	at org.junit.Assert.assertTrue(Assert.java:41)
	at org.junit.Assert.assertNotNull(Assert.java:712)
	at org.junit.Assert.assertNotNull(Assert.java:722)
	at org.asynchttpclient.request.body.multipart.PartBase_ESTest.test38(PartBase_ESTest.java:309)

Running org.asynchttpclient.request.body.multipart.MultipartUtils_ESTest
Tests run: 6, Failures: 0, Errors: 0, Skipped: 0, Time elapsed: 0.374 sec - in org.asynchttpclient.request.body.multipart.MultipartUtils_ESTest
Running org.asynchttpclient.request.body.multipart.StringPart_ESTest
Tests run: 11, Failures: 0, Errors: 0, Skipped: 0, Time elapsed: 0.017 sec - in org.asynchttpclient.request.body.multipart.StringPart_ESTest
Running org.asynchttpclient.request.body.multipart.FileLikePart_ESTest
Tests run: 8, Failures: 0, Errors: 0, Skipped: 0, Time elapsed: 0.016 sec - in org.asynchttpclient.request.body.multipart.FileLikePart_ESTest
Running org.asynchttpclient.request.body.multipart.part.StringMultipartPart_ESTest
Tests run: 16, Failures: 3, Errors: 0, Skipped: 0, Time elapsed: 0.256 sec <<< FAILURE! - in org.asynchttpclient.request.body.multipart.part.StringMultipartPart_ESTest
test14(org.asynchttpclient.request.body.multipart.part.StringMultipartPart_ESTest)  Time elapsed: 0.005 sec  <<< FAILURE!
java.lang.AssertionError: expected:<0> but was:<13>
	at org.junit.Assert.fail(Assert.java:88)
	at org.junit.Assert.failNotEquals(Assert.java:834)
	at org.junit.Assert.assertEquals(Assert.java:645)
	at org.junit.Assert.assertEquals(Assert.java:631)
	at org.asynchttpclient.request.body.multipart.part.StringMultipartPart_ESTest.test14(StringMultipartPart_ESTest.java:275)

test13(org.asynchttpclient.request.body.multipart.part.StringMultipartPart_ESTest)  Time elapsed: 0.003 sec  <<< FAILURE!
java.lang.AssertionError: expected:<1> but was:<0>
	at org.junit.Assert.fail(Assert.java:88)
	at org.junit.Assert.failNotEquals(Assert.java:834)
	at org.junit.Assert.assertEquals(Assert.java:645)
	at org.junit.Assert.assertEquals(Assert.java:631)
	at org.asynchttpclient.request.body.multipart.part.StringMultipartPart_ESTest.test13(StringMultipartPart_ESTest.java:256)

test15(org.asynchttpclient.request.body.multipart.part.StringMultipartPart_ESTest)  Time elapsed: 0.002 sec  <<< FAILURE!
java.lang.AssertionError: expected:<1> but was:<7>
	at org.junit.Assert.fail(Assert.java:88)
	at org.junit.Assert.failNotEquals(Assert.java:834)
	at org.junit.Assert.assertEquals(Assert.java:645)
	at org.junit.Assert.assertEquals(Assert.java:631)
	at org.asynchttpclient.request.body.multipart.part.StringMultipartPart_ESTest.test15(StringMultipartPart_ESTest.java:283)

Running org.asynchttpclient.request.body.multipart.part.MessageEndMultipartPart_ESTest
Tests run: 20, Failures: 4, Errors: 0, Skipped: 0, Time elapsed: 0.245 sec <<< FAILURE! - in org.asynchttpclient.request.body.multipart.part.MessageEndMultipartPart_ESTest
test3(org.asynchttpclient.request.body.multipart.part.MessageEndMultipartPart_ESTest)  Time elapsed: 0.003 sec  <<< FAILURE!
java.lang.AssertionError: expected:<0> but was:<7>
	at org.junit.Assert.fail(Assert.java:88)
	at org.junit.Assert.failNotEquals(Assert.java:834)
	at org.junit.Assert.assertEquals(Assert.java:645)
	at org.junit.Assert.assertEquals(Assert.java:631)
	at org.asynchttpclient.request.body.multipart.part.MessageEndMultipartPart_ESTest.test3(MessageEndMultipartPart_ESTest.java:74)

test2(org.asynchttpclient.request.body.multipart.part.MessageEndMultipartPart_ESTest)  Time elapsed: 0.004 sec  <<< FAILURE!
java.lang.AssertionError: expected:<1> but was:<8>
	at org.junit.Assert.fail(Assert.java:88)
	at org.junit.Assert.failNotEquals(Assert.java:834)
	at org.junit.Assert.assertEquals(Assert.java:645)
	at org.junit.Assert.assertEquals(Assert.java:631)
	at org.asynchttpclient.request.body.multipart.part.MessageEndMultipartPart_ESTest.test2(MessageEndMultipartPart_ESTest.java:67)

test4(org.asynchttpclient.request.body.multipart.part.MessageEndMultipartPart_ESTest)  Time elapsed: 0.003 sec  <<< FAILURE!
java.lang.AssertionError: expected:<1> but was:<0>
	at org.junit.Assert.fail(Assert.java:88)
	at org.junit.Assert.failNotEquals(Assert.java:834)
	at org.junit.Assert.assertEquals(Assert.java:645)
	at org.junit.Assert.assertEquals(Assert.java:631)
	at org.asynchttpclient.request.body.multipart.part.MessageEndMultipartPart_ESTest.test4(MessageEndMultipartPart_ESTest.java:81)

test1(org.asynchttpclient.request.body.multipart.part.MessageEndMultipartPart_ESTest)  Time elapsed: 0.004 sec  <<< FAILURE!
java.lang.AssertionError: expected:<1> but was:<15>
	at org.junit.Assert.fail(Assert.java:88)
	at org.junit.Assert.failNotEquals(Assert.java:834)
	at org.junit.Assert.assertEquals(Assert.java:645)
	at org.junit.Assert.assertEquals(Assert.java:631)
	at org.asynchttpclient.request.body.multipart.part.MessageEndMultipartPart_ESTest.test1(MessageEndMultipartPart_ESTest.java:58)

Running org.asynchttpclient.request.body.multipart.part.InputStreamMultipartPart_ESTest
Tests run: 32, Failures: 9, Errors: 0, Skipped: 0, Time elapsed: 0.372 sec <<< FAILURE! - in org.asynchttpclient.request.body.multipart.part.InputStreamMultipartPart_ESTest
test28(org.asynchttpclient.request.body.multipart.part.InputStreamMultipartPart_ESTest)  Time elapsed: 0.005 sec  <<< FAILURE!
java.lang.AssertionError: expected:<1> but was:<3>
	at org.junit.Assert.fail(Assert.java:88)
	at org.junit.Assert.failNotEquals(Assert.java:834)
	at org.junit.Assert.assertEquals(Assert.java:645)
	at org.junit.Assert.assertEquals(Assert.java:631)
	at org.asynchttpclient.request.body.multipart.part.InputStreamMultipartPart_ESTest.test28(InputStreamMultipartPart_ESTest.java:575)

test26(org.asynchttpclient.request.body.multipart.part.InputStreamMultipartPart_ESTest)  Time elapsed: 0.003 sec  <<< FAILURE!
java.lang.AssertionError: expected:<1> but was:<3>
	at org.junit.Assert.fail(Assert.java:88)
	at org.junit.Assert.failNotEquals(Assert.java:834)
	at org.junit.Assert.assertEquals(Assert.java:645)
	at org.junit.Assert.assertEquals(Assert.java:631)
	at org.asynchttpclient.request.body.multipart.part.InputStreamMultipartPart_ESTest.test26(InputStreamMultipartPart_ESTest.java:551)

test24(org.asynchttpclient.request.body.multipart.part.InputStreamMultipartPart_ESTest)  Time elapsed: 0.004 sec  <<< FAILURE!
java.lang.AssertionError: expected:<1> but was:<0>
	at org.junit.Assert.fail(Assert.java:88)
	at org.junit.Assert.failNotEquals(Assert.java:834)
	at org.junit.Assert.assertEquals(Assert.java:645)
	at org.junit.Assert.assertEquals(Assert.java:631)
	at org.asynchttpclient.request.body.multipart.part.InputStreamMultipartPart_ESTest.test24(InputStreamMultipartPart_ESTest.java:529)

test23(org.asynchttpclient.request.body.multipart.part.InputStreamMultipartPart_ESTest)  Time elapsed: 0.003 sec  <<< FAILURE!
java.lang.AssertionError: null
	at org.junit.Assert.fail(Assert.java:86)
	at org.junit.Assert.assertTrue(Assert.java:41)
	at org.junit.Assert.assertTrue(Assert.java:52)
	at org.asynchttpclient.request.body.multipart.part.InputStreamMultipartPart_ESTest.test23(InputStreamMultipartPart_ESTest.java:516)

test4(org.asynchttpclient.request.body.multipart.part.InputStreamMultipartPart_ESTest)  Time elapsed: 0.003 sec  <<< FAILURE!
java.lang.AssertionError: expected:<1> but was:<0>
	at org.junit.Assert.fail(Assert.java:88)
	at org.junit.Assert.failNotEquals(Assert.java:834)
	at org.junit.Assert.assertEquals(Assert.java:645)
	at org.junit.Assert.assertEquals(Assert.java:631)
	at org.asynchttpclient.request.body.multipart.part.InputStreamMultipartPart_ESTest.test4(InputStreamMultipartPart_ESTest.java:142)

test5(org.asynchttpclient.request.body.multipart.part.InputStreamMultipartPart_ESTest)  Time elapsed: 0.002 sec  <<< FAILURE!
java.lang.AssertionError: expected:<0> but was:<44>
	at org.junit.Assert.fail(Assert.java:88)
	at org.junit.Assert.failNotEquals(Assert.java:834)
	at org.junit.Assert.assertEquals(Assert.java:645)
	at org.junit.Assert.assertEquals(Assert.java:631)
	at org.asynchttpclient.request.body.multipart.part.InputStreamMultipartPart_ESTest.test5(InputStreamMultipartPart_ESTest.java:151)

test3(org.asynchttpclient.request.body.multipart.part.InputStreamMultipartPart_ESTest)  Time elapsed: 0.003 sec  <<< FAILURE!
java.lang.AssertionError: expected:<1> but was:<-1>
	at org.junit.Assert.fail(Assert.java:88)
	at org.junit.Assert.failNotEquals(Assert.java:834)
	at org.junit.Assert.assertEquals(Assert.java:645)
	at org.junit.Assert.assertEquals(Assert.java:631)
	at org.asynchttpclient.request.body.multipart.part.InputStreamMultipartPart_ESTest.test3(InputStreamMultipartPart_ESTest.java:131)

test6(org.asynchttpclient.request.body.multipart.part.InputStreamMultipartPart_ESTest)  Time elapsed: 0.003 sec  <<< FAILURE!
java.lang.AssertionError: expected:<1> but was:<-1>
	at org.junit.Assert.fail(Assert.java:88)
	at org.junit.Assert.failNotEquals(Assert.java:834)
	at org.junit.Assert.assertEquals(Assert.java:645)
	at org.junit.Assert.assertEquals(Assert.java:631)
	at org.asynchttpclient.request.body.multipart.part.InputStreamMultipartPart_ESTest.test6(InputStreamMultipartPart_ESTest.java:161)

test30(org.asynchttpclient.request.body.multipart.part.InputStreamMultipartPart_ESTest)  Time elapsed: 0.003 sec  <<< FAILURE!
java.lang.AssertionError: expected:<1> but was:<0>
	at org.junit.Assert.fail(Assert.java:88)
	at org.junit.Assert.failNotEquals(Assert.java:834)
	at org.junit.Assert.assertEquals(Assert.java:645)
	at org.junit.Assert.assertEquals(Assert.java:631)
	at org.asynchttpclient.request.body.multipart.part.InputStreamMultipartPart_ESTest.test30(InputStreamMultipartPart_ESTest.java:603)

Running org.asynchttpclient.request.body.multipart.part.FileLikeMultipartPart_ESTest
Tests run: 3, Failures: 0, Errors: 0, Skipped: 0, Time elapsed: 0.23 sec - in org.asynchttpclient.request.body.multipart.part.FileLikeMultipartPart_ESTest
Running org.asynchttpclient.request.body.multipart.part.MultipartPart_ESTest
Tests run: 73, Failures: 18, Errors: 0, Skipped: 0, Time elapsed: 0.487 sec <<< FAILURE! - in org.asynchttpclient.request.body.multipart.part.MultipartPart_ESTest
test5(org.asynchttpclient.request.body.multipart.part.MultipartPart_ESTest)  Time elapsed: 0.004 sec  <<< FAILURE!
java.lang.AssertionError: expected:<0> but was:<56>
	at org.junit.Assert.fail(Assert.java:88)
	at org.junit.Assert.failNotEquals(Assert.java:834)
	at org.junit.Assert.assertEquals(Assert.java:645)
	at org.junit.Assert.assertEquals(Assert.java:631)
	at org.asynchttpclient.request.body.multipart.part.MultipartPart_ESTest.test5(MultipartPart_ESTest.java:109)

test4(org.asynchttpclient.request.body.multipart.part.MultipartPart_ESTest)  Time elapsed: 0.003 sec  <<< FAILURE!
java.lang.AssertionError: null
	at org.junit.Assert.fail(Assert.java:86)
	at org.junit.Assert.assertTrue(Assert.java:41)
	at org.junit.Assert.assertTrue(Assert.java:52)
	at org.asynchttpclient.request.body.multipart.part.MultipartPart_ESTest.test4(MultipartPart_ESTest.java:100)

test2(org.asynchttpclient.request.body.multipart.part.MultipartPart_ESTest)  Time elapsed: 0.003 sec  <<< FAILURE!
java.lang.AssertionError: expected:<1> but was:<10>
	at org.junit.Assert.fail(Assert.java:88)
	at org.junit.Assert.failNotEquals(Assert.java:834)
	at org.junit.Assert.assertEquals(Assert.java:645)
	at org.junit.Assert.assertEquals(Assert.java:631)
	at org.asynchttpclient.request.body.multipart.part.MultipartPart_ESTest.test2(MultipartPart_ESTest.java:83)

test9(org.asynchttpclient.request.body.multipart.part.MultipartPart_ESTest)  Time elapsed: 0.003 sec  <<< FAILURE!
java.lang.AssertionError: null
	at org.junit.Assert.fail(Assert.java:86)
	at org.junit.Assert.assertTrue(Assert.java:41)
	at org.junit.Assert.assertTrue(Assert.java:52)
	at org.asynchttpclient.request.body.multipart.part.MultipartPart_ESTest.test9(MultipartPart_ESTest.java:150)

test8(org.asynchttpclient.request.body.multipart.part.MultipartPart_ESTest)  Time elapsed: 0.004 sec  <<< FAILURE!
java.lang.AssertionError: null
	at org.junit.Assert.fail(Assert.java:86)
	at org.junit.Assert.assertTrue(Assert.java:41)
	at org.junit.Assert.assertTrue(Assert.java:52)
	at org.asynchttpclient.request.body.multipart.part.MultipartPart_ESTest.test8(MultipartPart_ESTest.java:141)

test7(org.asynchttpclient.request.body.multipart.part.MultipartPart_ESTest)  Time elapsed: 0.002 sec  <<< FAILURE!
java.lang.AssertionError: expected:<1> but was:<0>
	at org.junit.Assert.fail(Assert.java:88)
	at org.junit.Assert.failNotEquals(Assert.java:834)
	at org.junit.Assert.assertEquals(Assert.java:645)
	at org.junit.Assert.assertEquals(Assert.java:631)
	at org.asynchttpclient.request.body.multipart.part.MultipartPart_ESTest.test7(MultipartPart_ESTest.java:129)

test63(org.asynchttpclient.request.body.multipart.part.MultipartPart_ESTest)  Time elapsed: 0.003 sec  <<< FAILURE!
java.lang.AssertionError: expected:<1> but was:<0>
	at org.junit.Assert.fail(Assert.java:88)
	at org.junit.Assert.failNotEquals(Assert.java:834)
	at org.junit.Assert.assertEquals(Assert.java:645)
	at org.junit.Assert.assertEquals(Assert.java:631)
	at org.asynchttpclient.request.body.multipart.part.MultipartPart_ESTest.test63(MultipartPart_ESTest.java:1012)

test68(org.asynchttpclient.request.body.multipart.part.MultipartPart_ESTest)  Time elapsed: 0.014 sec  <<< FAILURE!
java.lang.AssertionError: expected:<1> but was:<-229>
	at org.junit.Assert.fail(Assert.java:88)
	at org.junit.Assert.failNotEquals(Assert.java:834)
	at org.junit.Assert.assertEquals(Assert.java:645)
	at org.junit.Assert.assertEquals(Assert.java:631)
	at org.asynchttpclient.request.body.multipart.part.MultipartPart_ESTest.test68(MultipartPart_ESTest.java:1067)

test69(org.asynchttpclient.request.body.multipart.part.MultipartPart_ESTest)  Time elapsed: 0.003 sec  <<< FAILURE!
java.lang.AssertionError: expected:<1> but was:<146>
	at org.junit.Assert.fail(Assert.java:88)
	at org.junit.Assert.failNotEquals(Assert.java:834)
	at org.junit.Assert.assertEquals(Assert.java:645)
	at org.junit.Assert.assertEquals(Assert.java:631)
	at org.asynchttpclient.request.body.multipart.part.MultipartPart_ESTest.test69(MultipartPart_ESTest.java:1076)

test67(org.asynchttpclient.request.body.multipart.part.MultipartPart_ESTest)  Time elapsed: 0.004 sec  <<< FAILURE!
java.lang.AssertionError: expected:<1> but was:<0>
	at org.junit.Assert.fail(Assert.java:88)
	at org.junit.Assert.failNotEquals(Assert.java:834)
	at org.junit.Assert.assertEquals(Assert.java:645)
	at org.junit.Assert.assertEquals(Assert.java:631)
	at org.asynchttpclient.request.body.multipart.part.MultipartPart_ESTest.test67(MultipartPart_ESTest.java:1058)

test65(org.asynchttpclient.request.body.multipart.part.MultipartPart_ESTest)  Time elapsed: 0.004 sec  <<< FAILURE!
java.lang.AssertionError: expected:<1> but was:<14>
	at org.junit.Assert.fail(Assert.java:88)
	at org.junit.Assert.failNotEquals(Assert.java:834)
	at org.junit.Assert.assertEquals(Assert.java:645)
	at org.junit.Assert.assertEquals(Assert.java:631)
	at org.asynchttpclient.request.body.multipart.part.MultipartPart_ESTest.test65(MultipartPart_ESTest.java:1034)

test71(org.asynchttpclient.request.body.multipart.part.MultipartPart_ESTest)  Time elapsed: 0.003 sec  <<< FAILURE!
java.lang.AssertionError: null
	at org.junit.Assert.fail(Assert.java:86)
	at org.junit.Assert.assertTrue(Assert.java:41)
	at org.junit.Assert.assertTrue(Assert.java:52)
	at org.asynchttpclient.request.body.multipart.part.MultipartPart_ESTest.test71(MultipartPart_ESTest.java:1106)

test15(org.asynchttpclient.request.body.multipart.part.MultipartPart_ESTest)  Time elapsed: 0.002 sec  <<< FAILURE!
java.lang.AssertionError: expected:<0> but was:<79>
	at org.junit.Assert.fail(Assert.java:88)
	at org.junit.Assert.failNotEquals(Assert.java:834)
	at org.junit.Assert.assertEquals(Assert.java:645)
	at org.junit.Assert.assertEquals(Assert.java:631)
	at org.asynchttpclient.request.body.multipart.part.MultipartPart_ESTest.test15(MultipartPart_ESTest.java:218)

test13(org.asynchttpclient.request.body.multipart.part.MultipartPart_ESTest)  Time elapsed: 0.003 sec  <<< FAILURE!
java.lang.AssertionError: expected:<1> but was:<2>
	at org.junit.Assert.fail(Assert.java:88)
	at org.junit.Assert.failNotEquals(Assert.java:834)
	at org.junit.Assert.assertEquals(Assert.java:645)
	at org.junit.Assert.assertEquals(Assert.java:631)
	at org.asynchttpclient.request.body.multipart.part.MultipartPart_ESTest.test13(MultipartPart_ESTest.java:198)

test11(org.asynchttpclient.request.body.multipart.part.MultipartPart_ESTest)  Time elapsed: 0.003 sec  <<< FAILURE!
java.lang.AssertionError: null
	at org.junit.Assert.fail(Assert.java:86)
	at org.junit.Assert.assertTrue(Assert.java:41)
	at org.junit.Assert.assertTrue(Assert.java:52)
	at org.asynchttpclient.request.body.multipart.part.MultipartPart_ESTest.test11(MultipartPart_ESTest.java:172)

test56(org.asynchttpclient.request.body.multipart.part.MultipartPart_ESTest)  Time elapsed: 0.003 sec  <<< FAILURE!
java.lang.AssertionError: null
	at org.junit.Assert.fail(Assert.java:86)
	at org.junit.Assert.assertTrue(Assert.java:41)
	at org.junit.Assert.assertTrue(Assert.java:52)
	at org.asynchttpclient.request.body.multipart.part.MultipartPart_ESTest.test56(MultipartPart_ESTest.java:909)

test10(org.asynchttpclient.request.body.multipart.part.MultipartPart_ESTest)  Time elapsed: 0.003 sec  <<< FAILURE!
java.lang.AssertionError: expected:<1> but was:<0>
	at org.junit.Assert.fail(Assert.java:88)
	at org.junit.Assert.failNotEquals(Assert.java:834)
	at org.junit.Assert.assertEquals(Assert.java:645)
	at org.junit.Assert.assertEquals(Assert.java:631)
	at org.asynchttpclient.request.body.multipart.part.MultipartPart_ESTest.test10(MultipartPart_ESTest.java:161)

test17(org.asynchttpclient.request.body.multipart.part.MultipartPart_ESTest)  Time elapsed: 0.002 sec  <<< FAILURE!
java.lang.AssertionError: expected:<1> but was:<2>
	at org.junit.Assert.fail(Assert.java:88)
	at org.junit.Assert.failNotEquals(Assert.java:834)
	at org.junit.Assert.assertEquals(Assert.java:645)
	at org.junit.Assert.assertEquals(Assert.java:631)
	at org.asynchttpclient.request.body.multipart.part.MultipartPart_ESTest.test17(MultipartPart_ESTest.java:236)

Running org.asynchttpclient.request.body.multipart.part.FileMultipartPart_ESTest
Tests run: 24, Failures: 3, Errors: 0, Skipped: 0, Time elapsed: 0.005 sec <<< FAILURE! - in org.asynchttpclient.request.body.multipart.part.FileMultipartPart_ESTest
test15(org.asynchttpclient.request.body.multipart.part.FileMultipartPart_ESTest)  Time elapsed: 0 sec  <<< FAILURE!
java.lang.AssertionError: expected:<1> but was:<0>
	at org.junit.Assert.fail(Assert.java:88)
	at org.junit.Assert.failNotEquals(Assert.java:834)
	at org.junit.Assert.assertEquals(Assert.java:645)
	at org.junit.Assert.assertEquals(Assert.java:631)
	at org.asynchttpclient.request.body.multipart.part.FileMultipartPart_ESTest.test15(FileMultipartPart_ESTest.java:455)

test3(org.asynchttpclient.request.body.multipart.part.FileMultipartPart_ESTest)  Time elapsed: 0.001 sec  <<< FAILURE!
java.lang.AssertionError: expected:<1> but was:<64>
	at org.junit.Assert.fail(Assert.java:88)
	at org.junit.Assert.failNotEquals(Assert.java:834)
	at org.junit.Assert.assertEquals(Assert.java:645)
	at org.junit.Assert.assertEquals(Assert.java:631)
	at org.asynchttpclient.request.body.multipart.part.FileMultipartPart_ESTest.test3(FileMultipartPart_ESTest.java:141)

test4(org.asynchttpclient.request.body.multipart.part.FileMultipartPart_ESTest)  Time elapsed: 0 sec  <<< FAILURE!
java.lang.AssertionError: expected:<1> but was:<-1985>
	at org.junit.Assert.fail(Assert.java:88)
	at org.junit.Assert.failNotEquals(Assert.java:834)
	at org.junit.Assert.assertEquals(Assert.java:645)
	at org.junit.Assert.assertEquals(Assert.java:631)
	at org.asynchttpclient.request.body.multipart.part.FileMultipartPart_ESTest.test4(FileMultipartPart_ESTest.java:162)

Running org.asynchttpclient.request.body.multipart.part.ByteArrayMultipartPart_ESTest
Tests run: 10, Failures: 1, Errors: 0, Skipped: 0, Time elapsed: 0.104 sec <<< FAILURE! - in org.asynchttpclient.request.body.multipart.part.ByteArrayMultipartPart_ESTest
test8(org.asynchttpclient.request.body.multipart.part.ByteArrayMultipartPart_ESTest)  Time elapsed: 0.005 sec  <<< FAILURE!
java.lang.AssertionError: expected:<0> but was:<5>
	at org.junit.Assert.fail(Assert.java:88)
	at org.junit.Assert.failNotEquals(Assert.java:834)
	at org.junit.Assert.assertEquals(Assert.java:645)
	at org.junit.Assert.assertEquals(Assert.java:631)
	at org.asynchttpclient.request.body.multipart.part.ByteArrayMultipartPart_ESTest.test8(ByteArrayMultipartPart_ESTest.java:224)

Running org.asynchttpclient.request.body.generator.InputStreamBodyGenerator_ESTest
Tests run: 6, Failures: 4, Errors: 0, Skipped: 0, Time elapsed: 0 sec <<< FAILURE! - in org.asynchttpclient.request.body.generator.InputStreamBodyGenerator_ESTest
test3(org.asynchttpclient.request.body.generator.InputStreamBodyGenerator_ESTest)  Time elapsed: 0 sec  <<< FAILURE!
java.lang.AssertionError: expected:<1> but was:<-1>
	at org.junit.Assert.fail(Assert.java:88)
	at org.junit.Assert.failNotEquals(Assert.java:834)
	at org.junit.Assert.assertEquals(Assert.java:645)
	at org.junit.Assert.assertEquals(Assert.java:631)
	at org.asynchttpclient.request.body.generator.InputStreamBodyGenerator_ESTest.test3(InputStreamBodyGenerator_ESTest.java:48)

test2(org.asynchttpclient.request.body.generator.InputStreamBodyGenerator_ESTest)  Time elapsed: 0 sec  <<< FAILURE!
java.lang.AssertionError: expected:<1> but was:<9223372036854775807>
	at org.junit.Assert.fail(Assert.java:88)
	at org.junit.Assert.failNotEquals(Assert.java:834)
	at org.junit.Assert.assertEquals(Assert.java:645)
	at org.junit.Assert.assertEquals(Assert.java:631)
	at org.asynchttpclient.request.body.generator.InputStreamBodyGenerator_ESTest.test2(InputStreamBodyGenerator_ESTest.java:42)

test5(org.asynchttpclient.request.body.generator.InputStreamBodyGenerator_ESTest)  Time elapsed: 0 sec  <<< FAILURE!
java.lang.AssertionError: expected:<1> but was:<-1>
	at org.junit.Assert.fail(Assert.java:88)
	at org.junit.Assert.failNotEquals(Assert.java:834)
	at org.junit.Assert.assertEquals(Assert.java:645)
	at org.junit.Assert.assertEquals(Assert.java:631)
	at org.asynchttpclient.request.body.generator.InputStreamBodyGenerator_ESTest.test5(InputStreamBodyGenerator_ESTest.java:60)

test4(org.asynchttpclient.request.body.generator.InputStreamBodyGenerator_ESTest)  Time elapsed: 0 sec  <<< FAILURE!
java.lang.AssertionError: expected:<0> but was:<-1>
	at org.junit.Assert.fail(Assert.java:88)
	at org.junit.Assert.failNotEquals(Assert.java:834)
	at org.junit.Assert.assertEquals(Assert.java:645)
	at org.junit.Assert.assertEquals(Assert.java:631)
	at org.asynchttpclient.request.body.generator.InputStreamBodyGenerator_ESTest.test4(InputStreamBodyGenerator_ESTest.java:54)

Running org.asynchttpclient.request.body.generator.ReactiveStreamsBodyGenerator_ESTest
Tests run: 8, Failures: 7, Errors: 0, Skipped: 0, Time elapsed: 0.347 sec <<< FAILURE! - in org.asynchttpclient.request.body.generator.ReactiveStreamsBodyGenerator_ESTest
test7(org.asynchttpclient.request.body.generator.ReactiveStreamsBodyGenerator_ESTest)  Time elapsed: 0.117 sec  <<< FAILURE!
java.lang.AssertionError: expected:<0> but was:<1>
	at org.junit.Assert.fail(Assert.java:88)
	at org.junit.Assert.failNotEquals(Assert.java:834)
	at org.junit.Assert.assertEquals(Assert.java:645)
	at org.junit.Assert.assertEquals(Assert.java:631)
	at org.asynchttpclient.request.body.generator.ReactiveStreamsBodyGenerator_ESTest.test7(ReactiveStreamsBodyGenerator_ESTest.java:78)

test6(org.asynchttpclient.request.body.generator.ReactiveStreamsBodyGenerator_ESTest)  Time elapsed: 0.004 sec  <<< FAILURE!
java.lang.AssertionError: expected:<0> but was:<1>
	at org.junit.Assert.fail(Assert.java:88)
	at org.junit.Assert.failNotEquals(Assert.java:834)
	at org.junit.Assert.assertEquals(Assert.java:645)
	at org.junit.Assert.assertEquals(Assert.java:631)
	at org.asynchttpclient.request.body.generator.ReactiveStreamsBodyGenerator_ESTest.test6(ReactiveStreamsBodyGenerator_ESTest.java:71)

test5(org.asynchttpclient.request.body.generator.ReactiveStreamsBodyGenerator_ESTest)  Time elapsed: 0.003 sec  <<< FAILURE!
java.lang.AssertionError: expected:<0> but was:<1>
	at org.junit.Assert.fail(Assert.java:88)
	at org.junit.Assert.failNotEquals(Assert.java:834)
	at org.junit.Assert.assertEquals(Assert.java:645)
	at org.junit.Assert.assertEquals(Assert.java:631)
	at org.asynchttpclient.request.body.generator.ReactiveStreamsBodyGenerator_ESTest.test5(ReactiveStreamsBodyGenerator_ESTest.java:63)

test3(org.asynchttpclient.request.body.generator.ReactiveStreamsBodyGenerator_ESTest)  Time elapsed: 0.003 sec  <<< FAILURE!
java.lang.AssertionError: expected:<0> but was:<1>
	at org.junit.Assert.fail(Assert.java:88)
	at org.junit.Assert.failNotEquals(Assert.java:834)
	at org.junit.Assert.assertEquals(Assert.java:645)
	at org.junit.Assert.assertEquals(Assert.java:631)
	at org.asynchttpclient.request.body.generator.ReactiveStreamsBodyGenerator_ESTest.test3(ReactiveStreamsBodyGenerator_ESTest.java:48)

test2(org.asynchttpclient.request.body.generator.ReactiveStreamsBodyGenerator_ESTest)  Time elapsed: 0.002 sec  <<< FAILURE!
java.lang.AssertionError: expected:<1> but was:<-1954>
	at org.junit.Assert.fail(Assert.java:88)
	at org.junit.Assert.failNotEquals(Assert.java:834)
	at org.junit.Assert.assertEquals(Assert.java:645)
	at org.junit.Assert.assertEquals(Assert.java:631)
	at org.asynchttpclient.request.body.generator.ReactiveStreamsBodyGenerator_ESTest.test2(ReactiveStreamsBodyGenerator_ESTest.java:40)

test1(org.asynchttpclient.request.body.generator.ReactiveStreamsBodyGenerator_ESTest)  Time elapsed: 0.002 sec  <<< FAILURE!
java.lang.AssertionError: expected:<1> but was:<0>
	at org.junit.Assert.fail(Assert.java:88)
	at org.junit.Assert.failNotEquals(Assert.java:834)
	at org.junit.Assert.assertEquals(Assert.java:645)
	at org.junit.Assert.assertEquals(Assert.java:631)
	at org.asynchttpclient.request.body.generator.ReactiveStreamsBodyGenerator_ESTest.test1(ReactiveStreamsBodyGenerator_ESTest.java:34)

test0(org.asynchttpclient.request.body.generator.ReactiveStreamsBodyGenerator_ESTest)  Time elapsed: 0.003 sec  <<< FAILURE!
java.lang.AssertionError: null
	at org.junit.Assert.fail(Assert.java:86)
	at org.junit.Assert.assertTrue(Assert.java:41)
	at org.junit.Assert.assertNotNull(Assert.java:712)
	at org.junit.Assert.assertNotNull(Assert.java:722)
	at org.asynchttpclient.request.body.generator.ReactiveStreamsBodyGenerator_ESTest.test0(ReactiveStreamsBodyGenerator_ESTest.java:28)

Running org.asynchttpclient.request.body.generator.QueueBasedFeedableBodyGenerator_ESTest
Tests run: 4, Failures: 1, Errors: 0, Skipped: 0, Time elapsed: 0.003 sec <<< FAILURE! - in org.asynchttpclient.request.body.generator.QueueBasedFeedableBodyGenerator_ESTest
test2(org.asynchttpclient.request.body.generator.QueueBasedFeedableBodyGenerator_ESTest)  Time elapsed: 0 sec  <<< FAILURE!
java.lang.AssertionError: expected:<1> but was:<-1>
	at org.junit.Assert.fail(Assert.java:88)
	at org.junit.Assert.failNotEquals(Assert.java:834)
	at org.junit.Assert.assertEquals(Assert.java:645)
	at org.junit.Assert.assertEquals(Assert.java:631)
	at org.asynchttpclient.request.body.generator.QueueBasedFeedableBodyGenerator_ESTest.test2(QueueBasedFeedableBodyGenerator_ESTest.java:45)

Running org.asynchttpclient.request.body.generator.ByteArrayBodyGenerator_ESTest
Tests run: 7, Failures: 3, Errors: 0, Skipped: 0, Time elapsed: 0.094 sec <<< FAILURE! - in org.asynchttpclient.request.body.generator.ByteArrayBodyGenerator_ESTest
test4(org.asynchttpclient.request.body.generator.ByteArrayBodyGenerator_ESTest)  Time elapsed: 0.002 sec  <<< FAILURE!
java.lang.AssertionError: expected:<org.asynchttpclient.request.body.generator.ByteArrayBodyGenerator$ByteBody@2> but was:<CONTINUE>
	at org.junit.Assert.fail(Assert.java:88)
	at org.junit.Assert.failNotEquals(Assert.java:834)
	at org.junit.Assert.assertEquals(Assert.java:118)
	at org.junit.Assert.assertEquals(Assert.java:144)
	at org.asynchttpclient.request.body.generator.ByteArrayBodyGenerator_ESTest.test4(ByteArrayBodyGenerator_ESTest.java:75)

test6(org.asynchttpclient.request.body.generator.ByteArrayBodyGenerator_ESTest)  Time elapsed: 0.002 sec  <<< FAILURE!
java.lang.AssertionError: expected:<1> but was:<14>
	at org.junit.Assert.fail(Assert.java:88)
	at org.junit.Assert.failNotEquals(Assert.java:834)
	at org.junit.Assert.assertEquals(Assert.java:645)
	at org.junit.Assert.assertEquals(Assert.java:631)
	at org.asynchttpclient.request.body.generator.ByteArrayBodyGenerator_ESTest.test6(ByteArrayBodyGenerator_ESTest.java:91)

test1(org.asynchttpclient.request.body.generator.ByteArrayBodyGenerator_ESTest)  Time elapsed: 0.002 sec  <<< FAILURE!
java.lang.AssertionError: null
	at org.junit.Assert.fail(Assert.java:86)
	at org.junit.Assert.assertTrue(Assert.java:41)
	at org.junit.Assert.assertFalse(Assert.java:64)
	at org.junit.Assert.assertFalse(Assert.java:74)
	at org.asynchttpclient.request.body.generator.ByteArrayBodyGenerator_ESTest.test1(ByteArrayBodyGenerator_ESTest.java:42)

Running org.asynchttpclient.request.body.generator.BodyChunk_ESTest
Tests run: 1, Failures: 0, Errors: 0, Skipped: 0, Time elapsed: 0 sec - in org.asynchttpclient.request.body.generator.BodyChunk_ESTest
Running org.asynchttpclient.request.body.generator.PushBody_ESTest
Tests run: 14, Failures: 1, Errors: 0, Skipped: 0, Time elapsed: 0.231 sec <<< FAILURE! - in org.asynchttpclient.request.body.generator.PushBody_ESTest
test13(org.asynchttpclient.request.body.generator.PushBody_ESTest)  Time elapsed: 0.002 sec  <<< FAILURE!
java.lang.AssertionError: expected:<1> but was:<-1>
	at org.junit.Assert.fail(Assert.java:88)
	at org.junit.Assert.failNotEquals(Assert.java:834)
	at org.junit.Assert.assertEquals(Assert.java:645)
	at org.junit.Assert.assertEquals(Assert.java:631)
	at org.asynchttpclient.request.body.generator.PushBody_ESTest.test13(PushBody_ESTest.java:218)

Running org.asynchttpclient.request.body.generator.BoundedQueueFeedableBodyGenerator_ESTest
Tests run: 5, Failures: 0, Errors: 0, Skipped: 0, Time elapsed: 0.95 sec - in org.asynchttpclient.request.body.generator.BoundedQueueFeedableBodyGenerator_ESTest
Running org.asynchttpclient.request.body.generator.FileBodyGenerator_ESTest
Tests run: 18, Failures: 6, Errors: 0, Skipped: 0, Time elapsed: 0.01 sec <<< FAILURE! - in org.asynchttpclient.request.body.generator.FileBodyGenerator_ESTest
test3(org.asynchttpclient.request.body.generator.FileBodyGenerator_ESTest)  Time elapsed: 0.001 sec  <<< FAILURE!
java.lang.AssertionError: expected:<1> but was:<-2358>
	at org.junit.Assert.fail(Assert.java:88)
	at org.junit.Assert.failNotEquals(Assert.java:834)
	at org.junit.Assert.assertEquals(Assert.java:645)
	at org.junit.Assert.assertEquals(Assert.java:631)
	at org.asynchttpclient.request.body.generator.FileBodyGenerator_ESTest.test3(FileBodyGenerator_ESTest.java:49)

test6(org.asynchttpclient.request.body.generator.FileBodyGenerator_ESTest)  Time elapsed: 0 sec  <<< FAILURE!
java.lang.AssertionError: expected:<1> but was:<1000>
	at org.junit.Assert.fail(Assert.java:88)
	at org.junit.Assert.failNotEquals(Assert.java:834)
	at org.junit.Assert.assertEquals(Assert.java:645)
	at org.junit.Assert.assertEquals(Assert.java:631)
	at org.asynchttpclient.request.body.generator.FileBodyGenerator_ESTest.test6(FileBodyGenerator_ESTest.java:70)

test15(org.asynchttpclient.request.body.generator.FileBodyGenerator_ESTest)  Time elapsed: 0 sec  <<< FAILURE!
java.lang.AssertionError: expected:<0> but was:<-1>
	at org.junit.Assert.fail(Assert.java:88)
	at org.junit.Assert.failNotEquals(Assert.java:834)
	at org.junit.Assert.assertEquals(Assert.java:645)
	at org.junit.Assert.assertEquals(Assert.java:631)
	at org.asynchttpclient.request.body.generator.FileBodyGenerator_ESTest.test15(FileBodyGenerator_ESTest.java:155)

test16(org.asynchttpclient.request.body.generator.FileBodyGenerator_ESTest)  Time elapsed: 0.001 sec  <<< FAILURE!
java.lang.AssertionError: expected:<1> but was:<-1>
	at org.junit.Assert.fail(Assert.java:88)
	at org.junit.Assert.failNotEquals(Assert.java:834)
	at org.junit.Assert.assertEquals(Assert.java:645)
	at org.junit.Assert.assertEquals(Assert.java:631)
	at org.asynchttpclient.request.body.generator.FileBodyGenerator_ESTest.test16(FileBodyGenerator_ESTest.java:162)

test11(org.asynchttpclient.request.body.generator.FileBodyGenerator_ESTest)  Time elapsed: 0.001 sec  <<< FAILURE!
java.lang.AssertionError: expected:<1> but was:<0>
	at org.junit.Assert.fail(Assert.java:88)
	at org.junit.Assert.failNotEquals(Assert.java:834)
	at org.junit.Assert.assertEquals(Assert.java:645)
	at org.junit.Assert.assertEquals(Assert.java:631)
	at org.asynchttpclient.request.body.generator.FileBodyGenerator_ESTest.test11(FileBodyGenerator_ESTest.java:121)

test12(org.asynchttpclient.request.body.generator.FileBodyGenerator_ESTest)  Time elapsed: 0 sec  <<< FAILURE!
java.lang.AssertionError: expected:<0> but was:<-1>
	at org.junit.Assert.fail(Assert.java:88)
	at org.junit.Assert.failNotEquals(Assert.java:834)
	at org.junit.Assert.assertEquals(Assert.java:645)
	at org.junit.Assert.assertEquals(Assert.java:631)
	at org.asynchttpclient.request.body.generator.FileBodyGenerator_ESTest.test12(FileBodyGenerator_ESTest.java:128)

Running org.asynchttpclient.request.body.generator.UnboundedQueueFeedableBodyGenerator_ESTest
Tests run: 2, Failures: 0, Errors: 0, Skipped: 0, Time elapsed: 0 sec - in org.asynchttpclient.request.body.generator.UnboundedQueueFeedableBodyGenerator_ESTest
Running org.asynchttpclient.netty.LazyResponseBodyPart_ESTest
Tests run: 14, Failures: 4, Errors: 0, Skipped: 0, Time elapsed: 0.261 sec <<< FAILURE! - in org.asynchttpclient.netty.LazyResponseBodyPart_ESTest
test2(org.asynchttpclient.netty.LazyResponseBodyPart_ESTest)  Time elapsed: 0.002 sec  <<< FAILURE!
java.lang.AssertionError: null
	at org.junit.Assert.fail(Assert.java:86)
	at org.junit.Assert.assertTrue(Assert.java:41)
	at org.junit.Assert.assertNotNull(Assert.java:712)
	at org.junit.Assert.assertNotNull(Assert.java:722)
	at org.asynchttpclient.netty.LazyResponseBodyPart_ESTest.test2(LazyResponseBodyPart_ESTest.java:49)

test11(org.asynchttpclient.netty.LazyResponseBodyPart_ESTest)  Time elapsed: 0.002 sec  <<< FAILURE!
java.lang.AssertionError: null
	at org.junit.Assert.fail(Assert.java:86)
	at org.junit.Assert.assertTrue(Assert.java:41)
	at org.junit.Assert.assertNotNull(Assert.java:712)
	at org.junit.Assert.assertNotNull(Assert.java:722)
	at org.asynchttpclient.netty.LazyResponseBodyPart_ESTest.test11(LazyResponseBodyPart_ESTest.java:164)

test10(org.asynchttpclient.netty.LazyResponseBodyPart_ESTest)  Time elapsed: 0.002 sec  <<< FAILURE!
java.lang.AssertionError: expected:<1> but was:<0>
	at org.junit.Assert.fail(Assert.java:88)
	at org.junit.Assert.failNotEquals(Assert.java:834)
	at org.junit.Assert.assertEquals(Assert.java:645)
	at org.junit.Assert.assertEquals(Assert.java:631)
	at org.asynchttpclient.netty.LazyResponseBodyPart_ESTest.test10(LazyResponseBodyPart_ESTest.java:156)

test1(org.asynchttpclient.netty.LazyResponseBodyPart_ESTest)  Time elapsed: 0.002 sec  <<< FAILURE!
java.lang.AssertionError: expected:<1> but was:<-898>
	at org.junit.Assert.fail(Assert.java:88)
	at org.junit.Assert.failNotEquals(Assert.java:834)
	at org.junit.Assert.assertEquals(Assert.java:645)
	at org.junit.Assert.assertEquals(Assert.java:631)
	at org.asynchttpclient.netty.LazyResponseBodyPart_ESTest.test1(LazyResponseBodyPart_ESTest.java:43)

Running org.asynchttpclient.netty.ws.NettyWebSocket_ESTest
Tests run: 96, Failures: 21, Errors: 0, Skipped: 0, Time elapsed: 1.549 sec <<< FAILURE! - in org.asynchttpclient.netty.ws.NettyWebSocket_ESTest
test22(org.asynchttpclient.netty.ws.NettyWebSocket_ESTest)  Time elapsed: 0.004 sec  <<< FAILURE!
java.lang.AssertionError: null
	at org.junit.Assert.fail(Assert.java:86)
	at org.junit.Assert.assertTrue(Assert.java:41)
	at org.junit.Assert.assertNotNull(Assert.java:712)
	at org.junit.Assert.assertNotNull(Assert.java:722)
	at org.asynchttpclient.netty.ws.NettyWebSocket_ESTest.test22(NettyWebSocket_ESTest.java:287)

test66(org.asynchttpclient.netty.ws.NettyWebSocket_ESTest)  Time elapsed: 0.004 sec  <<< FAILURE!
java.lang.AssertionError: expected:<0> but was:<-102>
	at org.junit.Assert.fail(Assert.java:88)
	at org.junit.Assert.failNotEquals(Assert.java:834)
	at org.junit.Assert.assertEquals(Assert.java:645)
	at org.junit.Assert.assertEquals(Assert.java:631)
	at org.asynchttpclient.netty.ws.NettyWebSocket_ESTest.test66(NettyWebSocket_ESTest.java:929)

test21(org.asynchttpclient.netty.ws.NettyWebSocket_ESTest)  Time elapsed: 0.004 sec  <<< FAILURE!
java.lang.AssertionError: null
	at org.junit.Assert.fail(Assert.java:86)
	at org.junit.Assert.assertTrue(Assert.java:41)
	at org.junit.Assert.assertNotNull(Assert.java:712)
	at org.junit.Assert.assertNotNull(Assert.java:722)
	at org.asynchttpclient.netty.ws.NettyWebSocket_ESTest.test21(NettyWebSocket_ESTest.java:278)

test60(org.asynchttpclient.netty.ws.NettyWebSocket_ESTest)  Time elapsed: 0.004 sec  <<< FAILURE!
java.lang.AssertionError: null
	at org.junit.Assert.fail(Assert.java:86)
	at org.junit.Assert.assertTrue(Assert.java:41)
	at org.junit.Assert.assertNotNull(Assert.java:712)
	at org.junit.Assert.assertNotNull(Assert.java:722)
	at org.asynchttpclient.netty.ws.NettyWebSocket_ESTest.test60(NettyWebSocket_ESTest.java:858)

test5(org.asynchttpclient.netty.ws.NettyWebSocket_ESTest)  Time elapsed: 0.003 sec  <<< FAILURE!
java.lang.AssertionError: null
	at org.junit.Assert.fail(Assert.java:86)
	at org.junit.Assert.assertTrue(Assert.java:41)
	at org.junit.Assert.assertNotNull(Assert.java:712)
	at org.junit.Assert.assertNotNull(Assert.java:722)
	at org.asynchttpclient.netty.ws.NettyWebSocket_ESTest.test5(NettyWebSocket_ESTest.java:113)

test7(org.asynchttpclient.netty.ws.NettyWebSocket_ESTest)  Time elapsed: 0.003 sec  <<< FAILURE!
java.lang.AssertionError: null
	at org.junit.Assert.fail(Assert.java:86)
	at org.junit.Assert.assertTrue(Assert.java:41)
	at org.junit.Assert.assertNotNull(Assert.java:712)
	at org.junit.Assert.assertNotNull(Assert.java:722)
	at org.asynchttpclient.netty.ws.NettyWebSocket_ESTest.test7(NettyWebSocket_ESTest.java:133)

test1(org.asynchttpclient.netty.ws.NettyWebSocket_ESTest)  Time elapsed: 0.004 sec  <<< FAILURE!
java.lang.AssertionError: null
	at org.junit.Assert.fail(Assert.java:86)
	at org.junit.Assert.assertTrue(Assert.java:41)
	at org.junit.Assert.assertNotNull(Assert.java:712)
	at org.junit.Assert.assertNotNull(Assert.java:722)
	at org.asynchttpclient.netty.ws.NettyWebSocket_ESTest.test1(NettyWebSocket_ESTest.java:66)

test79(org.asynchttpclient.netty.ws.NettyWebSocket_ESTest)  Time elapsed: 0.003 sec  <<< FAILURE!
java.lang.AssertionError: null
	at org.junit.Assert.fail(Assert.java:86)
	at org.junit.Assert.assertTrue(Assert.java:41)
	at org.junit.Assert.assertNotNull(Assert.java:712)
	at org.junit.Assert.assertNotNull(Assert.java:722)
	at org.asynchttpclient.netty.ws.NettyWebSocket_ESTest.test79(NettyWebSocket_ESTest.java:1082)

test88(org.asynchttpclient.netty.ws.NettyWebSocket_ESTest)  Time elapsed: 0.004 sec  <<< FAILURE!
java.lang.AssertionError: null
	at org.junit.Assert.fail(Assert.java:86)
	at org.junit.Assert.assertTrue(Assert.java:41)
	at org.junit.Assert.assertNotNull(Assert.java:712)
	at org.junit.Assert.assertNotNull(Assert.java:722)
	at org.asynchttpclient.netty.ws.NettyWebSocket_ESTest.test88(NettyWebSocket_ESTest.java:1167)

test86(org.asynchttpclient.netty.ws.NettyWebSocket_ESTest)  Time elapsed: 0.003 sec  <<< FAILURE!
java.lang.AssertionError: null
	at org.junit.Assert.fail(Assert.java:86)
	at org.junit.Assert.assertTrue(Assert.java:41)
	at org.junit.Assert.assertNotNull(Assert.java:712)
	at org.junit.Assert.assertNotNull(Assert.java:722)
	at org.asynchttpclient.netty.ws.NettyWebSocket_ESTest.test86(NettyWebSocket_ESTest.java:1148)

test85(org.asynchttpclient.netty.ws.NettyWebSocket_ESTest)  Time elapsed: 0.003 sec  <<< FAILURE!
java.lang.AssertionError: null
	at org.junit.Assert.fail(Assert.java:86)
	at org.junit.Assert.assertTrue(Assert.java:41)
	at org.junit.Assert.assertNotNull(Assert.java:712)
	at org.junit.Assert.assertNotNull(Assert.java:722)
	at org.asynchttpclient.netty.ws.NettyWebSocket_ESTest.test85(NettyWebSocket_ESTest.java:1139)

test15(org.asynchttpclient.netty.ws.NettyWebSocket_ESTest)  Time elapsed: 0.003 sec  <<< FAILURE!
java.lang.AssertionError: null
	at org.junit.Assert.fail(Assert.java:86)
	at org.junit.Assert.assertTrue(Assert.java:41)
	at org.junit.Assert.assertNotNull(Assert.java:712)
	at org.junit.Assert.assertNotNull(Assert.java:722)
	at org.asynchttpclient.netty.ws.NettyWebSocket_ESTest.test15(NettyWebSocket_ESTest.java:220)

test59(org.asynchttpclient.netty.ws.NettyWebSocket_ESTest)  Time elapsed: 0.003 sec  <<< FAILURE!
java.lang.AssertionError: null
	at org.junit.Assert.fail(Assert.java:86)
	at org.junit.Assert.assertTrue(Assert.java:41)
	at org.junit.Assert.assertNotNull(Assert.java:712)
	at org.junit.Assert.assertNotNull(Assert.java:722)
	at org.asynchttpclient.netty.ws.NettyWebSocket_ESTest.test59(NettyWebSocket_ESTest.java:849)

test14(org.asynchttpclient.netty.ws.NettyWebSocket_ESTest)  Time elapsed: 0.003 sec  <<< FAILURE!
java.lang.AssertionError: null
	at org.junit.Assert.fail(Assert.java:86)
	at org.junit.Assert.assertTrue(Assert.java:41)
	at org.junit.Assert.assertNotNull(Assert.java:712)
	at org.junit.Assert.assertNotNull(Assert.java:722)
	at org.asynchttpclient.netty.ws.NettyWebSocket_ESTest.test14(NettyWebSocket_ESTest.java:210)

test10(org.asynchttpclient.netty.ws.NettyWebSocket_ESTest)  Time elapsed: 0.003 sec  <<< FAILURE!
java.lang.AssertionError: null
	at org.junit.Assert.fail(Assert.java:86)
	at org.junit.Assert.assertTrue(Assert.java:41)
	at org.junit.Assert.assertNotNull(Assert.java:712)
	at org.junit.Assert.assertNotNull(Assert.java:722)
	at org.asynchttpclient.netty.ws.NettyWebSocket_ESTest.test10(NettyWebSocket_ESTest.java:165)

test95(org.asynchttpclient.netty.ws.NettyWebSocket_ESTest)  Time elapsed: 0.003 sec  <<< FAILURE!
java.lang.AssertionError: null
	at org.junit.Assert.fail(Assert.java:86)
	at org.junit.Assert.assertTrue(Assert.java:41)
	at org.junit.Assert.assertNotNull(Assert.java:712)
	at org.junit.Assert.assertNotNull(Assert.java:722)
	at org.asynchttpclient.netty.ws.NettyWebSocket_ESTest.test95(NettyWebSocket_ESTest.java:1228)

test93(org.asynchttpclient.netty.ws.NettyWebSocket_ESTest)  Time elapsed: 0.003 sec  <<< FAILURE!
java.lang.AssertionError: null
	at org.junit.Assert.fail(Assert.java:86)
	at org.junit.Assert.assertTrue(Assert.java:41)
	at org.junit.Assert.assertNotNull(Assert.java:712)
	at org.junit.Assert.assertNotNull(Assert.java:722)
	at org.asynchttpclient.netty.ws.NettyWebSocket_ESTest.test93(NettyWebSocket_ESTest.java:1211)

test94(org.asynchttpclient.netty.ws.NettyWebSocket_ESTest)  Time elapsed: 0.003 sec  <<< FAILURE!
java.lang.AssertionError: null
	at org.junit.Assert.fail(Assert.java:86)
	at org.junit.Assert.assertTrue(Assert.java:41)
	at org.junit.Assert.assertNotNull(Assert.java:712)
	at org.junit.Assert.assertNotNull(Assert.java:722)
	at org.asynchttpclient.netty.ws.NettyWebSocket_ESTest.test94(NettyWebSocket_ESTest.java:1221)

test91(org.asynchttpclient.netty.ws.NettyWebSocket_ESTest)  Time elapsed: 0.003 sec  <<< FAILURE!
java.lang.AssertionError: null
	at org.junit.Assert.fail(Assert.java:86)
	at org.junit.Assert.assertTrue(Assert.java:41)
	at org.junit.Assert.assertNotNull(Assert.java:712)
	at org.junit.Assert.assertNotNull(Assert.java:722)
	at org.asynchttpclient.netty.ws.NettyWebSocket_ESTest.test91(NettyWebSocket_ESTest.java:1193)

test92(org.asynchttpclient.netty.ws.NettyWebSocket_ESTest)  Time elapsed: 0.003 sec  <<< FAILURE!
java.lang.AssertionError: null
	at org.junit.Assert.fail(Assert.java:86)
	at org.junit.Assert.assertTrue(Assert.java:41)
	at org.junit.Assert.assertNotNull(Assert.java:712)
	at org.junit.Assert.assertNotNull(Assert.java:722)
	at org.asynchttpclient.netty.ws.NettyWebSocket_ESTest.test92(NettyWebSocket_ESTest.java:1202)

test90(org.asynchttpclient.netty.ws.NettyWebSocket_ESTest)  Time elapsed: 0.003 sec  <<< FAILURE!
java.lang.AssertionError: null
	at org.junit.Assert.fail(Assert.java:86)
	at org.junit.Assert.assertTrue(Assert.java:41)
	at org.junit.Assert.assertTrue(Assert.java:52)
	at org.asynchttpclient.netty.ws.NettyWebSocket_ESTest.test90(NettyWebSocket_ESTest.java:1183)

Running org.asynchttpclient.netty.channel.MaxConnectionSemaphore_ESTest
Tests run: 4, Failures: 0, Errors: 0, Skipped: 0, Time elapsed: 0 sec - in org.asynchttpclient.netty.channel.MaxConnectionSemaphore_ESTest
Running org.asynchttpclient.netty.channel.CombinedConnectionSemaphore_ESTest
Tests run: 12, Failures: 0, Errors: 0, Skipped: 0, Time elapsed: 0.001 sec - in org.asynchttpclient.netty.channel.CombinedConnectionSemaphore_ESTest
Running org.asynchttpclient.netty.channel.DefaultConnectionSemaphoreFactory_ESTest
Tests run: 9, Failures: 0, Errors: 0, Skipped: 0, Time elapsed: 0.13 sec - in org.asynchttpclient.netty.channel.DefaultConnectionSemaphoreFactory_ESTest
Running org.asynchttpclient.netty.channel.NettyChannelConnector_ESTest
Tests run: 1, Failures: 0, Errors: 0, Skipped: 0, Time elapsed: 0.028 sec - in org.asynchttpclient.netty.channel.NettyChannelConnector_ESTest
Running org.asynchttpclient.netty.channel.InfiniteSemaphore_ESTest
Tests run: 15, Failures: 2, Errors: 0, Skipped: 0, Time elapsed: 0.006 sec <<< FAILURE! - in org.asynchttpclient.netty.channel.InfiniteSemaphore_ESTest
test9(org.asynchttpclient.netty.channel.InfiniteSemaphore_ESTest)  Time elapsed: 0 sec  <<< FAILURE!
java.lang.AssertionError: expected:<0> but was:<2147483647>
	at org.junit.Assert.fail(Assert.java:88)
	at org.junit.Assert.failNotEquals(Assert.java:834)
	at org.junit.Assert.assertEquals(Assert.java:645)
	at org.junit.Assert.assertEquals(Assert.java:631)
	at org.asynchttpclient.netty.channel.InfiniteSemaphore_ESTest.test9(InfiniteSemaphore_ESTest.java:79)

test11(org.asynchttpclient.netty.channel.InfiniteSemaphore_ESTest)  Time elapsed: 0 sec  <<< FAILURE!
java.lang.AssertionError: expected:<0> but was:<2147483647>
	at org.junit.Assert.fail(Assert.java:88)
	at org.junit.Assert.failNotEquals(Assert.java:834)
	at org.junit.Assert.assertEquals(Assert.java:645)
	at org.junit.Assert.assertEquals(Assert.java:631)
	at org.asynchttpclient.netty.channel.InfiniteSemaphore_ESTest.test11(InfiniteSemaphore_ESTest.java:91)

Running org.asynchttpclient.netty.channel.ChannelManager_ESTest
Tests run: 19, Failures: 1, Errors: 0, Skipped: 0, Time elapsed: 1.645 sec <<< FAILURE! - in org.asynchttpclient.netty.channel.ChannelManager_ESTest
test10(org.asynchttpclient.netty.channel.ChannelManager_ESTest)  Time elapsed: 0.007 sec  <<< FAILURE!
java.lang.AssertionError: null
	at org.junit.Assert.fail(Assert.java:86)
	at org.junit.Assert.assertTrue(Assert.java:41)
	at org.junit.Assert.assertTrue(Assert.java:52)
	at org.asynchttpclient.netty.channel.ChannelManager_ESTest.test10(ChannelManager_ESTest.java:290)

Running org.asynchttpclient.netty.channel.KQueueTransportFactory_ESTest
Tests run: 1, Failures: 0, Errors: 0, Skipped: 0, Time elapsed: 0.432 sec - in org.asynchttpclient.netty.channel.KQueueTransportFactory_ESTest
Running org.asynchttpclient.netty.channel.NioTransportFactory_ESTest
Tests run: 7, Failures: 0, Errors: 0, Skipped: 0, Time elapsed: 0.521 sec - in org.asynchttpclient.netty.channel.NioTransportFactory_ESTest
Running org.asynchttpclient.netty.channel.NoopConnectionSemaphore_ESTest
Tests run: 2, Failures: 0, Errors: 0, Skipped: 0, Time elapsed: 0.004 sec - in org.asynchttpclient.netty.channel.NoopConnectionSemaphore_ESTest
Running org.asynchttpclient.netty.channel.DefaultChannelPool_ESTest
Tests run: 44, Failures: 9, Errors: 0, Skipped: 0, Time elapsed: 1.801 sec <<< FAILURE! - in org.asynchttpclient.netty.channel.DefaultChannelPool_ESTest
test19(org.asynchttpclient.netty.channel.DefaultChannelPool_ESTest)  Time elapsed: 0.006 sec  <<< FAILURE!
java.lang.AssertionError: null
	at org.junit.Assert.fail(Assert.java:86)
	at org.junit.Assert.assertTrue(Assert.java:41)
	at org.junit.Assert.assertFalse(Assert.java:64)
	at org.junit.Assert.assertFalse(Assert.java:74)
	at org.asynchttpclient.netty.channel.DefaultChannelPool_ESTest.test19(DefaultChannelPool_ESTest.java:333)

test34(org.asynchttpclient.netty.channel.DefaultChannelPool_ESTest)  Time elapsed: 0.004 sec  <<< FAILURE!
java.lang.AssertionError: expected:<1> but was:<0>
	at org.junit.Assert.fail(Assert.java:88)
	at org.junit.Assert.failNotEquals(Assert.java:834)
	at org.junit.Assert.assertEquals(Assert.java:645)
	at org.junit.Assert.assertEquals(Assert.java:631)
	at org.asynchttpclient.netty.channel.DefaultChannelPool_ESTest.test34(DefaultChannelPool_ESTest.java:499)

test38(org.asynchttpclient.netty.channel.DefaultChannelPool_ESTest)  Time elapsed: 0.004 sec  <<< FAILURE!
java.lang.AssertionError: null
	at org.junit.Assert.fail(Assert.java:86)
	at org.junit.Assert.assertTrue(Assert.java:41)
	at org.junit.Assert.assertTrue(Assert.java:52)
	at org.asynchttpclient.netty.channel.DefaultChannelPool_ESTest.test38(DefaultChannelPool_ESTest.java:537)

test36(org.asynchttpclient.netty.channel.DefaultChannelPool_ESTest)  Time elapsed: 0.004 sec  <<< FAILURE!
java.lang.AssertionError: null
	at org.junit.Assert.fail(Assert.java:86)
	at org.junit.Assert.assertTrue(Assert.java:41)
	at org.junit.Assert.assertFalse(Assert.java:64)
	at org.junit.Assert.assertFalse(Assert.java:74)
	at org.asynchttpclient.netty.channel.DefaultChannelPool_ESTest.test36(DefaultChannelPool_ESTest.java:520)

test2(org.asynchttpclient.netty.channel.DefaultChannelPool_ESTest)  Time elapsed: 0.005 sec  <<< FAILURE!
java.lang.AssertionError: null
	at org.junit.Assert.fail(Assert.java:86)
	at org.junit.Assert.assertTrue(Assert.java:41)
	at org.junit.Assert.assertFalse(Assert.java:64)
	at org.junit.Assert.assertFalse(Assert.java:74)
	at org.asynchttpclient.netty.channel.DefaultChannelPool_ESTest.test2(DefaultChannelPool_ESTest.java:75)

test22(org.asynchttpclient.netty.channel.DefaultChannelPool_ESTest)  Time elapsed: 0.004 sec  <<< FAILURE!
java.lang.AssertionError: null
	at org.junit.Assert.fail(Assert.java:86)
	at org.junit.Assert.assertTrue(Assert.java:41)
	at org.junit.Assert.assertTrue(Assert.java:52)
	at org.asynchttpclient.netty.channel.DefaultChannelPool_ESTest.test22(DefaultChannelPool_ESTest.java:367)

test20(org.asynchttpclient.netty.channel.DefaultChannelPool_ESTest)  Time elapsed: 0.003 sec  <<< FAILURE!
java.lang.AssertionError: null
	at org.junit.Assert.fail(Assert.java:86)
	at org.junit.Assert.assertTrue(Assert.java:41)
	at org.junit.Assert.assertTrue(Assert.java:52)
	at org.asynchttpclient.netty.channel.DefaultChannelPool_ESTest.test20(DefaultChannelPool_ESTest.java:342)

test24(org.asynchttpclient.netty.channel.DefaultChannelPool_ESTest)  Time elapsed: 0.003 sec  <<< FAILURE!
java.lang.AssertionError: null
	at org.junit.Assert.fail(Assert.java:86)
	at org.junit.Assert.assertTrue(Assert.java:41)
	at org.junit.Assert.assertTrue(Assert.java:52)
	at org.asynchttpclient.netty.channel.DefaultChannelPool_ESTest.test24(DefaultChannelPool_ESTest.java:383)

test25(org.asynchttpclient.netty.channel.DefaultChannelPool_ESTest)  Time elapsed: 0.005 sec  <<< FAILURE!
java.lang.AssertionError: null
	at org.junit.Assert.fail(Assert.java:86)
	at org.junit.Assert.assertTrue(Assert.java:41)
	at org.junit.Assert.assertTrue(Assert.java:52)
	at org.asynchttpclient.netty.channel.DefaultChannelPool_ESTest.test25(DefaultChannelPool_ESTest.java:393)

Running org.asynchttpclient.netty.channel.Channels_ESTest
Tests run: 20, Failures: 4, Errors: 0, Skipped: 0, Time elapsed: 0.685 sec <<< FAILURE! - in org.asynchttpclient.netty.channel.Channels_ESTest
test10(org.asynchttpclient.netty.channel.Channels_ESTest)  Time elapsed: 0.011 sec  <<< FAILURE!
java.lang.AssertionError: null
	at org.junit.Assert.fail(Assert.java:86)
	at org.junit.Assert.assertTrue(Assert.java:41)
	at org.junit.Assert.assertTrue(Assert.java:52)
	at org.asynchttpclient.netty.channel.Channels_ESTest.test10(Channels_ESTest.java:131)

test11(org.asynchttpclient.netty.channel.Channels_ESTest)  Time elapsed: 0.003 sec  <<< FAILURE!
java.lang.AssertionError: null
	at org.junit.Assert.fail(Assert.java:86)
	at org.junit.Assert.assertTrue(Assert.java:41)
	at org.junit.Assert.assertTrue(Assert.java:52)
	at org.asynchttpclient.netty.channel.Channels_ESTest.test11(Channels_ESTest.java:136)

test14(org.asynchttpclient.netty.channel.Channels_ESTest)  Time elapsed: 0.004 sec  <<< FAILURE!
java.lang.AssertionError: null
	at org.junit.Assert.fail(Assert.java:86)
	at org.junit.Assert.assertTrue(Assert.java:41)
	at org.junit.Assert.assertTrue(Assert.java:52)
	at org.asynchttpclient.netty.channel.Channels_ESTest.test14(Channels_ESTest.java:154)

test16(org.asynchttpclient.netty.channel.Channels_ESTest)  Time elapsed: 0.004 sec  <<< FAILURE!
java.lang.AssertionError: null
	at org.junit.Assert.fail(Assert.java:86)
	at org.junit.Assert.assertTrue(Assert.java:41)
	at org.junit.Assert.assertNotNull(Assert.java:712)
	at org.junit.Assert.assertNotNull(Assert.java:722)
	at org.asynchttpclient.netty.channel.Channels_ESTest.test16(Channels_ESTest.java:167)

Running org.asynchttpclient.netty.channel.PerHostConnectionSemaphore_ESTest
Tests run: 12, Failures: 0, Errors: 0, Skipped: 0, Time elapsed: 0 sec - in org.asynchttpclient.netty.channel.PerHostConnectionSemaphore_ESTest
Running org.asynchttpclient.netty.NettyResponseFuture_ESTest
Tests run: 17, Failures: 0, Errors: 0, Skipped: 0, Time elapsed: 0.919 sec - in org.asynchttpclient.netty.NettyResponseFuture_ESTest
Running org.asynchttpclient.netty.timeout.RequestTimeoutTimerTask_ESTest
Tests run: 1, Failures: 0, Errors: 0, Skipped: 0, Time elapsed: 0.01 sec - in org.asynchttpclient.netty.timeout.RequestTimeoutTimerTask_ESTest
Running org.asynchttpclient.netty.timeout.TimeoutTimerTask_ESTest
Tests run: 1, Failures: 0, Errors: 0, Skipped: 0, Time elapsed: 0.003 sec - in org.asynchttpclient.netty.timeout.TimeoutTimerTask_ESTest
Running org.asynchttpclient.netty.timeout.ReadTimeoutTimerTask_ESTest
Tests run: 1, Failures: 0, Errors: 0, Skipped: 0, Time elapsed: 0.061 sec - in org.asynchttpclient.netty.timeout.ReadTimeoutTimerTask_ESTest
Running org.asynchttpclient.netty.timeout.TimeoutsHolder_ESTest
Tests run: 1, Failures: 0, Errors: 0, Skipped: 0, Time elapsed: 0.011 sec - in org.asynchttpclient.netty.timeout.TimeoutsHolder_ESTest
Running org.asynchttpclient.netty.handler.intercept.Interceptors_ESTest
Tests run: 1, Failures: 0, Errors: 0, Skipped: 0, Time elapsed: 0.08 sec - in org.asynchttpclient.netty.handler.intercept.Interceptors_ESTest
Running org.asynchttpclient.netty.handler.intercept.Unauthorized401Interceptor_ESTest
Tests run: 1, Failures: 0, Errors: 0, Skipped: 0, Time elapsed: 0.085 sec - in org.asynchttpclient.netty.handler.intercept.Unauthorized401Interceptor_ESTest
Running org.asynchttpclient.netty.handler.intercept.ProxyUnauthorized407Interceptor_ESTest
Tests run: 1, Failures: 0, Errors: 0, Skipped: 0, Time elapsed: 0.083 sec - in org.asynchttpclient.netty.handler.intercept.ProxyUnauthorized407Interceptor_ESTest
Running org.asynchttpclient.netty.handler.intercept.Redirect30xInterceptor_ESTest
Tests run: 2, Failures: 0, Errors: 0, Skipped: 0, Time elapsed: 1.722 sec - in org.asynchttpclient.netty.handler.intercept.Redirect30xInterceptor_ESTest
Running org.asynchttpclient.netty.handler.intercept.Continue100Interceptor_ESTest
Tests run: 2, Failures: 0, Errors: 0, Skipped: 0, Time elapsed: 0.687 sec - in org.asynchttpclient.netty.handler.intercept.Continue100Interceptor_ESTest
Running org.asynchttpclient.netty.handler.intercept.ResponseFiltersInterceptor_ESTest
Tests run: 1, Failures: 0, Errors: 0, Skipped: 0, Time elapsed: 0.365 sec - in org.asynchttpclient.netty.handler.intercept.ResponseFiltersInterceptor_ESTest
Running org.asynchttpclient.netty.handler.HttpHandler_ESTest
Tests run: 2, Failures: 0, Errors: 0, Skipped: 0, Time elapsed: 1.107 sec - in org.asynchttpclient.netty.handler.HttpHandler_ESTest
Running org.asynchttpclient.netty.handler.WebSocketHandler_ESTest
Tests run: 2, Failures: 0, Errors: 0, Skipped: 0, Time elapsed: 0.688 sec - in org.asynchttpclient.netty.handler.WebSocketHandler_ESTest
Running org.asynchttpclient.netty.handler.StreamedResponsePublisher_ESTest
Tests run: 11, Failures: 2, Errors: 0, Skipped: 0, Time elapsed: 0.274 sec <<< FAILURE! - in org.asynchttpclient.netty.handler.StreamedResponsePublisher_ESTest
test8(org.asynchttpclient.netty.handler.StreamedResponsePublisher_ESTest)  Time elapsed: 0 sec  <<< FAILURE!
java.lang.AssertionError: null
	at org.junit.Assert.fail(Assert.java:86)
	at org.junit.Assert.assertTrue(Assert.java:41)
	at org.junit.Assert.assertTrue(Assert.java:52)
	at org.asynchttpclient.netty.handler.StreamedResponsePublisher_ESTest.test8(StreamedResponsePublisher_ESTest.java:150)

test1(org.asynchttpclient.netty.handler.StreamedResponsePublisher_ESTest)  Time elapsed: 0 sec  <<< FAILURE!
java.lang.AssertionError: null
	at org.junit.Assert.fail(Assert.java:86)
	at org.junit.Assert.assertTrue(Assert.java:41)
	at org.junit.Assert.assertTrue(Assert.java:52)
	at org.asynchttpclient.netty.handler.StreamedResponsePublisher_ESTest.test1(StreamedResponsePublisher_ESTest.java:50)

Running org.asynchttpclient.netty.handler.AsyncHttpClientHandler_ESTest
Tests run: 1, Failures: 0, Errors: 0, Skipped: 0, Time elapsed: 0.935 sec - in org.asynchttpclient.netty.handler.AsyncHttpClientHandler_ESTest
Running org.asynchttpclient.netty.future.StackTraceInspector_ESTest
Tests run: 32, Failures: 15, Errors: 0, Skipped: 0, Time elapsed: 0.038 sec <<< FAILURE! - in org.asynchttpclient.netty.future.StackTraceInspector_ESTest
test18(org.asynchttpclient.netty.future.StackTraceInspector_ESTest)  Time elapsed: 0.023 sec  <<< FAILURE!
java.lang.AssertionError: null
	at org.junit.Assert.fail(Assert.java:86)
	at org.junit.Assert.assertTrue(Assert.java:41)
	at org.junit.Assert.assertTrue(Assert.java:52)
	at org.asynchttpclient.netty.future.StackTraceInspector_ESTest.test18(StackTraceInspector_ESTest.java:292)

test17(org.asynchttpclient.netty.future.StackTraceInspector_ESTest)  Time elapsed: 0.001 sec  <<< FAILURE!
java.lang.AssertionError: null
	at org.junit.Assert.fail(Assert.java:86)
	at org.junit.Assert.assertTrue(Assert.java:41)
	at org.junit.Assert.assertTrue(Assert.java:52)
	at org.asynchttpclient.netty.future.StackTraceInspector_ESTest.test17(StackTraceInspector_ESTest.java:286)

test14(org.asynchttpclient.netty.future.StackTraceInspector_ESTest)  Time elapsed: 0 sec  <<< FAILURE!
java.lang.AssertionError: null
	at org.junit.Assert.fail(Assert.java:86)
	at org.junit.Assert.assertTrue(Assert.java:41)
	at org.junit.Assert.assertTrue(Assert.java:52)
	at org.asynchttpclient.netty.future.StackTraceInspector_ESTest.test14(StackTraceInspector_ESTest.java:247)

test11(org.asynchttpclient.netty.future.StackTraceInspector_ESTest)  Time elapsed: 0.001 sec  <<< FAILURE!
java.lang.AssertionError: null
	at org.junit.Assert.fail(Assert.java:86)
	at org.junit.Assert.assertTrue(Assert.java:41)
	at org.junit.Assert.assertTrue(Assert.java:52)
	at org.asynchttpclient.netty.future.StackTraceInspector_ESTest.test11(StackTraceInspector_ESTest.java:205)

test10(org.asynchttpclient.netty.future.StackTraceInspector_ESTest)  Time elapsed: 0 sec  <<< FAILURE!
java.lang.AssertionError: null
	at org.junit.Assert.fail(Assert.java:86)
	at org.junit.Assert.assertTrue(Assert.java:41)
	at org.junit.Assert.assertTrue(Assert.java:52)
	at org.asynchttpclient.netty.future.StackTraceInspector_ESTest.test10(StackTraceInspector_ESTest.java:197)

test30(org.asynchttpclient.netty.future.StackTraceInspector_ESTest)  Time elapsed: 0 sec  <<< FAILURE!
java.lang.AssertionError: null
	at org.junit.Assert.fail(Assert.java:86)
	at org.junit.Assert.assertTrue(Assert.java:41)
	at org.junit.Assert.assertTrue(Assert.java:52)
	at org.asynchttpclient.netty.future.StackTraceInspector_ESTest.test30(StackTraceInspector_ESTest.java:485)

test26(org.asynchttpclient.netty.future.StackTraceInspector_ESTest)  Time elapsed: 0.001 sec  <<< FAILURE!
java.lang.AssertionError: null
	at org.junit.Assert.fail(Assert.java:86)
	at org.junit.Assert.assertTrue(Assert.java:41)
	at org.junit.Assert.assertTrue(Assert.java:52)
	at org.asynchttpclient.netty.future.StackTraceInspector_ESTest.test26(StackTraceInspector_ESTest.java:429)

test24(org.asynchttpclient.netty.future.StackTraceInspector_ESTest)  Time elapsed: 0 sec  <<< FAILURE!
java.lang.AssertionError: null
	at org.junit.Assert.fail(Assert.java:86)
	at org.junit.Assert.assertTrue(Assert.java:41)
	at org.junit.Assert.assertTrue(Assert.java:52)
	at org.asynchttpclient.netty.future.StackTraceInspector_ESTest.test24(StackTraceInspector_ESTest.java:392)

test22(org.asynchttpclient.netty.future.StackTraceInspector_ESTest)  Time elapsed: 0 sec  <<< FAILURE!
java.lang.AssertionError: null
	at org.junit.Assert.fail(Assert.java:86)
	at org.junit.Assert.assertTrue(Assert.java:41)
	at org.junit.Assert.assertTrue(Assert.java:52)
	at org.asynchttpclient.netty.future.StackTraceInspector_ESTest.test22(StackTraceInspector_ESTest.java:366)

test20(org.asynchttpclient.netty.future.StackTraceInspector_ESTest)  Time elapsed: 0 sec  <<< FAILURE!
java.lang.AssertionError: null
	at org.junit.Assert.fail(Assert.java:86)
	at org.junit.Assert.assertTrue(Assert.java:41)
	at org.junit.Assert.assertTrue(Assert.java:52)
	at org.asynchttpclient.netty.future.StackTraceInspector_ESTest.test20(StackTraceInspector_ESTest.java:314)

test4(org.asynchttpclient.netty.future.StackTraceInspector_ESTest)  Time elapsed: 0.001 sec  <<< FAILURE!
java.lang.AssertionError: null
	at org.junit.Assert.fail(Assert.java:86)
	at org.junit.Assert.assertTrue(Assert.java:41)
	at org.junit.Assert.assertTrue(Assert.java:52)
	at org.asynchttpclient.netty.future.StackTraceInspector_ESTest.test4(StackTraceInspector_ESTest.java:101)

test5(org.asynchttpclient.netty.future.StackTraceInspector_ESTest)  Time elapsed: 0 sec  <<< FAILURE!
java.lang.AssertionError: null
	at org.junit.Assert.fail(Assert.java:86)
	at org.junit.Assert.assertTrue(Assert.java:41)
	at org.junit.Assert.assertTrue(Assert.java:52)
	at org.asynchttpclient.netty.future.StackTraceInspector_ESTest.test5(StackTraceInspector_ESTest.java:115)

test3(org.asynchttpclient.netty.future.StackTraceInspector_ESTest)  Time elapsed: 0 sec  <<< FAILURE!
java.lang.AssertionError: null
	at org.junit.Assert.fail(Assert.java:86)
	at org.junit.Assert.assertTrue(Assert.java:41)
	at org.junit.Assert.assertTrue(Assert.java:52)
	at org.asynchttpclient.netty.future.StackTraceInspector_ESTest.test3(StackTraceInspector_ESTest.java:88)

test8(org.asynchttpclient.netty.future.StackTraceInspector_ESTest)  Time elapsed: 0.001 sec  <<< FAILURE!
java.lang.AssertionError: null
	at org.junit.Assert.fail(Assert.java:86)
	at org.junit.Assert.assertTrue(Assert.java:41)
	at org.junit.Assert.assertTrue(Assert.java:52)
	at org.asynchttpclient.netty.future.StackTraceInspector_ESTest.test8(StackTraceInspector_ESTest.java:173)

test6(org.asynchttpclient.netty.future.StackTraceInspector_ESTest)  Time elapsed: 0 sec  <<< FAILURE!
java.lang.AssertionError: null
	at org.junit.Assert.fail(Assert.java:86)
	at org.junit.Assert.assertTrue(Assert.java:41)
	at org.junit.Assert.assertTrue(Assert.java:52)
	at org.asynchttpclient.netty.future.StackTraceInspector_ESTest.test6(StackTraceInspector_ESTest.java:123)

Running org.asynchttpclient.netty.ssl.DefaultSslEngineFactory_ESTest
Tests run: 10, Failures: 1, Errors: 0, Skipped: 0, Time elapsed: 0.599 sec <<< FAILURE! - in org.asynchttpclient.netty.ssl.DefaultSslEngineFactory_ESTest
test0(org.asynchttpclient.netty.ssl.DefaultSslEngineFactory_ESTest)  Time elapsed: 0.003 sec  <<< FAILURE!
java.lang.AssertionError: null
	at org.junit.Assert.fail(Assert.java:86)
	at org.junit.Assert.assertTrue(Assert.java:41)
	at org.junit.Assert.assertNotNull(Assert.java:712)
	at org.junit.Assert.assertNotNull(Assert.java:722)
	at org.asynchttpclient.netty.ssl.DefaultSslEngineFactory_ESTest.test0(DefaultSslEngineFactory_ESTest.java:29)

Running org.asynchttpclient.netty.ssl.SslEngineFactoryBase_ESTest
Tests run: 7, Failures: 0, Errors: 0, Skipped: 0, Time elapsed: 0.518 sec - in org.asynchttpclient.netty.ssl.SslEngineFactoryBase_ESTest
Running org.asynchttpclient.netty.ssl.JsseSslEngineFactory_ESTest
Tests run: 4, Failures: 0, Errors: 0, Skipped: 0, Time elapsed: 0.162 sec - in org.asynchttpclient.netty.ssl.JsseSslEngineFactory_ESTest

Results :

Failed tests: 
  UriParser_ESTest.test6:87 expected:<0> but was:<80>
  Uri_ESTest.test611:4023 expected:<1> but was:<443>
  Uri_ESTest.test622:4089 null
  Uri_ESTest.test624:4101 null
  Uri_ESTest.test621:4083 null
  Uri_ESTest.test626:4113 null
  Uri_ESTest.test512:3381 expected:<0> but was:<-2084441645>
  Uri_ESTest.test635:4182 expected:<0> but was:<80>
  Uri_ESTest.test511:3375 null
  Uri_ESTest.test637:4196 null
  Uri_ESTest.test402:2592 expected:<0> but was:<-1073741822>
  Uri_ESTest.test525:3465 expected:<0> but was:<80>
  Uri_ESTest.test520:3429 expected:<0> but was:<-1073741822>
  Uri_ESTest.test521:3435 null
  Uri_ESTest.test650:4282 null
  Uri_ESTest.test656:4318 expected:<0> but was:<443>
  Uri_ESTest.test536:3547 expected:<0> but was:<1334>
  Uri_ESTest.test658:4330 expected:<0> but was:<13>
  Uri_ESTest.test411:2664 expected:<0> but was:<263>
  Uri_ESTest.test532:3521 expected:<0> but was:<-1073741822>
  Uri_ESTest.test533:3529 expected:<0> but was:<443>
  Uri_ESTest.test84:544 expected:<1> but was:<0>
  Uri_ESTest.test539:3565 null
  Uri_ESTest.test303:1942 null
  Uri_ESTest.test305:1954 expected:<0> but was:<-4>
  Uri_ESTest.test664:4373 expected:<1> but was:<80>
  Uri_ESTest.test94:604 expected:<0> but was:<80>
  Uri_ESTest.test95:610 expected:<0> but was:<91>
  Uri_ESTest.test429:2806 null
  Uri_ESTest.test97:624 null
  Uri_ESTest.test438:2869 null
  Uri_ESTest.test318:2032 null
  Uri_ESTest.test562:3709 null
  Uri_ESTest.test204:1253 expected:<0> but was:<11>
  Uri_ESTest.test569:3758 null
  Uri_ESTest.test200:1233 null
  Uri_ESTest.test442:2897 expected:<0> but was:<1951>
  Uri_ESTest.test323:2062 expected:<1> but was:<80>
  Uri_ESTest.test330:2104 expected:<0> but was:<80>
  Uri_ESTest.test452:2977 expected:<0> but was:<-1073741822>
  Uri_ESTest.test40:275 null
  Uri_ESTest.test47:320 expected:<0> but was:<80>
  Uri_ESTest.test43:293 null
  Uri_ESTest.test42:287 expected:<1> but was:<80>
  Uri_ESTest.test53:358 expected:<0> but was:<80>
  Uri_ESTest.test56:376 null
  Uri_ESTest.test68:448 expected:<1> but was:<-2084441635>
  Uri_ESTest.test64:424 null
  Uri_ESTest.test79:514 expected:<0> but was:<80>
  Uri_ESTest.test13:113 null
  Uri_ESTest.test18:143 expected:<0> but was:<443>
  Uri_ESTest.test24:179 null
  Uri_ESTest.test604:3981 expected:<1> but was:<80>
  Uri_ESTest.test36:251 expected:<0> but was:<512>
  Uri_ESTest.test38:263 expected:<0> but was:<512>
  Uri_ESTest.test34:239 null
  Uri_ESTest.test187:1168 null
  Uri_ESTest.test182:1141 expected:<0> but was:<512>
  Uri_ESTest.test183:1147 null
  Uri_ESTest.test578:3821 null
  Uri_ESTest.test339:2158 expected:<0> but was:<787>
  Uri_ESTest.test574:3793 null
  Uri_ESTest.test575:3800 null
  Uri_ESTest.test334:2128 null
  Uri_ESTest.test219:1418 expected:<1> but was:<80>
  Uri_ESTest.test461:3042 expected:<0> but was:<-2236>
  Uri_ESTest.test105:679 null
  Uri_ESTest.test101:652 null
  Uri_ESTest.test343:2186 null
  Uri_ESTest.test102:659 expected:<0> but was:<64>
  Uri_ESTest.test223:1442 null
  Uri_ESTest.test344:2193 expected:<1> but was:<80>
  Uri_ESTest.test586:3873 expected:<0> but was:<80>
  Uri_ESTest.test587:3879 null
  Uri_ESTest.test104:673 expected:<0> but was:<64>
  Uri_ESTest.test592:3909 null
  Uri_ESTest.test351:2239 expected:<0> but was:<1951>
  Uri_ESTest.test472:3119 expected:<0> but was:<80>
  Uri_ESTest.test595:3927 expected:<0> but was:<80>
  Uri_ESTest.test237:1532 expected:<1> but was:<-4>
  Uri_ESTest.test238:1538 expected:<0> but was:<443>
  Uri_ESTest.test112:721 expected:<0> but was:<-1448>
  Uri_ESTest.test6:68 null
  Uri_ESTest.test113:727 null
  Uri_ESTest.test7:75 expected:<0> but was:<1626>
  Uri_ESTest.test235:1520 expected:<1> but was:<91>
  Uri_ESTest.test115:739 null
  Uri_ESTest.test9:89 null
  Uri_ESTest.test121:775 expected:<1> but was:<80>
  Uri_ESTest.test484:3203 null
  Uri_ESTest.test122:781 expected:<0> but was:<24>
  Uri_ESTest.test480:3175 expected:<0> but was:<80>
  Uri_ESTest.test129:823 expected:<1> but was:<80>
  Uri_ESTest.test367:2337 expected:<0> but was:<80>
  Uri_ESTest.test126:805 null
  Uri_ESTest.test133:847 expected:<1> but was:<80>
  Uri_ESTest.test376:2400 expected:<0> but was:<-2761>
  Uri_ESTest.test137:871 expected:<0> but was:<1598>
  Uri_ESTest.test262:1682 null
  Uri_ESTest.test144:913 expected:<0> but was:<80>
  Uri_ESTest.test260:1670 null
  Uri_ESTest.test147:931 expected:<1> but was:<1626>
  Uri_ESTest.test389:2491 expected:<0> but was:<-2761>
  Uri_ESTest.test395:2536 expected:<0> but was:<80>
  Uri_ESTest.test391:2505 expected:<0> but was:<80>
  Uri_ESTest.test158:997 null
  Uri_ESTest.test165:1039 expected:<0> but was:<512>
  Uri_ESTest.test282:1816 expected:<1> but was:<0>
  Uri_ESTest.test169:1063 null
  Uri_ESTest.test174:1093 expected:<1> but was:<80>
  Uri_ESTest.test297:1906 null
  Uri_ESTest.test177:1111 expected:<0> but was:<512>
  Uri_ESTest.test171:1075 expected:<1> but was:<0>
  HostStats_ESTest.test30:217 expected:<0> but was:<104>
  HostStats_ESTest.test13:107 expected:<1> but was:<-3556>
  HostStats_ESTest.test16:125 expected:<0> but was:<-344>
  HostStats_ESTest.test15:119 expected:<1> but was:<-344>
  HostStats_ESTest.test32:229 null
  HostStats_ESTest.test34:241 expected:<0> but was:<104>
  HostStats_ESTest.test0:23 null
  HostStats_ESTest.test6:65 null
  HostStats_ESTest.test8:77 expected:<0> but was:<4562>
  HostStats_ESTest.test24:178 expected:<0> but was:<58>
  HostStats_ESTest.test26:192 null
  HostStats_ESTest.test22:164 null
  HostStats_ESTest.test29:211 expected:<0> but was:<-1310>
  HostStats_ESTest.test28:205 null
  ThreadSafeCookieStore_ESTest.test5:115 expected:<1> but was:<0>
  ThreadSafeCookieStore_ESTest.test24:294 null
  ThreadSafeCookieStore_ESTest.test27:332 null
  ThreadSafeCookieStore_ESTest.test18:211 null
  RequestToken_ESTest.test0:22 null
  ConsumerKey_ESTest.test0:22 null
  Parameter_ESTest.test0:24 null
  Parameter_ESTest.test12:122 expected:<0> but was:<-48>
  Parameter_ESTest.test11:115 null
  Parameter_ESTest.test2:37 expected:<1> but was:<0>
  Parameter_ESTest.test3:44 expected:<1> but was:<2>
  Parameter_ESTest.test8:96 null
  Parameter_ESTest.test9:102 null
  AsyncCompletionHandlerBase_ESTest.test0:31 null
  WebSocketUpgradeHandler_ESTest.test14:162 null
  NamePasswordCallbackHandler_ESTest.test3:69 null
  DateUtils_ESTest.test1:29 expected:<1> but was:<-1>
  DateUtils_ESTest.test2:34 expected:<0> but was:<1392409281320>
  HttpUtils_ESTest.test44:275 expected:<0> but was:<318>
  HttpUtils_ESTest.test42:263 null
  HttpUtils_ESTest.test51:317 expected:<0> but was:<80>
  HttpUtils_ESTest.test69:413 null
  HttpUtils_ESTest.test252:1784 null
  HttpUtils_ESTest.test130:857 expected:<0> but was:<1>
  HttpUtils_ESTest.test251:1777 expected:<0> but was:<-1>
  HttpUtils_ESTest.test77:461 expected:<0> but was:<-403371614>
  HttpUtils_ESTest.test70:419 expected:<0> but was:<-403371614>
  HttpUtils_ESTest.test74:443 null
  HttpUtils_ESTest.test71:425 expected:<0> but was:<80>
  HttpUtils_ESTest.test129:847 null
  HttpUtils_ESTest.test249:1763 null
  HttpUtils_ESTest.test127:827 expected:<0> but was:<10>
  HttpUtils_ESTest.test248:1756 expected:<0> but was:<80>
  HttpUtils_ESTest.test261:1847 expected:<0> but was:<-1>
  HttpUtils_ESTest.test265:1875 expected:<0> but was:<443>
  HttpUtils_ESTest.test142:977 expected:<0> but was:<5>
  HttpUtils_ESTest.test141:967 expected:<1> but was:<5>
  HttpUtils_ESTest.test257:1819 expected:<0> but was:<80>
  HttpUtils_ESTest.test139:947 null
  HttpUtils_ESTest.test259:1833 expected:<0> but was:<443>
  HttpUtils_ESTest.test19:137 expected:<0> but was:<815>
  HttpUtils_ESTest.test17:125 expected:<0> but was:<815>
  HttpUtils_ESTest.test267:1889 null
  HttpUtils_ESTest.test266:1882 null
  HttpUtils_ESTest.test286:1995 null
  HttpUtils_ESTest.test23:161 null
  HttpUtils_ESTest.test27:185 expected:<0> but was:<80>
  HttpUtils_ESTest.test290:2019 expected:<0> but was:<61>
  HttpUtils_ESTest.test289:2013 expected:<0> but was:<61>
  HttpUtils_ESTest.test288:2007 expected:<0> but was:<80>
  HttpUtils_ESTest.test181:1287 null
  HttpUtils_ESTest.test195:1427 expected:<0> but was:<22>
  HttpUtils_ESTest.test194:1417 expected:<1> but was:<22>
  HttpUtils_ESTest.test198:1457 expected:<0> but was:<22>
  HttpUtils_ESTest.test189:1367 null
  HttpUtils_ESTest.test320:2187 null
  HttpUtils_ESTest.test310:2127 expected:<0> but was:<-1>
  HttpUtils_ESTest.test315:2157 expected:<0> but was:<80>
  HttpUtils_ESTest.test314:2151 null
  HttpUtils_ESTest.test205:1505 null
  HttpUtils_ESTest.test204:1500 null
  AuthenticatorUtils_ESTest.test34:504 null
  AuthenticatorUtils_ESTest.test19:326 null
  MiscUtils_ESTest.test20:168 null
  MiscUtils_ESTest.test21:173 null
  MiscUtils_ESTest.test23:185 null
  MiscUtils_ESTest.test24:190 null
  MiscUtils_ESTest.test25:195 null
  MiscUtils_ESTest.test7:91 null
  MiscUtils_ESTest.test12:119 null
  MiscUtils_ESTest.test14:132 null
  MiscUtils_ESTest.test15:137 null
  MiscUtils_ESTest.test17:151 null
  MiscUtils_ESTest.test18:156 null
  StringUtils_ESTest.test3:56 expected:<1> but was:<0>
  NoopChannelPool_ESTest.test3:41 null
  NoopChannelPool_ESTest.test4:48 null
  NoopChannelPool_ESTest.test7:67 null
  NtlmEngine_ESTest.test16:167 expected:<0> but was:<-1275068433>
  NtlmEngine_ESTest.test3:42 expected:<0> but was:<2382>
  Param_ESTest.test8:99 null
  Param_ESTest.test3:45 null
  Param_ESTest.test23:200 null
  Param_ESTest.test20:181 expected:<0> but was:<1>
  Param_ESTest.test18:167 null
  Param_ESTest.test12:127 null
  Param_ESTest.test10:113 null
  Param_ESTest.test16:154 null
  Param_ESTest.test14:141 null
  BoundRequestBuilder_ESTest.test5:99 null
  BodyDeferringAsyncHandler_ESTest.test6:129 null
  TransferCompletionHandler_ESTest.test1:53 null
  ResumableAsyncHandler_ESTest.test13:176 null
  ResumableAsyncHandler_ESTest.test19:245 null
  ClientStats_ESTest.test16:194 null
  ClientStats_ESTest.test14:180 null
  ClientStats_ESTest.test11:158 expected:<1> but was:<0>
  ClientStats_ESTest.test12:165 expected:<1> but was:<0>
  ClientStats_ESTest.test5:74 expected:<1> but was:<-1665>
  ClientStats_ESTest.test4:65 expected:<1> but was:<327>
  ClientStats_ESTest.test3:56 expected:<1> but was:<-2926>
  ClientStats_ESTest.test2:47 expected:<1> but was:<2>
  InputStreamPart_ESTest.test10:146 expected:<0> but was:<-1>
  InputStreamPart_ESTest.test6:109 expected:<1> but was:<1327>
  InputStreamPart_ESTest.test8:126 expected:<0> but was:<2429>
  FilePart_ESTest.test3:57 expected:<1> but was:<0>
  FilePart_ESTest.test2:49 null
  FilePart_ESTest.test1:40 null
  PartBase_ESTest.test26:227 null
  PartBase_ESTest.test30:254 null
  PartBase_ESTest.test38:309 null
  StringMultipartPart_ESTest.test14:275 expected:<0> but was:<13>
  StringMultipartPart_ESTest.test13:256 expected:<1> but was:<0>
  StringMultipartPart_ESTest.test15:283 expected:<1> but was:<7>
  MessageEndMultipartPart_ESTest.test3:74 expected:<0> but was:<7>
  MessageEndMultipartPart_ESTest.test2:67 expected:<1> but was:<8>
  MessageEndMultipartPart_ESTest.test4:81 expected:<1> but was:<0>
  MessageEndMultipartPart_ESTest.test1:58 expected:<1> but was:<15>
  InputStreamMultipartPart_ESTest.test28:575 expected:<1> but was:<3>
  InputStreamMultipartPart_ESTest.test26:551 expected:<1> but was:<3>
  InputStreamMultipartPart_ESTest.test24:529 expected:<1> but was:<0>
  InputStreamMultipartPart_ESTest.test23:516 null
  InputStreamMultipartPart_ESTest.test4:142 expected:<1> but was:<0>
  InputStreamMultipartPart_ESTest.test5:151 expected:<0> but was:<44>
  InputStreamMultipartPart_ESTest.test3:131 expected:<1> but was:<-1>
  InputStreamMultipartPart_ESTest.test6:161 expected:<1> but was:<-1>
  InputStreamMultipartPart_ESTest.test30:603 expected:<1> but was:<0>
  MultipartPart_ESTest.test5:109 expected:<0> but was:<56>
  MultipartPart_ESTest.test4:100 null
  MultipartPart_ESTest.test2:83 expected:<1> but was:<10>
  MultipartPart_ESTest.test9:150 null
  MultipartPart_ESTest.test8:141 null
  MultipartPart_ESTest.test7:129 expected:<1> but was:<0>
  MultipartPart_ESTest.test63:1012 expected:<1> but was:<0>
  MultipartPart_ESTest.test68:1067 expected:<1> but was:<-229>
  MultipartPart_ESTest.test69:1076 expected:<1> but was:<146>
  MultipartPart_ESTest.test67:1058 expected:<1> but was:<0>
  MultipartPart_ESTest.test65:1034 expected:<1> but was:<14>
  MultipartPart_ESTest.test71:1106 null
  MultipartPart_ESTest.test15:218 expected:<0> but was:<79>
  MultipartPart_ESTest.test13:198 expected:<1> but was:<2>
  MultipartPart_ESTest.test11:172 null
  MultipartPart_ESTest.test56:909 null
  MultipartPart_ESTest.test10:161 expected:<1> but was:<0>
  MultipartPart_ESTest.test17:236 expected:<1> but was:<2>
  FileMultipartPart_ESTest.test15:455 expected:<1> but was:<0>
  FileMultipartPart_ESTest.test3:141 expected:<1> but was:<64>
  FileMultipartPart_ESTest.test4:162 expected:<1> but was:<-1985>
  ByteArrayMultipartPart_ESTest.test8:224 expected:<0> but was:<5>
  InputStreamBodyGenerator_ESTest.test3:48 expected:<1> but was:<-1>
  InputStreamBodyGenerator_ESTest.test2:42 expected:<1> but was:<9223372036854775807>
  InputStreamBodyGenerator_ESTest.test5:60 expected:<1> but was:<-1>
  InputStreamBodyGenerator_ESTest.test4:54 expected:<0> but was:<-1>
  ReactiveStreamsBodyGenerator_ESTest.test7:78 expected:<0> but was:<1>
  ReactiveStreamsBodyGenerator_ESTest.test6:71 expected:<0> but was:<1>
  ReactiveStreamsBodyGenerator_ESTest.test5:63 expected:<0> but was:<1>
  ReactiveStreamsBodyGenerator_ESTest.test3:48 expected:<0> but was:<1>
  ReactiveStreamsBodyGenerator_ESTest.test2:40 expected:<1> but was:<-1954>
  ReactiveStreamsBodyGenerator_ESTest.test1:34 expected:<1> but was:<0>
  ReactiveStreamsBodyGenerator_ESTest.test0:28 null
  QueueBasedFeedableBodyGenerator_ESTest.test2:45 expected:<1> but was:<-1>
  ByteArrayBodyGenerator_ESTest.test4:75 expected:<org.asynchttpclient.request.body.generator.ByteArrayBodyGenerator$ByteBody@2> but was:<CONTINUE>
  ByteArrayBodyGenerator_ESTest.test6:91 expected:<1> but was:<14>
  ByteArrayBodyGenerator_ESTest.test1:42 null
  PushBody_ESTest.test13:218 expected:<1> but was:<-1>
  FileBodyGenerator_ESTest.test3:49 expected:<1> but was:<-2358>
  FileBodyGenerator_ESTest.test6:70 expected:<1> but was:<1000>
  FileBodyGenerator_ESTest.test15:155 expected:<0> but was:<-1>
  FileBodyGenerator_ESTest.test16:162 expected:<1> but was:<-1>
  FileBodyGenerator_ESTest.test11:121 expected:<1> but was:<0>
  FileBodyGenerator_ESTest.test12:128 expected:<0> but was:<-1>
  LazyResponseBodyPart_ESTest.test2:49 null
  LazyResponseBodyPart_ESTest.test11:164 null
  LazyResponseBodyPart_ESTest.test10:156 expected:<1> but was:<0>
  LazyResponseBodyPart_ESTest.test1:43 expected:<1> but was:<-898>
  NettyWebSocket_ESTest.test22:287 null
  NettyWebSocket_ESTest.test66:929 expected:<0> but was:<-102>
  NettyWebSocket_ESTest.test21:278 null
  NettyWebSocket_ESTest.test60:858 null
  NettyWebSocket_ESTest.test5:113 null
  NettyWebSocket_ESTest.test7:133 null
  NettyWebSocket_ESTest.test1:66 null
  NettyWebSocket_ESTest.test79:1082 null
  NettyWebSocket_ESTest.test88:1167 null
  NettyWebSocket_ESTest.test86:1148 null
  NettyWebSocket_ESTest.test85:1139 null
  NettyWebSocket_ESTest.test15:220 null
  NettyWebSocket_ESTest.test59:849 null
  NettyWebSocket_ESTest.test14:210 null
  NettyWebSocket_ESTest.test10:165 null
  NettyWebSocket_ESTest.test95:1228 null
  NettyWebSocket_ESTest.test93:1211 null
  NettyWebSocket_ESTest.test94:1221 null
  NettyWebSocket_ESTest.test91:1193 null
  NettyWebSocket_ESTest.test92:1202 null
  NettyWebSocket_ESTest.test90:1183 null
  InfiniteSemaphore_ESTest.test9:79 expected:<0> but was:<2147483647>
  InfiniteSemaphore_ESTest.test11:91 expected:<0> but was:<2147483647>
  ChannelManager_ESTest.test10:290 null
  DefaultChannelPool_ESTest.test19:333 null
  DefaultChannelPool_ESTest.test34:499 expected:<1> but was:<0>
  DefaultChannelPool_ESTest.test38:537 null
  DefaultChannelPool_ESTest.test36:520 null
  DefaultChannelPool_ESTest.test2:75 null
  DefaultChannelPool_ESTest.test22:367 null
  DefaultChannelPool_ESTest.test20:342 null
  DefaultChannelPool_ESTest.test24:383 null
  DefaultChannelPool_ESTest.test25:393 null
  Channels_ESTest.test10:131 null
  Channels_ESTest.test11:136 null
  Channels_ESTest.test14:154 null
  Channels_ESTest.test16:167 null
  StreamedResponsePublisher_ESTest.test8:150 null
  StreamedResponsePublisher_ESTest.test1:50 null
  StackTraceInspector_ESTest.test18:292 null
  StackTraceInspector_ESTest.test17:286 null
  StackTraceInspector_ESTest.test14:247 null
  StackTraceInspector_ESTest.test11:205 null
  StackTraceInspector_ESTest.test10:197 null
  StackTraceInspector_ESTest.test30:485 null
  StackTraceInspector_ESTest.test26:429 null
  StackTraceInspector_ESTest.test24:392 null
  StackTraceInspector_ESTest.test22:366 null
  StackTraceInspector_ESTest.test20:314 null
  StackTraceInspector_ESTest.test4:101 null
  StackTraceInspector_ESTest.test5:115 null
  StackTraceInspector_ESTest.test3:88 null
  StackTraceInspector_ESTest.test8:173 null
  StackTraceInspector_ESTest.test6:123 null
  DefaultSslEngineFactory_ESTest.test0:29 null

Tests in error: 
  Uri_ESTest>Uri_ESTest_scaffolding.doneWithTestCase:66->Uri_ESTest_scaffolding.resetClasses:99 » NullPointer
  Uri_ESTest>Uri_ESTest_scaffolding.initTestCase:54 » IllegalState Trying to set...

Tests run: 2301, Failures: 357, Errors: 2, Skipped: 0

[[1;34mINFO[m] 
[[1;34mINFO[m] [1m------------------------------------------------------------------------[m
[[1;34mINFO[m] [1mSkipping Asynchronous Http Client Extras Parent[m
[[1;34mINFO[m] This project has been banned from the build due to previous failures.
[[1;34mINFO[m] [1m------------------------------------------------------------------------[m
[[1;34mINFO[m] 
[[1;34mINFO[m] [1m------------------------------------------------------------------------[m
[[1;34mINFO[m] [1mSkipping Asynchronous Http Client Guava Extras[m
[[1;34mINFO[m] This project has been banned from the build due to previous failures.
[[1;34mINFO[m] [1m------------------------------------------------------------------------[m
[[1;34mINFO[m] 
[[1;34mINFO[m] [1m------------------------------------------------------------------------[m
[[1;34mINFO[m] [1mSkipping Asynchronous Http Client JDeferred Extras[m
[[1;34mINFO[m] This project has been banned from the build due to previous failures.
[[1;34mINFO[m] [1m------------------------------------------------------------------------[m
[[1;34mINFO[m] 
[[1;34mINFO[m] [1m------------------------------------------------------------------------[m
[[1;34mINFO[m] [1mSkipping Asynchronous Http Client Registry Extras[m
[[1;34mINFO[m] This project has been banned from the build due to previous failures.
[[1;34mINFO[m] [1m------------------------------------------------------------------------[m
[[1;34mINFO[m] 
[[1;34mINFO[m] [1m------------------------------------------------------------------------[m
[[1;34mINFO[m] [1mSkipping Asynchronous Http Client RxJava Extras[m
[[1;34mINFO[m] This project has been banned from the build due to previous failures.
[[1;34mINFO[m] [1m------------------------------------------------------------------------[m
[[1;34mINFO[m] 
[[1;34mINFO[m] [1m------------------------------------------------------------------------[m
[[1;34mINFO[m] [1mSkipping Asynchronous Http Client RxJava2 Extras[m
[[1;34mINFO[m] This project has been banned from the build due to previous failures.
[[1;34mINFO[m] [1m------------------------------------------------------------------------[m
[[1;34mINFO[m] 
[[1;34mINFO[m] [1m------------------------------------------------------------------------[m
[[1;34mINFO[m] [1mSkipping Asynchronous Http Simple Client[m
[[1;34mINFO[m] This project has been banned from the build due to previous failures.
[[1;34mINFO[m] [1m------------------------------------------------------------------------[m
[[1;34mINFO[m] 
[[1;34mINFO[m] [1m------------------------------------------------------------------------[m
[[1;34mINFO[m] [1mSkipping Asynchronous Http Client Retrofit2 Extras[m
[[1;34mINFO[m] This project has been banned from the build due to previous failures.
[[1;34mINFO[m] [1m------------------------------------------------------------------------[m
[[1;34mINFO[m] 
[[1;34mINFO[m] [1m------------------------------------------------------------------------[m
[[1;34mINFO[m] [1mSkipping Asynchronous Http Client Typesafe Config Extras[m
[[1;34mINFO[m] This project has been banned from the build due to previous failures.
[[1;34mINFO[m] [1m------------------------------------------------------------------------[m
[[1;34mINFO[m] 
[[1;34mINFO[m] [1m------------------------------------------------------------------------[m
[[1;34mINFO[m] [1mSkipping Asynchronous Http Client Example[m
[[1;34mINFO[m] This project has been banned from the build due to previous failures.
[[1;34mINFO[m] [1m------------------------------------------------------------------------[m
[[1;34mINFO[m] [1m------------------------------------------------------------------------[m
[[1;34mINFO[m] [1mReactor Summary for Asynchronous Http Client Project 2.12.3:[m
[[1;34mINFO[m] 
[[1;34mINFO[m] Asynchronous Http Client Project ................... [1;32mSUCCESS[m [  0.412 s]
[[1;34mINFO[m] Asynchronous Http Client Bill of Materials (BOM) ... [1;32mSUCCESS[m [  0.139 s]
[[1;34mINFO[m] Asynchronous Http Client Netty Utils ............... [1;32mSUCCESS[m [  0.464 s]
[[1;34mINFO[m] Asynchronous Http Client ........................... [1;31mFAILURE[m [ 41.627 s]
[[1;34mINFO[m] Asynchronous Http Client Extras Parent ............. [1;33mSKIPPED[m
[[1;34mINFO[m] Asynchronous Http Client Guava Extras .............. [1;33mSKIPPED[m
[[1;34mINFO[m] Asynchronous Http Client JDeferred Extras .......... [1;33mSKIPPED[m
[[1;34mINFO[m] Asynchronous Http Client Registry Extras ........... [1;33mSKIPPED[m
[[1;34mINFO[m] Asynchronous Http Client RxJava Extras ............. [1;33mSKIPPED[m
[[1;34mINFO[m] Asynchronous Http Client RxJava2 Extras ............ [1;33mSKIPPED[m
[[1;34mINFO[m] Asynchronous Http Simple Client .................... [1;33mSKIPPED[m
[[1;34mINFO[m] Asynchronous Http Client Retrofit2 Extras .......... [1;33mSKIPPED[m
[[1;34mINFO[m] Asynchronous Http Client Typesafe Config Extras .... [1;33mSKIPPED[m
[[1;34mINFO[m] Asynchronous Http Client Example ................... [1;33mSKIPPED[m
[[1;34mINFO[m] [1m------------------------------------------------------------------------[m
[[1;34mINFO[m] [1;31mBUILD FAILURE[m
[[1;34mINFO[m] [1m------------------------------------------------------------------------[m
[[1;34mINFO[m] Total time:  43.123 s
[[1;34mINFO[m] Finished at: 2022-10-17T16:59:23-04:00
[[1;34mINFO[m] [1m------------------------------------------------------------------------[m
[[1;31mERROR[m] Failed to execute goal [32morg.apache.maven.plugins:maven-surefire-plugin:2.17:test[m [1m(default-test)[m on project [36masync-http-client[m: [1;31mThere are test failures.[m
[[1;31mERROR[m] [1;31m[m
[[1;31mERROR[m] [1;31mPlease refer to /media/ISSTA_USER/extradrive1/toga-eval-issta-2023/oct172022/toga-eval-issta-2023/evosuite-artifacts/async-http-client/client/target/surefire-reports for the individual test results.[m
[[1;31mERROR[m] -> [1m[Help 1][m
[[1;31mERROR[m] 
[[1;31mERROR[m] To see the full stack trace of the errors, re-run Maven with the [1m-e[m switch.
[[1;31mERROR[m] Re-run Maven using the [1m-X[m switch to enable full debug logging.
[[1;31mERROR[m] 
[[1;31mERROR[m] For more information about the errors and possible solutions, please read the following articles:
[[1;31mERROR[m] [1m[Help 1][m http://cwiki.apache.org/confluence/display/MAVEN/MojoFailureException
[[1;31mERROR[m] 
[[1;31mERROR[m] After correcting the problems, you can resume the build with the command
[[1;31mERROR[m]   [1mmvn <args> -rf :async-http-client[m
